[ 2016-10-21T16:43:09+08:00 ] ::1 /knowledge_base/
INFO: [ app_init ] --START--
INFO: Run Behavior\BuildLiteBehavior [ RunTime:0.000027s ]
INFO: [ app_init ] --END-- [ RunTime:0.000853s ]
INFO: [ app_begin ] --START--
INFO: Run Behavior\ReadHtmlCacheBehavior [ RunTime:0.000742s ]
INFO: [ app_begin ] --END-- [ RunTime:0.000865s ]
SQL: SHOW COLUMNS FROM `kb_article` [ RunTime:0.0025s ]
SQL: SELECT COUNT(*) AS tp_count FROM `kb_article` LIMIT 1   [ RunTime:0.0004s ]
NOTIC: [8] Undefined variable: page E:\wamp64\www\knowledge_base\Application\Home\Controller\IndexController.class.php 第 77 行.
NOTIC: [8] Trying to get property of non-object E:\wamp64\www\knowledge_base\Application\Home\Controller\IndexController.class.php 第 77 行.
NOTIC: [8] Undefined variable: page E:\wamp64\www\knowledge_base\Application\Home\Controller\IndexController.class.php 第 77 行.
NOTIC: [8] Trying to get property of non-object E:\wamp64\www\knowledge_base\Application\Home\Controller\IndexController.class.php 第 77 行.
SQL: SELECT `title`,`author_name`,`date`,`thumbsup`,`comments_count`,`content`,`ar_id`,`tags_id` FROM `kb_article` ORDER BY ar_id desc  [ RunTime:0.0007s ]
SQL: SHOW COLUMNS FROM `kb_tags` [ RunTime:0.0008s ]
SQL: SELECT * FROM `kb_tags` WHERE `tags_id` = 5 LIMIT 1   [ RunTime:0.0005s ]
SQL: SELECT * FROM `kb_tags` WHERE `tags_id` = 1 LIMIT 1   [ RunTime:0.0004s ]
SQL: SELECT * FROM `kb_tags` WHERE `tags_id` = 3 LIMIT 1   [ RunTime:0.0003s ]
SQL: SELECT * FROM `kb_tags` WHERE `tags_id` = 5 LIMIT 1   [ RunTime:0.0002s ]
SQL: SELECT * FROM `kb_tags` WHERE `tags_id` = 2 LIMIT 1   [ RunTime:0.0003s ]
SQL: SELECT * FROM `kb_tags` WHERE `tags_id` = 3 LIMIT 1   [ RunTime:0.0003s ]
SQL: SELECT * FROM `kb_tags` WHERE `tags_id` = 4 LIMIT 1   [ RunTime:0.0002s ]
SQL: SELECT * FROM `kb_tags` WHERE `tags_id` = 5 LIMIT 1   [ RunTime:0.0003s ]
SQL: SELECT * FROM `kb_tags` WHERE `tags_id` = 2 LIMIT 1   [ RunTime:0.0005s ]
SQL: SELECT * FROM `kb_tags` WHERE `tags_id` = 4 LIMIT 1   [ RunTime:0.0003s ]
INFO: [ view_parse ] --START--
INFO: [ template_filter ] --START--
INFO: Run Behavior\ContentReplaceBehavior [ RunTime:0.000100s ]
INFO: [ template_filter ] --END-- [ RunTime:0.000213s ]
NOTIC: [8] Undefined variable: repair E:\wamp64\www\knowledge_base\Application\Runtime\Cache\Home\2a94b8bda04ff446dcedd42276fc99ee.php 第 32 行.
NOTIC: [8] Undefined variable: coding E:\wamp64\www\knowledge_base\Application\Runtime\Cache\Home\2a94b8bda04ff446dcedd42276fc99ee.php 第 33 行.
NOTIC: [8] Undefined variable: hottest E:\wamp64\www\knowledge_base\Application\Runtime\Cache\Home\2a94b8bda04ff446dcedd42276fc99ee.php 第 44 行.
NOTIC: [8] Undefined variable: repair E:\wamp64\www\knowledge_base\Application\Runtime\Cache\Home\2a94b8bda04ff446dcedd42276fc99ee.php 第 50 行.
NOTIC: [8] Undefined variable: coding E:\wamp64\www\knowledge_base\Application\Runtime\Cache\Home\2a94b8bda04ff446dcedd42276fc99ee.php 第 51 行.
INFO: Run Behavior\ParseTemplateBehavior [ RunTime:0.013731s ]
INFO: [ view_parse ] --END-- [ RunTime:0.013908s ]
INFO: [ view_filter ] --START--
INFO: Run Behavior\WriteHtmlCacheBehavior [ RunTime:0.000698s ]
INFO: [ view_filter ] --END-- [ RunTime:0.000816s ]
INFO: [ app_end ] --START--
INFO: Run Behavior\ShowPageTraceBehavior [ RunTime:0.001013s ]
INFO: [ app_end ] --END-- [ RunTime:0.001147s ]

[ 2016-10-21T16:43:31+08:00 ] ::1 /knowledge_base/index.php/Home/Index/hottest.html
INFO: [ app_init ] --START--
INFO: Run Behavior\BuildLiteBehavior [ RunTime:0.000024s ]
INFO: [ app_init ] --END-- [ RunTime:0.000604s ]
INFO: [ app_begin ] --START--
INFO: Run Behavior\ReadHtmlCacheBehavior [ RunTime:0.000949s ]
INFO: [ app_begin ] --END-- [ RunTime:0.001071s ]
SQL: SHOW COLUMNS FROM `kb_article` [ RunTime:0.0008s ]
SQL: SELECT COUNT(*) AS tp_count FROM `kb_article` LIMIT 1   [ RunTime:0.0002s ]
NOTIC: [8] Undefined variable: page E:\wamp64\www\knowledge_base\Application\Home\Controller\IndexController.class.php 第 77 行.
NOTIC: [8] Trying to get property of non-object E:\wamp64\www\knowledge_base\Application\Home\Controller\IndexController.class.php 第 77 行.
NOTIC: [8] Undefined variable: page E:\wamp64\www\knowledge_base\Application\Home\Controller\IndexController.class.php 第 77 行.
NOTIC: [8] Trying to get property of non-object E:\wamp64\www\knowledge_base\Application\Home\Controller\IndexController.class.php 第 77 行.
SQL: SELECT `title`,`author_name`,`date`,`thumbsup`,`comments_count`,`content`,`ar_id`,`tags_id` FROM `kb_article` ORDER BY thumbsup desc  [ RunTime:0.0005s ]
SQL: SHOW COLUMNS FROM `kb_tags` [ RunTime:0.0005s ]
SQL: SELECT * FROM `kb_tags` WHERE `tags_id` = 4 LIMIT 1   [ RunTime:0.0003s ]
SQL: SELECT * FROM `kb_tags` WHERE `tags_id` = 2 LIMIT 1   [ RunTime:0.0003s ]
SQL: SELECT * FROM `kb_tags` WHERE `tags_id` = 3 LIMIT 1   [ RunTime:0.0003s ]
SQL: SELECT * FROM `kb_tags` WHERE `tags_id` = 1 LIMIT 1   [ RunTime:0.0002s ]
SQL: SELECT * FROM `kb_tags` WHERE `tags_id` = 3 LIMIT 1   [ RunTime:0.0002s ]
SQL: SELECT * FROM `kb_tags` WHERE `tags_id` = 5 LIMIT 1   [ RunTime:0.0002s ]
SQL: SELECT * FROM `kb_tags` WHERE `tags_id` = 2 LIMIT 1   [ RunTime:0.0003s ]
SQL: SELECT * FROM `kb_tags` WHERE `tags_id` = 4 LIMIT 1   [ RunTime:0.0002s ]
SQL: SELECT * FROM `kb_tags` WHERE `tags_id` = 5 LIMIT 1   [ RunTime:0.0003s ]
SQL: SELECT * FROM `kb_tags` WHERE `tags_id` = 5 LIMIT 1   [ RunTime:0.0004s ]
INFO: [ view_parse ] --START--
INFO: [ template_filter ] --START--
INFO: Run Behavior\ContentReplaceBehavior [ RunTime:0.000081s ]
INFO: [ template_filter ] --END-- [ RunTime:0.000191s ]
NOTIC: [8] Undefined variable: repair E:\wamp64\www\knowledge_base\Application\Runtime\Cache\Home\cf66a5b4fa592bf29339ffbc995339a1.php 第 32 行.
NOTIC: [8] Undefined variable: coding E:\wamp64\www\knowledge_base\Application\Runtime\Cache\Home\cf66a5b4fa592bf29339ffbc995339a1.php 第 33 行.
NOTIC: [8] Undefined variable: index E:\wamp64\www\knowledge_base\Application\Runtime\Cache\Home\cf66a5b4fa592bf29339ffbc995339a1.php 第 43 行.
NOTIC: [8] Undefined variable: repair E:\wamp64\www\knowledge_base\Application\Runtime\Cache\Home\cf66a5b4fa592bf29339ffbc995339a1.php 第 50 行.
NOTIC: [8] Undefined variable: coding E:\wamp64\www\knowledge_base\Application\Runtime\Cache\Home\cf66a5b4fa592bf29339ffbc995339a1.php 第 51 行.
INFO: Run Behavior\ParseTemplateBehavior [ RunTime:0.012452s ]
INFO: [ view_parse ] --END-- [ RunTime:0.012603s ]
INFO: [ view_filter ] --START--
INFO: Run Behavior\WriteHtmlCacheBehavior [ RunTime:0.000603s ]
INFO: [ view_filter ] --END-- [ RunTime:0.000711s ]
INFO: [ app_end ] --START--
INFO: Run Behavior\ShowPageTraceBehavior [ RunTime:0.000951s ]
INFO: [ app_end ] --END-- [ RunTime:0.001101s ]

[ 2016-10-21T16:43:32+08:00 ] ::1 /knowledge_base/index.php/Home//Index/Index.html
INFO: [ app_init ] --START--
INFO: Run Behavior\BuildLiteBehavior [ RunTime:0.000029s ]
INFO: [ app_init ] --END-- [ RunTime:0.000670s ]
INFO: [ app_begin ] --START--
INFO: Run Behavior\ReadHtmlCacheBehavior [ RunTime:0.000784s ]
INFO: [ app_begin ] --END-- [ RunTime:0.000908s ]
SQL: SHOW COLUMNS FROM `kb_article` [ RunTime:0.0007s ]
SQL: SELECT COUNT(*) AS tp_count FROM `kb_article` LIMIT 1   [ RunTime:0.0003s ]
NOTIC: [8] Undefined variable: page E:\wamp64\www\knowledge_base\Application\Home\Controller\IndexController.class.php 第 77 行.
NOTIC: [8] Trying to get property of non-object E:\wamp64\www\knowledge_base\Application\Home\Controller\IndexController.class.php 第 77 行.
NOTIC: [8] Undefined variable: page E:\wamp64\www\knowledge_base\Application\Home\Controller\IndexController.class.php 第 77 行.
NOTIC: [8] Trying to get property of non-object E:\wamp64\www\knowledge_base\Application\Home\Controller\IndexController.class.php 第 77 行.
SQL: SELECT `title`,`author_name`,`date`,`thumbsup`,`comments_count`,`content`,`ar_id`,`tags_id` FROM `kb_article` ORDER BY ar_id desc  [ RunTime:0.0005s ]
SQL: SHOW COLUMNS FROM `kb_tags` [ RunTime:0.0005s ]
SQL: SELECT * FROM `kb_tags` WHERE `tags_id` = 5 LIMIT 1   [ RunTime:0.0003s ]
SQL: SELECT * FROM `kb_tags` WHERE `tags_id` = 1 LIMIT 1   [ RunTime:0.0003s ]
SQL: SELECT * FROM `kb_tags` WHERE `tags_id` = 3 LIMIT 1   [ RunTime:0.0003s ]
SQL: SELECT * FROM `kb_tags` WHERE `tags_id` = 5 LIMIT 1   [ RunTime:0.0003s ]
SQL: SELECT * FROM `kb_tags` WHERE `tags_id` = 2 LIMIT 1   [ RunTime:0.0003s ]
SQL: SELECT * FROM `kb_tags` WHERE `tags_id` = 3 LIMIT 1   [ RunTime:0.0003s ]
SQL: SELECT * FROM `kb_tags` WHERE `tags_id` = 4 LIMIT 1   [ RunTime:0.0002s ]
SQL: SELECT * FROM `kb_tags` WHERE `tags_id` = 5 LIMIT 1   [ RunTime:0.0003s ]
SQL: SELECT * FROM `kb_tags` WHERE `tags_id` = 2 LIMIT 1   [ RunTime:0.0003s ]
SQL: SELECT * FROM `kb_tags` WHERE `tags_id` = 4 LIMIT 1   [ RunTime:0.0002s ]
INFO: [ view_parse ] --START--
INFO: [ template_filter ] --START--
INFO: Run Behavior\ContentReplaceBehavior [ RunTime:0.000088s ]
INFO: [ template_filter ] --END-- [ RunTime:0.000202s ]
NOTIC: [8] Undefined variable: repair E:\wamp64\www\knowledge_base\Application\Runtime\Cache\Home\5f5878b563bbd0551b6c84d71156b7e9.php 第 32 行.
NOTIC: [8] Undefined variable: coding E:\wamp64\www\knowledge_base\Application\Runtime\Cache\Home\5f5878b563bbd0551b6c84d71156b7e9.php 第 33 行.
NOTIC: [8] Undefined variable: hottest E:\wamp64\www\knowledge_base\Application\Runtime\Cache\Home\5f5878b563bbd0551b6c84d71156b7e9.php 第 44 行.
NOTIC: [8] Undefined variable: repair E:\wamp64\www\knowledge_base\Application\Runtime\Cache\Home\5f5878b563bbd0551b6c84d71156b7e9.php 第 50 行.
NOTIC: [8] Undefined variable: coding E:\wamp64\www\knowledge_base\Application\Runtime\Cache\Home\5f5878b563bbd0551b6c84d71156b7e9.php 第 51 行.
INFO: Run Behavior\ParseTemplateBehavior [ RunTime:0.013064s ]
INFO: [ view_parse ] --END-- [ RunTime:0.013195s ]
INFO: [ view_filter ] --START--
INFO: Run Behavior\WriteHtmlCacheBehavior [ RunTime:0.000593s ]
INFO: [ view_filter ] --END-- [ RunTime:0.000699s ]
INFO: [ app_end ] --START--
INFO: Run Behavior\ShowPageTraceBehavior [ RunTime:0.000944s ]
INFO: [ app_end ] --END-- [ RunTime:0.001084s ]

[ 2016-10-21T16:43:33+08:00 ] ::1 /knowledge_base/index.php/Home/Index/hottest.html
INFO: [ app_init ] --START--
INFO: Run Behavior\BuildLiteBehavior [ RunTime:0.000030s ]
INFO: [ app_init ] --END-- [ RunTime:0.000676s ]
INFO: [ app_begin ] --START--
INFO: Run Behavior\ReadHtmlCacheBehavior [ RunTime:0.003199s ]
INFO: [ app_begin ] --END-- [ RunTime:0.003461s ]
SQL: SHOW COLUMNS FROM `kb_article` [ RunTime:0.0006s ]
SQL: SELECT COUNT(*) AS tp_count FROM `kb_article` LIMIT 1   [ RunTime:0.0003s ]
NOTIC: [8] Undefined variable: page E:\wamp64\www\knowledge_base\Application\Home\Controller\IndexController.class.php 第 77 行.
NOTIC: [8] Trying to get property of non-object E:\wamp64\www\knowledge_base\Application\Home\Controller\IndexController.class.php 第 77 行.
NOTIC: [8] Undefined variable: page E:\wamp64\www\knowledge_base\Application\Home\Controller\IndexController.class.php 第 77 行.
NOTIC: [8] Trying to get property of non-object E:\wamp64\www\knowledge_base\Application\Home\Controller\IndexController.class.php 第 77 行.
SQL: SELECT `title`,`author_name`,`date`,`thumbsup`,`comments_count`,`content`,`ar_id`,`tags_id` FROM `kb_article` ORDER BY thumbsup desc  [ RunTime:0.0005s ]
SQL: SHOW COLUMNS FROM `kb_tags` [ RunTime:0.0005s ]
SQL: SELECT * FROM `kb_tags` WHERE `tags_id` = 4 LIMIT 1   [ RunTime:0.0003s ]
SQL: SELECT * FROM `kb_tags` WHERE `tags_id` = 2 LIMIT 1   [ RunTime:0.0004s ]
SQL: SELECT * FROM `kb_tags` WHERE `tags_id` = 3 LIMIT 1   [ RunTime:0.0013s ]
SQL: SELECT * FROM `kb_tags` WHERE `tags_id` = 1 LIMIT 1   [ RunTime:0.0003s ]
SQL: SELECT * FROM `kb_tags` WHERE `tags_id` = 3 LIMIT 1   [ RunTime:0.0002s ]
SQL: SELECT * FROM `kb_tags` WHERE `tags_id` = 5 LIMIT 1   [ RunTime:0.0002s ]
SQL: SELECT * FROM `kb_tags` WHERE `tags_id` = 2 LIMIT 1   [ RunTime:0.0002s ]
SQL: SELECT * FROM `kb_tags` WHERE `tags_id` = 4 LIMIT 1   [ RunTime:0.0002s ]
SQL: SELECT * FROM `kb_tags` WHERE `tags_id` = 5 LIMIT 1   [ RunTime:0.0002s ]
SQL: SELECT * FROM `kb_tags` WHERE `tags_id` = 5 LIMIT 1   [ RunTime:0.0002s ]
INFO: [ view_parse ] --START--
INFO: [ template_filter ] --START--
INFO: Run Behavior\ContentReplaceBehavior [ RunTime:0.000086s ]
INFO: [ template_filter ] --END-- [ RunTime:0.000197s ]
NOTIC: [8] Undefined variable: repair E:\wamp64\www\knowledge_base\Application\Runtime\Cache\Home\cf66a5b4fa592bf29339ffbc995339a1.php 第 32 行.
NOTIC: [8] Undefined variable: coding E:\wamp64\www\knowledge_base\Application\Runtime\Cache\Home\cf66a5b4fa592bf29339ffbc995339a1.php 第 33 行.
NOTIC: [8] Undefined variable: index E:\wamp64\www\knowledge_base\Application\Runtime\Cache\Home\cf66a5b4fa592bf29339ffbc995339a1.php 第 43 行.
NOTIC: [8] Undefined variable: repair E:\wamp64\www\knowledge_base\Application\Runtime\Cache\Home\cf66a5b4fa592bf29339ffbc995339a1.php 第 50 行.
NOTIC: [8] Undefined variable: coding E:\wamp64\www\knowledge_base\Application\Runtime\Cache\Home\cf66a5b4fa592bf29339ffbc995339a1.php 第 51 行.
INFO: Run Behavior\ParseTemplateBehavior [ RunTime:0.013119s ]
INFO: [ view_parse ] --END-- [ RunTime:0.013433s ]
INFO: [ view_filter ] --START--
INFO: Run Behavior\WriteHtmlCacheBehavior [ RunTime:0.000951s ]
INFO: [ view_filter ] --END-- [ RunTime:0.001104s ]
INFO: [ app_end ] --START--
INFO: Run Behavior\ShowPageTraceBehavior [ RunTime:0.000857s ]
INFO: [ app_end ] --END-- [ RunTime:0.001040s ]

[ 2016-10-21T16:43:34+08:00 ] ::1 /knowledge_base/index.php/Home//Index/Index.html
INFO: [ app_init ] --START--
INFO: Run Behavior\BuildLiteBehavior [ RunTime:0.000028s ]
INFO: [ app_init ] --END-- [ RunTime:0.000641s ]
INFO: [ app_begin ] --START--
INFO: Run Behavior\ReadHtmlCacheBehavior [ RunTime:0.000879s ]
INFO: [ app_begin ] --END-- [ RunTime:0.001029s ]
SQL: SHOW COLUMNS FROM `kb_article` [ RunTime:0.0008s ]
SQL: SELECT COUNT(*) AS tp_count FROM `kb_article` LIMIT 1   [ RunTime:0.0003s ]
NOTIC: [8] Undefined variable: page E:\wamp64\www\knowledge_base\Application\Home\Controller\IndexController.class.php 第 77 行.
NOTIC: [8] Trying to get property of non-object E:\wamp64\www\knowledge_base\Application\Home\Controller\IndexController.class.php 第 77 行.
NOTIC: [8] Undefined variable: page E:\wamp64\www\knowledge_base\Application\Home\Controller\IndexController.class.php 第 77 行.
NOTIC: [8] Trying to get property of non-object E:\wamp64\www\knowledge_base\Application\Home\Controller\IndexController.class.php 第 77 行.
SQL: SELECT `title`,`author_name`,`date`,`thumbsup`,`comments_count`,`content`,`ar_id`,`tags_id` FROM `kb_article` ORDER BY ar_id desc  [ RunTime:0.0010s ]
SQL: SHOW COLUMNS FROM `kb_tags` [ RunTime:0.0007s ]
SQL: SELECT * FROM `kb_tags` WHERE `tags_id` = 5 LIMIT 1   [ RunTime:0.0003s ]
SQL: SELECT * FROM `kb_tags` WHERE `tags_id` = 1 LIMIT 1   [ RunTime:0.0003s ]
SQL: SELECT * FROM `kb_tags` WHERE `tags_id` = 3 LIMIT 1   [ RunTime:0.0002s ]
SQL: SELECT * FROM `kb_tags` WHERE `tags_id` = 5 LIMIT 1   [ RunTime:0.0003s ]
SQL: SELECT * FROM `kb_tags` WHERE `tags_id` = 2 LIMIT 1   [ RunTime:0.0003s ]
SQL: SELECT * FROM `kb_tags` WHERE `tags_id` = 3 LIMIT 1   [ RunTime:0.0002s ]
SQL: SELECT * FROM `kb_tags` WHERE `tags_id` = 4 LIMIT 1   [ RunTime:0.0003s ]
SQL: SELECT * FROM `kb_tags` WHERE `tags_id` = 5 LIMIT 1   [ RunTime:0.0003s ]
SQL: SELECT * FROM `kb_tags` WHERE `tags_id` = 2 LIMIT 1   [ RunTime:0.0003s ]
SQL: SELECT * FROM `kb_tags` WHERE `tags_id` = 4 LIMIT 1   [ RunTime:0.0003s ]
INFO: [ view_parse ] --START--
INFO: [ template_filter ] --START--
INFO: Run Behavior\ContentReplaceBehavior [ RunTime:0.000109s ]
INFO: [ template_filter ] --END-- [ RunTime:0.000251s ]
NOTIC: [8] Undefined variable: repair E:\wamp64\www\knowledge_base\Application\Runtime\Cache\Home\5f5878b563bbd0551b6c84d71156b7e9.php 第 32 行.
NOTIC: [8] Undefined variable: coding E:\wamp64\www\knowledge_base\Application\Runtime\Cache\Home\5f5878b563bbd0551b6c84d71156b7e9.php 第 33 行.
NOTIC: [8] Undefined variable: hottest E:\wamp64\www\knowledge_base\Application\Runtime\Cache\Home\5f5878b563bbd0551b6c84d71156b7e9.php 第 44 行.
NOTIC: [8] Undefined variable: repair E:\wamp64\www\knowledge_base\Application\Runtime\Cache\Home\5f5878b563bbd0551b6c84d71156b7e9.php 第 50 行.
NOTIC: [8] Undefined variable: coding E:\wamp64\www\knowledge_base\Application\Runtime\Cache\Home\5f5878b563bbd0551b6c84d71156b7e9.php 第 51 行.
INFO: Run Behavior\ParseTemplateBehavior [ RunTime:0.015135s ]
INFO: [ view_parse ] --END-- [ RunTime:0.015285s ]
INFO: [ view_filter ] --START--
INFO: Run Behavior\WriteHtmlCacheBehavior [ RunTime:0.000666s ]
INFO: [ view_filter ] --END-- [ RunTime:0.000794s ]
INFO: [ app_end ] --START--
INFO: Run Behavior\ShowPageTraceBehavior [ RunTime:0.001114s ]
INFO: [ app_end ] --END-- [ RunTime:0.001309s ]

[ 2016-10-21T16:43:36+08:00 ] ::1 /knowledge_base/index.php/Home/Index/hottest.html
INFO: [ app_init ] --START--
INFO: Run Behavior\BuildLiteBehavior [ RunTime:0.000031s ]
INFO: [ app_init ] --END-- [ RunTime:0.000745s ]
INFO: [ app_begin ] --START--
INFO: Run Behavior\ReadHtmlCacheBehavior [ RunTime:0.000892s ]
INFO: [ app_begin ] --END-- [ RunTime:0.001041s ]
SQL: SHOW COLUMNS FROM `kb_article` [ RunTime:0.0008s ]
SQL: SELECT COUNT(*) AS tp_count FROM `kb_article` LIMIT 1   [ RunTime:0.0002s ]
NOTIC: [8] Undefined variable: page E:\wamp64\www\knowledge_base\Application\Home\Controller\IndexController.class.php 第 77 行.
NOTIC: [8] Trying to get property of non-object E:\wamp64\www\knowledge_base\Application\Home\Controller\IndexController.class.php 第 77 行.
NOTIC: [8] Undefined variable: page E:\wamp64\www\knowledge_base\Application\Home\Controller\IndexController.class.php 第 77 行.
NOTIC: [8] Trying to get property of non-object E:\wamp64\www\knowledge_base\Application\Home\Controller\IndexController.class.php 第 77 行.
SQL: SELECT `title`,`author_name`,`date`,`thumbsup`,`comments_count`,`content`,`ar_id`,`tags_id` FROM `kb_article` ORDER BY thumbsup desc  [ RunTime:0.0006s ]
SQL: SHOW COLUMNS FROM `kb_tags` [ RunTime:0.0006s ]
SQL: SELECT * FROM `kb_tags` WHERE `tags_id` = 4 LIMIT 1   [ RunTime:0.0003s ]
SQL: SELECT * FROM `kb_tags` WHERE `tags_id` = 2 LIMIT 1   [ RunTime:0.0003s ]
SQL: SELECT * FROM `kb_tags` WHERE `tags_id` = 3 LIMIT 1   [ RunTime:0.0003s ]
SQL: SELECT * FROM `kb_tags` WHERE `tags_id` = 1 LIMIT 1   [ RunTime:0.0003s ]
SQL: SELECT * FROM `kb_tags` WHERE `tags_id` = 3 LIMIT 1   [ RunTime:0.0003s ]
SQL: SELECT * FROM `kb_tags` WHERE `tags_id` = 5 LIMIT 1   [ RunTime:0.0003s ]
SQL: SELECT * FROM `kb_tags` WHERE `tags_id` = 2 LIMIT 1   [ RunTime:0.0003s ]
SQL: SELECT * FROM `kb_tags` WHERE `tags_id` = 4 LIMIT 1   [ RunTime:0.0003s ]
SQL: SELECT * FROM `kb_tags` WHERE `tags_id` = 5 LIMIT 1   [ RunTime:0.0003s ]
SQL: SELECT * FROM `kb_tags` WHERE `tags_id` = 5 LIMIT 1   [ RunTime:0.0003s ]
INFO: [ view_parse ] --START--
INFO: [ template_filter ] --START--
INFO: Run Behavior\ContentReplaceBehavior [ RunTime:0.000117s ]
INFO: [ template_filter ] --END-- [ RunTime:0.000258s ]
NOTIC: [8] Undefined variable: repair E:\wamp64\www\knowledge_base\Application\Runtime\Cache\Home\cf66a5b4fa592bf29339ffbc995339a1.php 第 32 行.
NOTIC: [8] Undefined variable: coding E:\wamp64\www\knowledge_base\Application\Runtime\Cache\Home\cf66a5b4fa592bf29339ffbc995339a1.php 第 33 行.
NOTIC: [8] Undefined variable: index E:\wamp64\www\knowledge_base\Application\Runtime\Cache\Home\cf66a5b4fa592bf29339ffbc995339a1.php 第 43 行.
NOTIC: [8] Undefined variable: repair E:\wamp64\www\knowledge_base\Application\Runtime\Cache\Home\cf66a5b4fa592bf29339ffbc995339a1.php 第 50 行.
NOTIC: [8] Undefined variable: coding E:\wamp64\www\knowledge_base\Application\Runtime\Cache\Home\cf66a5b4fa592bf29339ffbc995339a1.php 第 51 行.
INFO: Run Behavior\ParseTemplateBehavior [ RunTime:0.015475s ]
INFO: [ view_parse ] --END-- [ RunTime:0.015622s ]
INFO: [ view_filter ] --START--
INFO: Run Behavior\WriteHtmlCacheBehavior [ RunTime:0.000664s ]
INFO: [ view_filter ] --END-- [ RunTime:0.000794s ]
INFO: [ app_end ] --START--
INFO: Run Behavior\ShowPageTraceBehavior [ RunTime:0.001064s ]
INFO: [ app_end ] --END-- [ RunTime:0.001265s ]

[ 2016-10-21T16:43:50+08:00 ] ::1 /knowledge_base/index.php/Home//Index/Index.html
INFO: [ app_init ] --START--
INFO: Run Behavior\BuildLiteBehavior [ RunTime:0.000053s ]
INFO: [ app_init ] --END-- [ RunTime:0.000799s ]
INFO: [ app_begin ] --START--
INFO: Run Behavior\ReadHtmlCacheBehavior [ RunTime:0.000847s ]
INFO: [ app_begin ] --END-- [ RunTime:0.001006s ]
SQL: SHOW COLUMNS FROM `kb_article` [ RunTime:0.0008s ]
SQL: SELECT COUNT(*) AS tp_count FROM `kb_article` LIMIT 1   [ RunTime:0.0002s ]
NOTIC: [8] Undefined variable: page E:\wamp64\www\knowledge_base\Application\Home\Controller\IndexController.class.php 第 77 行.
NOTIC: [8] Trying to get property of non-object E:\wamp64\www\knowledge_base\Application\Home\Controller\IndexController.class.php 第 77 行.
NOTIC: [8] Undefined variable: page E:\wamp64\www\knowledge_base\Application\Home\Controller\IndexController.class.php 第 77 行.
NOTIC: [8] Trying to get property of non-object E:\wamp64\www\knowledge_base\Application\Home\Controller\IndexController.class.php 第 77 行.
SQL: SELECT `title`,`author_name`,`date`,`thumbsup`,`comments_count`,`content`,`ar_id`,`tags_id` FROM `kb_article` ORDER BY ar_id desc  [ RunTime:0.0006s ]
SQL: SHOW COLUMNS FROM `kb_tags` [ RunTime:0.0007s ]
SQL: SELECT * FROM `kb_tags` WHERE `tags_id` = 5 LIMIT 1   [ RunTime:0.0003s ]
SQL: SELECT * FROM `kb_tags` WHERE `tags_id` = 1 LIMIT 1   [ RunTime:0.0002s ]
SQL: SELECT * FROM `kb_tags` WHERE `tags_id` = 3 LIMIT 1   [ RunTime:0.0002s ]
SQL: SELECT * FROM `kb_tags` WHERE `tags_id` = 5 LIMIT 1   [ RunTime:0.0002s ]
SQL: SELECT * FROM `kb_tags` WHERE `tags_id` = 2 LIMIT 1   [ RunTime:0.0002s ]
SQL: SELECT * FROM `kb_tags` WHERE `tags_id` = 3 LIMIT 1   [ RunTime:0.0002s ]
SQL: SELECT * FROM `kb_tags` WHERE `tags_id` = 4 LIMIT 1   [ RunTime:0.0002s ]
SQL: SELECT * FROM `kb_tags` WHERE `tags_id` = 5 LIMIT 1   [ RunTime:0.0002s ]
SQL: SELECT * FROM `kb_tags` WHERE `tags_id` = 2 LIMIT 1   [ RunTime:0.0003s ]
SQL: SELECT * FROM `kb_tags` WHERE `tags_id` = 4 LIMIT 1   [ RunTime:0.0002s ]
INFO: [ view_parse ] --START--
INFO: [ template_filter ] --START--
INFO: Run Behavior\ContentReplaceBehavior [ RunTime:0.000084s ]
INFO: [ template_filter ] --END-- [ RunTime:0.000193s ]
NOTIC: [8] Undefined variable: repair E:\wamp64\www\knowledge_base\Application\Runtime\Cache\Home\5f5878b563bbd0551b6c84d71156b7e9.php 第 32 行.
NOTIC: [8] Undefined variable: coding E:\wamp64\www\knowledge_base\Application\Runtime\Cache\Home\5f5878b563bbd0551b6c84d71156b7e9.php 第 33 行.
NOTIC: [8] Undefined variable: hottest E:\wamp64\www\knowledge_base\Application\Runtime\Cache\Home\5f5878b563bbd0551b6c84d71156b7e9.php 第 44 行.
NOTIC: [8] Undefined variable: repair E:\wamp64\www\knowledge_base\Application\Runtime\Cache\Home\5f5878b563bbd0551b6c84d71156b7e9.php 第 50 行.
NOTIC: [8] Undefined variable: coding E:\wamp64\www\knowledge_base\Application\Runtime\Cache\Home\5f5878b563bbd0551b6c84d71156b7e9.php 第 51 行.
INFO: Run Behavior\ParseTemplateBehavior [ RunTime:0.013289s ]
INFO: [ view_parse ] --END-- [ RunTime:0.013418s ]
INFO: [ view_filter ] --START--
INFO: Run Behavior\WriteHtmlCacheBehavior [ RunTime:0.000558s ]
INFO: [ view_filter ] --END-- [ RunTime:0.000662s ]
INFO: [ app_end ] --START--
INFO: Run Behavior\ShowPageTraceBehavior [ RunTime:0.000912s ]
INFO: [ app_end ] --END-- [ RunTime:0.001065s ]

[ 2016-10-21T16:43:50+08:00 ] ::1 /knowledge_base/index.php/Home/Index/hottest.html
INFO: [ app_init ] --START--
INFO: Run Behavior\BuildLiteBehavior [ RunTime:0.000029s ]
INFO: [ app_init ] --END-- [ RunTime:0.000608s ]
INFO: [ app_begin ] --START--
INFO: Run Behavior\ReadHtmlCacheBehavior [ RunTime:0.000884s ]
INFO: [ app_begin ] --END-- [ RunTime:0.001030s ]
SQL: SHOW COLUMNS FROM `kb_article` [ RunTime:0.0007s ]
SQL: SELECT COUNT(*) AS tp_count FROM `kb_article` LIMIT 1   [ RunTime:0.0002s ]
NOTIC: [8] Undefined variable: page E:\wamp64\www\knowledge_base\Application\Home\Controller\IndexController.class.php 第 77 行.
NOTIC: [8] Trying to get property of non-object E:\wamp64\www\knowledge_base\Application\Home\Controller\IndexController.class.php 第 77 行.
NOTIC: [8] Undefined variable: page E:\wamp64\www\knowledge_base\Application\Home\Controller\IndexController.class.php 第 77 行.
NOTIC: [8] Trying to get property of non-object E:\wamp64\www\knowledge_base\Application\Home\Controller\IndexController.class.php 第 77 行.
SQL: SELECT `title`,`author_name`,`date`,`thumbsup`,`comments_count`,`content`,`ar_id`,`tags_id` FROM `kb_article` ORDER BY thumbsup desc  [ RunTime:0.0005s ]
SQL: SHOW COLUMNS FROM `kb_tags` [ RunTime:0.0005s ]
SQL: SELECT * FROM `kb_tags` WHERE `tags_id` = 4 LIMIT 1   [ RunTime:0.0003s ]
SQL: SELECT * FROM `kb_tags` WHERE `tags_id` = 2 LIMIT 1   [ RunTime:0.0003s ]
SQL: SELECT * FROM `kb_tags` WHERE `tags_id` = 3 LIMIT 1   [ RunTime:0.0003s ]
SQL: SELECT * FROM `kb_tags` WHERE `tags_id` = 1 LIMIT 1   [ RunTime:0.0003s ]
SQL: SELECT * FROM `kb_tags` WHERE `tags_id` = 3 LIMIT 1   [ RunTime:0.0002s ]
SQL: SELECT * FROM `kb_tags` WHERE `tags_id` = 5 LIMIT 1   [ RunTime:0.0003s ]
SQL: SELECT * FROM `kb_tags` WHERE `tags_id` = 2 LIMIT 1   [ RunTime:0.0003s ]
SQL: SELECT * FROM `kb_tags` WHERE `tags_id` = 4 LIMIT 1   [ RunTime:0.0003s ]
SQL: SELECT * FROM `kb_tags` WHERE `tags_id` = 5 LIMIT 1   [ RunTime:0.0003s ]
SQL: SELECT * FROM `kb_tags` WHERE `tags_id` = 5 LIMIT 1   [ RunTime:0.0003s ]
INFO: [ view_parse ] --START--
INFO: [ template_filter ] --START--
INFO: Run Behavior\ContentReplaceBehavior [ RunTime:0.000107s ]
INFO: [ template_filter ] --END-- [ RunTime:0.000254s ]
NOTIC: [8] Undefined variable: repair E:\wamp64\www\knowledge_base\Application\Runtime\Cache\Home\cf66a5b4fa592bf29339ffbc995339a1.php 第 32 行.
NOTIC: [8] Undefined variable: coding E:\wamp64\www\knowledge_base\Application\Runtime\Cache\Home\cf66a5b4fa592bf29339ffbc995339a1.php 第 33 行.
NOTIC: [8] Undefined variable: index E:\wamp64\www\knowledge_base\Application\Runtime\Cache\Home\cf66a5b4fa592bf29339ffbc995339a1.php 第 43 行.
NOTIC: [8] Undefined variable: repair E:\wamp64\www\knowledge_base\Application\Runtime\Cache\Home\cf66a5b4fa592bf29339ffbc995339a1.php 第 50 行.
NOTIC: [8] Undefined variable: coding E:\wamp64\www\knowledge_base\Application\Runtime\Cache\Home\cf66a5b4fa592bf29339ffbc995339a1.php 第 51 行.
INFO: Run Behavior\ParseTemplateBehavior [ RunTime:0.014899s ]
INFO: [ view_parse ] --END-- [ RunTime:0.015046s ]
INFO: [ view_filter ] --START--
INFO: Run Behavior\WriteHtmlCacheBehavior [ RunTime:0.000669s ]
INFO: [ view_filter ] --END-- [ RunTime:0.000800s ]
INFO: [ app_end ] --START--
INFO: Run Behavior\ShowPageTraceBehavior [ RunTime:0.001062s ]
INFO: [ app_end ] --END-- [ RunTime:0.001237s ]

[ 2016-10-21T16:43:51+08:00 ] ::1 /knowledge_base/index.php/Home//Index/Index.html
INFO: [ app_init ] --START--
INFO: Run Behavior\BuildLiteBehavior [ RunTime:0.000030s ]
INFO: [ app_init ] --END-- [ RunTime:0.000681s ]
INFO: [ app_begin ] --START--
INFO: Run Behavior\ReadHtmlCacheBehavior [ RunTime:0.001098s ]
INFO: [ app_begin ] --END-- [ RunTime:0.001317s ]
SQL: SHOW COLUMNS FROM `kb_article` [ RunTime:0.0008s ]
SQL: SELECT COUNT(*) AS tp_count FROM `kb_article` LIMIT 1   [ RunTime:0.0003s ]
NOTIC: [8] Undefined variable: page E:\wamp64\www\knowledge_base\Application\Home\Controller\IndexController.class.php 第 77 行.
NOTIC: [8] Trying to get property of non-object E:\wamp64\www\knowledge_base\Application\Home\Controller\IndexController.class.php 第 77 行.
NOTIC: [8] Undefined variable: page E:\wamp64\www\knowledge_base\Application\Home\Controller\IndexController.class.php 第 77 行.
NOTIC: [8] Trying to get property of non-object E:\wamp64\www\knowledge_base\Application\Home\Controller\IndexController.class.php 第 77 行.
SQL: SELECT `title`,`author_name`,`date`,`thumbsup`,`comments_count`,`content`,`ar_id`,`tags_id` FROM `kb_article` ORDER BY ar_id desc  [ RunTime:0.0005s ]
SQL: SHOW COLUMNS FROM `kb_tags` [ RunTime:0.0006s ]
SQL: SELECT * FROM `kb_tags` WHERE `tags_id` = 5 LIMIT 1   [ RunTime:0.0003s ]
SQL: SELECT * FROM `kb_tags` WHERE `tags_id` = 1 LIMIT 1   [ RunTime:0.0003s ]
SQL: SELECT * FROM `kb_tags` WHERE `tags_id` = 3 LIMIT 1   [ RunTime:0.0002s ]
SQL: SELECT * FROM `kb_tags` WHERE `tags_id` = 5 LIMIT 1   [ RunTime:0.0003s ]
SQL: SELECT * FROM `kb_tags` WHERE `tags_id` = 2 LIMIT 1   [ RunTime:0.0002s ]
SQL: SELECT * FROM `kb_tags` WHERE `tags_id` = 3 LIMIT 1   [ RunTime:0.0003s ]
SQL: SELECT * FROM `kb_tags` WHERE `tags_id` = 4 LIMIT 1   [ RunTime:0.0003s ]
SQL: SELECT * FROM `kb_tags` WHERE `tags_id` = 5 LIMIT 1   [ RunTime:0.0003s ]
SQL: SELECT * FROM `kb_tags` WHERE `tags_id` = 2 LIMIT 1   [ RunTime:0.0003s ]
SQL: SELECT * FROM `kb_tags` WHERE `tags_id` = 4 LIMIT 1   [ RunTime:0.0003s ]
INFO: [ view_parse ] --START--
INFO: [ template_filter ] --START--
INFO: Run Behavior\ContentReplaceBehavior [ RunTime:0.000105s ]
INFO: [ template_filter ] --END-- [ RunTime:0.000242s ]
NOTIC: [8] Undefined variable: repair E:\wamp64\www\knowledge_base\Application\Runtime\Cache\Home\5f5878b563bbd0551b6c84d71156b7e9.php 第 32 行.
NOTIC: [8] Undefined variable: coding E:\wamp64\www\knowledge_base\Application\Runtime\Cache\Home\5f5878b563bbd0551b6c84d71156b7e9.php 第 33 行.
NOTIC: [8] Undefined variable: hottest E:\wamp64\www\knowledge_base\Application\Runtime\Cache\Home\5f5878b563bbd0551b6c84d71156b7e9.php 第 44 行.
NOTIC: [8] Undefined variable: repair E:\wamp64\www\knowledge_base\Application\Runtime\Cache\Home\5f5878b563bbd0551b6c84d71156b7e9.php 第 50 行.
NOTIC: [8] Undefined variable: coding E:\wamp64\www\knowledge_base\Application\Runtime\Cache\Home\5f5878b563bbd0551b6c84d71156b7e9.php 第 51 行.
INFO: Run Behavior\ParseTemplateBehavior [ RunTime:0.014875s ]
INFO: [ view_parse ] --END-- [ RunTime:0.015027s ]
INFO: [ view_filter ] --START--
INFO: Run Behavior\WriteHtmlCacheBehavior [ RunTime:0.000679s ]
INFO: [ view_filter ] --END-- [ RunTime:0.000813s ]
INFO: [ app_end ] --START--
INFO: Run Behavior\ShowPageTraceBehavior [ RunTime:0.001045s ]
INFO: [ app_end ] --END-- [ RunTime:0.001226s ]

[ 2016-10-21T16:43:52+08:00 ] ::1 /knowledge_base/index.php/Home/Index/hottest.html
INFO: [ app_init ] --START--
INFO: Run Behavior\BuildLiteBehavior [ RunTime:0.000030s ]
INFO: [ app_init ] --END-- [ RunTime:0.000665s ]
INFO: [ app_begin ] --START--
INFO: Run Behavior\ReadHtmlCacheBehavior [ RunTime:0.000859s ]
INFO: [ app_begin ] --END-- [ RunTime:0.000991s ]
SQL: SHOW COLUMNS FROM `kb_article` [ RunTime:0.0008s ]
SQL: SELECT COUNT(*) AS tp_count FROM `kb_article` LIMIT 1   [ RunTime:0.0003s ]
NOTIC: [8] Undefined variable: page E:\wamp64\www\knowledge_base\Application\Home\Controller\IndexController.class.php 第 77 行.
NOTIC: [8] Trying to get property of non-object E:\wamp64\www\knowledge_base\Application\Home\Controller\IndexController.class.php 第 77 行.
NOTIC: [8] Undefined variable: page E:\wamp64\www\knowledge_base\Application\Home\Controller\IndexController.class.php 第 77 行.
NOTIC: [8] Trying to get property of non-object E:\wamp64\www\knowledge_base\Application\Home\Controller\IndexController.class.php 第 77 行.
SQL: SELECT `title`,`author_name`,`date`,`thumbsup`,`comments_count`,`content`,`ar_id`,`tags_id` FROM `kb_article` ORDER BY thumbsup desc  [ RunTime:0.0005s ]
SQL: SHOW COLUMNS FROM `kb_tags` [ RunTime:0.0006s ]
SQL: SELECT * FROM `kb_tags` WHERE `tags_id` = 4 LIMIT 1   [ RunTime:0.0003s ]
SQL: SELECT * FROM `kb_tags` WHERE `tags_id` = 2 LIMIT 1   [ RunTime:0.0003s ]
SQL: SELECT * FROM `kb_tags` WHERE `tags_id` = 3 LIMIT 1   [ RunTime:0.0003s ]
SQL: SELECT * FROM `kb_tags` WHERE `tags_id` = 1 LIMIT 1   [ RunTime:0.0002s ]
SQL: SELECT * FROM `kb_tags` WHERE `tags_id` = 3 LIMIT 1   [ RunTime:0.0002s ]
SQL: SELECT * FROM `kb_tags` WHERE `tags_id` = 5 LIMIT 1   [ RunTime:0.0002s ]
SQL: SELECT * FROM `kb_tags` WHERE `tags_id` = 2 LIMIT 1   [ RunTime:0.0003s ]
SQL: SELECT * FROM `kb_tags` WHERE `tags_id` = 4 LIMIT 1   [ RunTime:0.0014s ]
SQL: SELECT * FROM `kb_tags` WHERE `tags_id` = 5 LIMIT 1   [ RunTime:0.0003s ]
SQL: SELECT * FROM `kb_tags` WHERE `tags_id` = 5 LIMIT 1   [ RunTime:0.0002s ]
INFO: [ view_parse ] --START--
INFO: [ template_filter ] --START--
INFO: Run Behavior\ContentReplaceBehavior [ RunTime:0.000091s ]
INFO: [ template_filter ] --END-- [ RunTime:0.000206s ]
NOTIC: [8] Undefined variable: repair E:\wamp64\www\knowledge_base\Application\Runtime\Cache\Home\cf66a5b4fa592bf29339ffbc995339a1.php 第 32 行.
NOTIC: [8] Undefined variable: coding E:\wamp64\www\knowledge_base\Application\Runtime\Cache\Home\cf66a5b4fa592bf29339ffbc995339a1.php 第 33 行.
NOTIC: [8] Undefined variable: index E:\wamp64\www\knowledge_base\Application\Runtime\Cache\Home\cf66a5b4fa592bf29339ffbc995339a1.php 第 43 行.
NOTIC: [8] Undefined variable: repair E:\wamp64\www\knowledge_base\Application\Runtime\Cache\Home\cf66a5b4fa592bf29339ffbc995339a1.php 第 50 行.
NOTIC: [8] Undefined variable: coding E:\wamp64\www\knowledge_base\Application\Runtime\Cache\Home\cf66a5b4fa592bf29339ffbc995339a1.php 第 51 行.
INFO: Run Behavior\ParseTemplateBehavior [ RunTime:0.012457s ]
INFO: [ view_parse ] --END-- [ RunTime:0.012590s ]
INFO: [ view_filter ] --START--
INFO: Run Behavior\WriteHtmlCacheBehavior [ RunTime:0.000598s ]
INFO: [ view_filter ] --END-- [ RunTime:0.000704s ]
INFO: [ app_end ] --START--
INFO: Run Behavior\ShowPageTraceBehavior [ RunTime:0.000938s ]
INFO: [ app_end ] --END-- [ RunTime:0.001083s ]

[ 2016-10-21T16:43:53+08:00 ] ::1 /knowledge_base/index.php/Home//Index/Index.html
INFO: [ app_init ] --START--
INFO: Run Behavior\BuildLiteBehavior [ RunTime:0.000029s ]
INFO: [ app_init ] --END-- [ RunTime:0.000664s ]
INFO: [ app_begin ] --START--
INFO: Run Behavior\ReadHtmlCacheBehavior [ RunTime:0.000920s ]
INFO: [ app_begin ] --END-- [ RunTime:0.001089s ]
SQL: SHOW COLUMNS FROM `kb_article` [ RunTime:0.0008s ]
SQL: SELECT COUNT(*) AS tp_count FROM `kb_article` LIMIT 1   [ RunTime:0.0002s ]
NOTIC: [8] Undefined variable: page E:\wamp64\www\knowledge_base\Application\Home\Controller\IndexController.class.php 第 77 行.
NOTIC: [8] Trying to get property of non-object E:\wamp64\www\knowledge_base\Application\Home\Controller\IndexController.class.php 第 77 行.
NOTIC: [8] Undefined variable: page E:\wamp64\www\knowledge_base\Application\Home\Controller\IndexController.class.php 第 77 行.
NOTIC: [8] Trying to get property of non-object E:\wamp64\www\knowledge_base\Application\Home\Controller\IndexController.class.php 第 77 行.
SQL: SELECT `title`,`author_name`,`date`,`thumbsup`,`comments_count`,`content`,`ar_id`,`tags_id` FROM `kb_article` ORDER BY ar_id desc  [ RunTime:0.0004s ]
SQL: SHOW COLUMNS FROM `kb_tags` [ RunTime:0.0005s ]
SQL: SELECT * FROM `kb_tags` WHERE `tags_id` = 5 LIMIT 1   [ RunTime:0.0003s ]
SQL: SELECT * FROM `kb_tags` WHERE `tags_id` = 1 LIMIT 1   [ RunTime:0.0003s ]
SQL: SELECT * FROM `kb_tags` WHERE `tags_id` = 3 LIMIT 1   [ RunTime:0.0003s ]
SQL: SELECT * FROM `kb_tags` WHERE `tags_id` = 5 LIMIT 1   [ RunTime:0.0002s ]
SQL: SELECT * FROM `kb_tags` WHERE `tags_id` = 2 LIMIT 1   [ RunTime:0.0002s ]
SQL: SELECT * FROM `kb_tags` WHERE `tags_id` = 3 LIMIT 1   [ RunTime:0.0003s ]
SQL: SELECT * FROM `kb_tags` WHERE `tags_id` = 4 LIMIT 1   [ RunTime:0.0002s ]
SQL: SELECT * FROM `kb_tags` WHERE `tags_id` = 5 LIMIT 1   [ RunTime:0.0002s ]
SQL: SELECT * FROM `kb_tags` WHERE `tags_id` = 2 LIMIT 1   [ RunTime:0.0003s ]
SQL: SELECT * FROM `kb_tags` WHERE `tags_id` = 4 LIMIT 1   [ RunTime:0.0003s ]
INFO: [ view_parse ] --START--
INFO: [ template_filter ] --START--
INFO: Run Behavior\ContentReplaceBehavior [ RunTime:0.000087s ]
INFO: [ template_filter ] --END-- [ RunTime:0.000202s ]
NOTIC: [8] Undefined variable: repair E:\wamp64\www\knowledge_base\Application\Runtime\Cache\Home\5f5878b563bbd0551b6c84d71156b7e9.php 第 32 行.
NOTIC: [8] Undefined variable: coding E:\wamp64\www\knowledge_base\Application\Runtime\Cache\Home\5f5878b563bbd0551b6c84d71156b7e9.php 第 33 行.
NOTIC: [8] Undefined variable: hottest E:\wamp64\www\knowledge_base\Application\Runtime\Cache\Home\5f5878b563bbd0551b6c84d71156b7e9.php 第 44 行.
NOTIC: [8] Undefined variable: repair E:\wamp64\www\knowledge_base\Application\Runtime\Cache\Home\5f5878b563bbd0551b6c84d71156b7e9.php 第 50 行.
NOTIC: [8] Undefined variable: coding E:\wamp64\www\knowledge_base\Application\Runtime\Cache\Home\5f5878b563bbd0551b6c84d71156b7e9.php 第 51 行.
INFO: Run Behavior\ParseTemplateBehavior [ RunTime:0.012597s ]
INFO: [ view_parse ] --END-- [ RunTime:0.012731s ]
INFO: [ view_filter ] --START--
INFO: Run Behavior\WriteHtmlCacheBehavior [ RunTime:0.000556s ]
INFO: [ view_filter ] --END-- [ RunTime:0.000659s ]
INFO: [ app_end ] --START--
INFO: Run Behavior\ShowPageTraceBehavior [ RunTime:0.000884s ]
INFO: [ app_end ] --END-- [ RunTime:0.001037s ]

[ 2016-10-21T16:43:54+08:00 ] ::1 /knowledge_base/index.php/Home/Index/hottest.html
INFO: [ app_init ] --START--
INFO: Run Behavior\BuildLiteBehavior [ RunTime:0.000029s ]
INFO: [ app_init ] --END-- [ RunTime:0.000677s ]
INFO: [ app_begin ] --START--
INFO: Run Behavior\ReadHtmlCacheBehavior [ RunTime:0.001244s ]
INFO: [ app_begin ] --END-- [ RunTime:0.001396s ]
SQL: SHOW COLUMNS FROM `kb_article` [ RunTime:0.0015s ]
SQL: SELECT COUNT(*) AS tp_count FROM `kb_article` LIMIT 1   [ RunTime:0.0002s ]
NOTIC: [8] Undefined variable: page E:\wamp64\www\knowledge_base\Application\Home\Controller\IndexController.class.php 第 77 行.
NOTIC: [8] Trying to get property of non-object E:\wamp64\www\knowledge_base\Application\Home\Controller\IndexController.class.php 第 77 行.
NOTIC: [8] Undefined variable: page E:\wamp64\www\knowledge_base\Application\Home\Controller\IndexController.class.php 第 77 行.
NOTIC: [8] Trying to get property of non-object E:\wamp64\www\knowledge_base\Application\Home\Controller\IndexController.class.php 第 77 行.
SQL: SELECT `title`,`author_name`,`date`,`thumbsup`,`comments_count`,`content`,`ar_id`,`tags_id` FROM `kb_article` ORDER BY thumbsup desc  [ RunTime:0.0005s ]
SQL: SHOW COLUMNS FROM `kb_tags` [ RunTime:0.0005s ]
SQL: SELECT * FROM `kb_tags` WHERE `tags_id` = 4 LIMIT 1   [ RunTime:0.0003s ]
SQL: SELECT * FROM `kb_tags` WHERE `tags_id` = 2 LIMIT 1   [ RunTime:0.0003s ]
SQL: SELECT * FROM `kb_tags` WHERE `tags_id` = 3 LIMIT 1   [ RunTime:0.0003s ]
SQL: SELECT * FROM `kb_tags` WHERE `tags_id` = 1 LIMIT 1   [ RunTime:0.0002s ]
SQL: SELECT * FROM `kb_tags` WHERE `tags_id` = 3 LIMIT 1   [ RunTime:0.0003s ]
SQL: SELECT * FROM `kb_tags` WHERE `tags_id` = 5 LIMIT 1   [ RunTime:0.0002s ]
SQL: SELECT * FROM `kb_tags` WHERE `tags_id` = 2 LIMIT 1   [ RunTime:0.0002s ]
SQL: SELECT * FROM `kb_tags` WHERE `tags_id` = 4 LIMIT 1   [ RunTime:0.0002s ]
SQL: SELECT * FROM `kb_tags` WHERE `tags_id` = 5 LIMIT 1   [ RunTime:0.0003s ]
SQL: SELECT * FROM `kb_tags` WHERE `tags_id` = 5 LIMIT 1   [ RunTime:0.0003s ]
INFO: [ view_parse ] --START--
INFO: [ template_filter ] --START--
INFO: Run Behavior\ContentReplaceBehavior [ RunTime:0.000092s ]
INFO: [ template_filter ] --END-- [ RunTime:0.000204s ]
NOTIC: [8] Undefined variable: repair E:\wamp64\www\knowledge_base\Application\Runtime\Cache\Home\cf66a5b4fa592bf29339ffbc995339a1.php 第 32 行.
NOTIC: [8] Undefined variable: coding E:\wamp64\www\knowledge_base\Application\Runtime\Cache\Home\cf66a5b4fa592bf29339ffbc995339a1.php 第 33 行.
NOTIC: [8] Undefined variable: index E:\wamp64\www\knowledge_base\Application\Runtime\Cache\Home\cf66a5b4fa592bf29339ffbc995339a1.php 第 43 行.
NOTIC: [8] Undefined variable: repair E:\wamp64\www\knowledge_base\Application\Runtime\Cache\Home\cf66a5b4fa592bf29339ffbc995339a1.php 第 50 行.
NOTIC: [8] Undefined variable: coding E:\wamp64\www\knowledge_base\Application\Runtime\Cache\Home\cf66a5b4fa592bf29339ffbc995339a1.php 第 51 行.
INFO: Run Behavior\ParseTemplateBehavior [ RunTime:0.013712s ]
INFO: [ view_parse ] --END-- [ RunTime:0.013849s ]
INFO: [ view_filter ] --START--
INFO: Run Behavior\WriteHtmlCacheBehavior [ RunTime:0.000573s ]
INFO: [ view_filter ] --END-- [ RunTime:0.000679s ]
INFO: [ app_end ] --START--
INFO: Run Behavior\ShowPageTraceBehavior [ RunTime:0.000918s ]
INFO: [ app_end ] --END-- [ RunTime:0.001100s ]

