[ 2016-09-23T10:23:31+08:00 ] ::1 /knowledge_base/Public/bootstrap/css/bootstrap.css.map
INFO: [ app_init ] --START--
INFO: Run Behavior\BuildLiteBehavior [ RunTime:0.000061s ]
INFO: [ app_init ] --END-- [ RunTime:0.002548s ]
ERR: 无法加载模块:Public

[ 2016-09-23T10:23:31+08:00 ] ::1 /knowledge_base/Public/bootstrap/css/bootstrap-theme.css.map
INFO: [ app_init ] --START--
INFO: Run Behavior\BuildLiteBehavior [ RunTime:0.000101s ]
INFO: [ app_init ] --END-- [ RunTime:0.002786s ]
ERR: 无法加载模块:Public

[ 2016-09-23T10:24:38+08:00 ] ::1 /knowledge_base/Public/bootstrap/css/bootstrap.css.map
INFO: [ app_init ] --START--
INFO: Run Behavior\BuildLiteBehavior [ RunTime:0.000043s ]
INFO: [ app_init ] --END-- [ RunTime:0.001293s ]
ERR: 无法加载模块:Public

[ 2016-09-23T10:24:38+08:00 ] ::1 /knowledge_base/Public/bootstrap/css/bootstrap-theme.css.map
INFO: [ app_init ] --START--
INFO: Run Behavior\BuildLiteBehavior [ RunTime:0.000052s ]
INFO: [ app_init ] --END-- [ RunTime:0.001091s ]
ERR: 无法加载模块:Public

[ 2016-09-23T10:24:38+08:00 ] ::1 /knowledge_base/index.js.map
INFO: [ app_init ] --START--
INFO: Run Behavior\BuildLiteBehavior [ RunTime:0.000049s ]
INFO: [ app_init ] --END-- [ RunTime:0.000998s ]
ERR: 无法加载模块:Index.js

[ 2016-09-23T10:25:19+08:00 ] ::1 /knowledge_base/Public/bootstrap/css/bootstrap-theme.css.map
INFO: [ app_init ] --START--
INFO: Run Behavior\BuildLiteBehavior [ RunTime:0.000046s ]
INFO: [ app_init ] --END-- [ RunTime:0.007085s ]
ERR: 无法加载模块:Public

[ 2016-09-23T10:25:19+08:00 ] ::1 /knowledge_base/Public/bootstrap/css/bootstrap.css.map
INFO: [ app_init ] --START--
INFO: Run Behavior\BuildLiteBehavior [ RunTime:0.000047s ]
INFO: [ app_init ] --END-- [ RunTime:0.000947s ]
ERR: 无法加载模块:Public

[ 2016-09-23T10:25:19+08:00 ] ::1 /knowledge_base/index.js.map
INFO: [ app_init ] --START--
INFO: Run Behavior\BuildLiteBehavior [ RunTime:0.000043s ]
INFO: [ app_init ] --END-- [ RunTime:0.000900s ]
ERR: 无法加载模块:Index.js

[ 2016-09-23T10:26:02+08:00 ] ::1 /knowledge_base/Public/bootstrap/css/bootstrap-theme.css.map
INFO: [ app_init ] --START--
INFO: Run Behavior\BuildLiteBehavior [ RunTime:0.000043s ]
INFO: [ app_init ] --END-- [ RunTime:0.000812s ]
ERR: 无法加载模块:Public

[ 2016-09-23T10:26:02+08:00 ] ::1 /knowledge_base/Public/bootstrap/css/bootstrap.css.map
INFO: [ app_init ] --START--
INFO: Run Behavior\BuildLiteBehavior [ RunTime:0.000047s ]
INFO: [ app_init ] --END-- [ RunTime:0.000925s ]
ERR: 无法加载模块:Public

[ 2016-09-23T10:26:02+08:00 ] ::1 /knowledge_base/index.js.map
INFO: [ app_init ] --START--
INFO: Run Behavior\BuildLiteBehavior [ RunTime:0.000042s ]
INFO: [ app_init ] --END-- [ RunTime:0.000745s ]
ERR: 无法加载模块:Index.js

[ 2016-09-23T10:26:55+08:00 ] ::1 /knowledge_base/Public/bootstrap/css/bootstrap-theme.css.map
INFO: [ app_init ] --START--
INFO: Run Behavior\BuildLiteBehavior [ RunTime:0.000044s ]
INFO: [ app_init ] --END-- [ RunTime:0.000743s ]
ERR: 无法加载模块:Public

[ 2016-09-23T10:26:55+08:00 ] ::1 /knowledge_base/Public/bootstrap/css/bootstrap.css.map
INFO: [ app_init ] --START--
INFO: Run Behavior\BuildLiteBehavior [ RunTime:0.000048s ]
INFO: [ app_init ] --END-- [ RunTime:0.001185s ]
ERR: 无法加载模块:Public

[ 2016-09-23T10:26:55+08:00 ] ::1 /knowledge_base/index.js.map
INFO: [ app_init ] --START--
INFO: Run Behavior\BuildLiteBehavior [ RunTime:0.000025s ]
INFO: [ app_init ] --END-- [ RunTime:0.000589s ]
ERR: 无法加载模块:Index.js

[ 2016-09-23T10:26:56+08:00 ] ::1 /knowledge_base/[object%20Object]
INFO: [ app_init ] --START--
INFO: Run Behavior\BuildLiteBehavior [ RunTime:0.000042s ]
INFO: [ app_init ] --END-- [ RunTime:0.000656s ]
ERR: 无法加载模块:[object Object]

[ 2016-09-23T10:27:31+08:00 ] ::1 /knowledge_base/Public/bootstrap/css/bootstrap-theme.css.map
INFO: [ app_init ] --START--
INFO: Run Behavior\BuildLiteBehavior [ RunTime:0.000040s ]
INFO: [ app_init ] --END-- [ RunTime:0.000783s ]
ERR: 无法加载模块:Public

[ 2016-09-23T10:27:31+08:00 ] ::1 /knowledge_base/Public/bootstrap/css/bootstrap.css.map
INFO: [ app_init ] --START--
INFO: Run Behavior\BuildLiteBehavior [ RunTime:0.000187s ]
INFO: [ app_init ] --END-- [ RunTime:0.002933s ]
ERR: 无法加载模块:Public

[ 2016-09-23T10:27:31+08:00 ] ::1 /knowledge_base/index.js.map
INFO: [ app_init ] --START--
INFO: Run Behavior\BuildLiteBehavior [ RunTime:0.000045s ]
INFO: [ app_init ] --END-- [ RunTime:0.000936s ]
ERR: 无法加载模块:Index.js

[ 2016-09-23T10:27:32+08:00 ] ::1 /knowledge_base/[object%20Object]
INFO: [ app_init ] --START--
INFO: Run Behavior\BuildLiteBehavior [ RunTime:0.000026s ]
INFO: [ app_init ] --END-- [ RunTime:0.000540s ]
ERR: 无法加载模块:[object Object]

[ 2016-09-23T10:28:06+08:00 ] ::1 /knowledge_base/Public/bootstrap/css/bootstrap-theme.css.map
INFO: [ app_init ] --START--
INFO: Run Behavior\BuildLiteBehavior [ RunTime:0.000040s ]
INFO: [ app_init ] --END-- [ RunTime:0.000839s ]
ERR: 无法加载模块:Public

[ 2016-09-23T10:28:06+08:00 ] ::1 /knowledge_base/Public/bootstrap/css/bootstrap.css.map
INFO: [ app_init ] --START--
INFO: Run Behavior\BuildLiteBehavior [ RunTime:0.000046s ]
INFO: [ app_init ] --END-- [ RunTime:0.000981s ]
ERR: 无法加载模块:Public

[ 2016-09-23T10:28:07+08:00 ] ::1 /knowledge_base/index.js.map
INFO: [ app_init ] --START--
INFO: Run Behavior\BuildLiteBehavior [ RunTime:0.000049s ]
INFO: [ app_init ] --END-- [ RunTime:0.002434s ]
ERR: 无法加载模块:Index.js

[ 2016-09-23T10:28:50+08:00 ] ::1 /knowledge_base/Public/bootstrap/css/bootstrap-theme.css.map
INFO: [ app_init ] --START--
INFO: Run Behavior\BuildLiteBehavior [ RunTime:0.000045s ]
INFO: [ app_init ] --END-- [ RunTime:0.000767s ]
ERR: 无法加载模块:Public

[ 2016-09-23T10:28:50+08:00 ] ::1 /knowledge_base/Public/bootstrap/css/bootstrap.css.map
INFO: [ app_init ] --START--
INFO: Run Behavior\BuildLiteBehavior [ RunTime:0.000044s ]
INFO: [ app_init ] --END-- [ RunTime:0.000962s ]
ERR: 无法加载模块:Public

[ 2016-09-23T10:28:50+08:00 ] ::1 /knowledge_base/index.js.map
INFO: [ app_init ] --START--
INFO: Run Behavior\BuildLiteBehavior [ RunTime:0.000044s ]
INFO: [ app_init ] --END-- [ RunTime:0.000857s ]
ERR: 无法加载模块:Index.js

[ 2016-09-23T10:29:28+08:00 ] ::1 /knowledge_base/Public/bootstrap/css/bootstrap-theme.css.map
INFO: [ app_init ] --START--
INFO: Run Behavior\BuildLiteBehavior [ RunTime:0.000042s ]
INFO: [ app_init ] --END-- [ RunTime:0.000892s ]
ERR: 无法加载模块:Public

[ 2016-09-23T10:29:28+08:00 ] ::1 /knowledge_base/Public/bootstrap/css/bootstrap.css.map
INFO: [ app_init ] --START--
INFO: Run Behavior\BuildLiteBehavior [ RunTime:0.000047s ]
INFO: [ app_init ] --END-- [ RunTime:0.001160s ]
ERR: 无法加载模块:Public

[ 2016-09-23T10:29:28+08:00 ] ::1 /knowledge_base/index.js.map
INFO: [ app_init ] --START--
INFO: Run Behavior\BuildLiteBehavior [ RunTime:0.000051s ]
INFO: [ app_init ] --END-- [ RunTime:0.001001s ]
ERR: 无法加载模块:Index.js

[ 2016-09-23T10:31:50+08:00 ] ::1 /knowledge_base/Public/bootstrap/css/bootstrap-theme.css.map
INFO: [ app_init ] --START--
INFO: Run Behavior\BuildLiteBehavior [ RunTime:0.000047s ]
INFO: [ app_init ] --END-- [ RunTime:0.000951s ]
ERR: 无法加载模块:Public

[ 2016-09-23T10:31:50+08:00 ] ::1 /knowledge_base/Public/bootstrap/css/bootstrap.css.map
INFO: [ app_init ] --START--
INFO: Run Behavior\BuildLiteBehavior [ RunTime:0.000042s ]
INFO: [ app_init ] --END-- [ RunTime:0.000803s ]
ERR: 无法加载模块:Public

[ 2016-09-23T10:31:50+08:00 ] ::1 /knowledge_base/index.js.map
INFO: [ app_init ] --START--
INFO: Run Behavior\BuildLiteBehavior [ RunTime:0.000027s ]
INFO: [ app_init ] --END-- [ RunTime:0.000515s ]
ERR: 无法加载模块:Index.js

[ 2016-09-23T10:33:49+08:00 ] ::1 /knowledge_base/Public/bootstrap/css/bootstrap-theme.css.map
INFO: [ app_init ] --START--
INFO: Run Behavior\BuildLiteBehavior [ RunTime:0.000045s ]
INFO: [ app_init ] --END-- [ RunTime:0.000878s ]
ERR: 无法加载模块:Public

[ 2016-09-23T10:33:49+08:00 ] ::1 /knowledge_base/Public/bootstrap/css/bootstrap.css.map
INFO: [ app_init ] --START--
INFO: Run Behavior\BuildLiteBehavior [ RunTime:0.000050s ]
INFO: [ app_init ] --END-- [ RunTime:0.002737s ]
ERR: 无法加载模块:Public

[ 2016-09-23T10:33:49+08:00 ] ::1 /knowledge_base/index.js.map
INFO: [ app_init ] --START--
INFO: Run Behavior\BuildLiteBehavior [ RunTime:0.000025s ]
INFO: [ app_init ] --END-- [ RunTime:0.000536s ]
ERR: 无法加载模块:Index.js

[ 2016-09-23T10:36:49+08:00 ] ::1 /knowledge_base/Public/bootstrap/css/bootstrap-theme.css.map
INFO: [ app_init ] --START--
INFO: Run Behavior\BuildLiteBehavior [ RunTime:0.000044s ]
INFO: [ app_init ] --END-- [ RunTime:0.000832s ]
ERR: 无法加载模块:Public

[ 2016-09-23T10:36:49+08:00 ] ::1 /knowledge_base/Public/bootstrap/css/bootstrap.css.map
INFO: [ app_init ] --START--
INFO: Run Behavior\BuildLiteBehavior [ RunTime:0.000045s ]
INFO: [ app_init ] --END-- [ RunTime:0.000874s ]
ERR: 无法加载模块:Public

[ 2016-09-23T10:36:49+08:00 ] ::1 /knowledge_base/index.js.map
INFO: [ app_init ] --START--
INFO: Run Behavior\BuildLiteBehavior [ RunTime:0.000033s ]
INFO: [ app_init ] --END-- [ RunTime:0.000585s ]
ERR: 无法加载模块:Index.js

[ 2016-09-23T10:38:08+08:00 ] ::1 /knowledge_base/Public/bootstrap/css/bootstrap-theme.css.map
INFO: [ app_init ] --START--
INFO: Run Behavior\BuildLiteBehavior [ RunTime:0.000046s ]
INFO: [ app_init ] --END-- [ RunTime:0.002183s ]
ERR: 无法加载模块:Public

[ 2016-09-23T10:38:08+08:00 ] ::1 /knowledge_base/Public/bootstrap/css/bootstrap.css.map
INFO: [ app_init ] --START--
INFO: Run Behavior\BuildLiteBehavior [ RunTime:0.000060s ]
INFO: [ app_init ] --END-- [ RunTime:0.004823s ]
ERR: 无法加载模块:Public

[ 2016-09-23T10:38:08+08:00 ] ::1 /knowledge_base/index.js.map
INFO: [ app_init ] --START--
INFO: Run Behavior\BuildLiteBehavior [ RunTime:0.000055s ]
INFO: [ app_init ] --END-- [ RunTime:0.000982s ]
ERR: 无法加载模块:Index.js

[ 2016-09-23T10:38:46+08:00 ] ::1 /knowledge_base/Public/bootstrap/css/bootstrap-theme.css.map
INFO: [ app_init ] --START--
INFO: Run Behavior\BuildLiteBehavior [ RunTime:0.000042s ]
INFO: [ app_init ] --END-- [ RunTime:0.000816s ]
ERR: 无法加载模块:Public

[ 2016-09-23T10:38:46+08:00 ] ::1 /knowledge_base/Public/bootstrap/css/bootstrap.css.map
INFO: [ app_init ] --START--
INFO: Run Behavior\BuildLiteBehavior [ RunTime:0.000042s ]
INFO: [ app_init ] --END-- [ RunTime:0.000929s ]
ERR: 无法加载模块:Public

[ 2016-09-23T10:38:46+08:00 ] ::1 /knowledge_base/index.js.map
INFO: [ app_init ] --START--
INFO: Run Behavior\BuildLiteBehavior [ RunTime:0.000045s ]
INFO: [ app_init ] --END-- [ RunTime:0.001025s ]
ERR: 无法加载模块:Index.js

[ 2016-09-23T10:39:56+08:00 ] ::1 /knowledge_base/Public/bootstrap/css/bootstrap-theme.css.map
INFO: [ app_init ] --START--
INFO: Run Behavior\BuildLiteBehavior [ RunTime:0.000043s ]
INFO: [ app_init ] --END-- [ RunTime:0.000737s ]
ERR: 无法加载模块:Public

[ 2016-09-23T10:39:56+08:00 ] ::1 /knowledge_base/Public/bootstrap/css/bootstrap.css.map
INFO: [ app_init ] --START--
INFO: Run Behavior\BuildLiteBehavior [ RunTime:0.000040s ]
INFO: [ app_init ] --END-- [ RunTime:0.000732s ]
ERR: 无法加载模块:Public

[ 2016-09-23T10:39:56+08:00 ] ::1 /knowledge_base/index.js.map
INFO: [ app_init ] --START--
INFO: Run Behavior\BuildLiteBehavior [ RunTime:0.000026s ]
INFO: [ app_init ] --END-- [ RunTime:0.000490s ]
ERR: 无法加载模块:Index.js

[ 2016-09-23T10:41:38+08:00 ] ::1 /knowledge_base/Public/bootstrap/css/bootstrap-theme.css.map
INFO: [ app_init ] --START--
INFO: Run Behavior\BuildLiteBehavior [ RunTime:0.000047s ]
INFO: [ app_init ] --END-- [ RunTime:0.000848s ]
ERR: 无法加载模块:Public

[ 2016-09-23T10:41:38+08:00 ] ::1 /knowledge_base/Public/bootstrap/css/bootstrap.css.map
INFO: [ app_init ] --START--
INFO: Run Behavior\BuildLiteBehavior [ RunTime:0.000041s ]
INFO: [ app_init ] --END-- [ RunTime:0.000923s ]
ERR: 无法加载模块:Public

[ 2016-09-23T10:41:38+08:00 ] ::1 /knowledge_base/index.js.map
INFO: [ app_init ] --START--
INFO: Run Behavior\BuildLiteBehavior [ RunTime:0.000028s ]
INFO: [ app_init ] --END-- [ RunTime:0.000560s ]
ERR: 无法加载模块:Index.js

[ 2016-09-23T10:41:56+08:00 ] ::1 /knowledge_base/Public/bootstrap/css/bootstrap-theme.css.map
INFO: [ app_init ] --START--
INFO: Run Behavior\BuildLiteBehavior [ RunTime:0.000051s ]
INFO: [ app_init ] --END-- [ RunTime:0.001561s ]
ERR: 无法加载模块:Public

[ 2016-09-23T10:41:56+08:00 ] ::1 /knowledge_base/Public/bootstrap/css/bootstrap.css.map
INFO: [ app_init ] --START--
INFO: Run Behavior\BuildLiteBehavior [ RunTime:0.000042s ]
INFO: [ app_init ] --END-- [ RunTime:0.000866s ]
ERR: 无法加载模块:Public

[ 2016-09-23T10:41:56+08:00 ] ::1 /knowledge_base/index.js.map
INFO: [ app_init ] --START--
INFO: Run Behavior\BuildLiteBehavior [ RunTime:0.000044s ]
INFO: [ app_init ] --END-- [ RunTime:0.000902s ]
ERR: 无法加载模块:Index.js

[ 2016-09-23T10:42:15+08:00 ] ::1 /knowledge_base/Public/bootstrap/css/bootstrap-theme.css.map
INFO: [ app_init ] --START--
INFO: Run Behavior\BuildLiteBehavior [ RunTime:0.000040s ]
INFO: [ app_init ] --END-- [ RunTime:0.000841s ]
ERR: 无法加载模块:Public

[ 2016-09-23T10:42:15+08:00 ] ::1 /knowledge_base/Public/bootstrap/css/bootstrap.css.map
INFO: [ app_init ] --START--
INFO: Run Behavior\BuildLiteBehavior [ RunTime:0.000039s ]
INFO: [ app_init ] --END-- [ RunTime:0.000942s ]
ERR: 无法加载模块:Public

[ 2016-09-23T10:42:15+08:00 ] ::1 /knowledge_base/index.js.map
INFO: [ app_init ] --START--
INFO: Run Behavior\BuildLiteBehavior [ RunTime:0.000031s ]
INFO: [ app_init ] --END-- [ RunTime:0.000610s ]
ERR: 无法加载模块:Index.js

[ 2016-09-23T10:42:28+08:00 ] ::1 /knowledge_base/Public/bootstrap/css/bootstrap-theme.css.map
INFO: [ app_init ] --START--
INFO: Run Behavior\BuildLiteBehavior [ RunTime:0.000046s ]
INFO: [ app_init ] --END-- [ RunTime:0.000860s ]
ERR: 无法加载模块:Public

[ 2016-09-23T10:42:28+08:00 ] ::1 /knowledge_base/Public/bootstrap/css/bootstrap.css.map
INFO: [ app_init ] --START--
INFO: Run Behavior\BuildLiteBehavior [ RunTime:0.000038s ]
INFO: [ app_init ] --END-- [ RunTime:0.000844s ]
ERR: 无法加载模块:Public

[ 2016-09-23T10:42:28+08:00 ] ::1 /knowledge_base/index.js.map
INFO: [ app_init ] --START--
INFO: Run Behavior\BuildLiteBehavior [ RunTime:0.000049s ]
INFO: [ app_init ] --END-- [ RunTime:0.001236s ]
ERR: 无法加载模块:Index.js

[ 2016-09-23T10:42:34+08:00 ] ::1 /knowledge_base/Public/bootstrap/css/bootstrap-theme.css.map
INFO: [ app_init ] --START--
INFO: Run Behavior\BuildLiteBehavior [ RunTime:0.000026s ]
INFO: [ app_init ] --END-- [ RunTime:0.000493s ]
ERR: 无法加载模块:Public

[ 2016-09-23T10:42:34+08:00 ] ::1 /knowledge_base/Public/bootstrap/css/bootstrap.css.map
INFO: [ app_init ] --START--
INFO: Run Behavior\BuildLiteBehavior [ RunTime:0.000046s ]
INFO: [ app_init ] --END-- [ RunTime:0.000953s ]
ERR: 无法加载模块:Public

[ 2016-09-23T10:42:34+08:00 ] ::1 /knowledge_base/index.js.map
INFO: [ app_init ] --START--
INFO: Run Behavior\BuildLiteBehavior [ RunTime:0.000042s ]
INFO: [ app_init ] --END-- [ RunTime:0.001050s ]
ERR: 无法加载模块:Index.js

[ 2016-09-23T10:42:46+08:00 ] ::1 /knowledge_base/Public/bootstrap/css/bootstrap-theme.css.map
INFO: [ app_init ] --START--
INFO: Run Behavior\BuildLiteBehavior [ RunTime:0.000053s ]
INFO: [ app_init ] --END-- [ RunTime:0.000915s ]
ERR: 无法加载模块:Public

[ 2016-09-23T10:42:46+08:00 ] ::1 /knowledge_base/Public/bootstrap/css/bootstrap.css.map
INFO: [ app_init ] --START--
INFO: Run Behavior\BuildLiteBehavior [ RunTime:0.000027s ]
INFO: [ app_init ] --END-- [ RunTime:0.000933s ]
ERR: 无法加载模块:Public

[ 2016-09-23T10:42:46+08:00 ] ::1 /knowledge_base/index.js.map
INFO: [ app_init ] --START--
INFO: Run Behavior\BuildLiteBehavior [ RunTime:0.000046s ]
INFO: [ app_init ] --END-- [ RunTime:0.000842s ]
ERR: 无法加载模块:Index.js

[ 2016-09-23T10:44:02+08:00 ] ::1 /knowledge_base/Public/bootstrap/css/bootstrap-theme.css.map
INFO: [ app_init ] --START--
INFO: Run Behavior\BuildLiteBehavior [ RunTime:0.000051s ]
INFO: [ app_init ] --END-- [ RunTime:0.000987s ]
ERR: 无法加载模块:Public

[ 2016-09-23T10:44:02+08:00 ] ::1 /knowledge_base/Public/bootstrap/css/bootstrap.css.map
INFO: [ app_init ] --START--
INFO: Run Behavior\BuildLiteBehavior [ RunTime:0.000044s ]
INFO: [ app_init ] --END-- [ RunTime:0.001018s ]
ERR: 无法加载模块:Public

[ 2016-09-23T10:44:02+08:00 ] ::1 /knowledge_base/index.js.map
INFO: [ app_init ] --START--
INFO: Run Behavior\BuildLiteBehavior [ RunTime:0.000047s ]
INFO: [ app_init ] --END-- [ RunTime:0.001278s ]
ERR: 无法加载模块:Index.js

[ 2016-09-23T10:45:06+08:00 ] ::1 /knowledge_base/Public/bootstrap/css/bootstrap.css.map
INFO: [ app_init ] --START--
INFO: Run Behavior\BuildLiteBehavior [ RunTime:0.000038s ]
INFO: [ app_init ] --END-- [ RunTime:0.000730s ]
ERR: 无法加载模块:Public

[ 2016-09-23T10:45:06+08:00 ] ::1 /knowledge_base/Public/bootstrap/css/bootstrap-theme.css.map
INFO: [ app_init ] --START--
INFO: Run Behavior\BuildLiteBehavior [ RunTime:0.000099s ]
INFO: [ app_init ] --END-- [ RunTime:0.000899s ]
ERR: 无法加载模块:Public

[ 2016-09-23T10:45:06+08:00 ] ::1 /knowledge_base/index.js.map
INFO: [ app_init ] --START--
INFO: Run Behavior\BuildLiteBehavior [ RunTime:0.000048s ]
INFO: [ app_init ] --END-- [ RunTime:0.000936s ]
ERR: 无法加载模块:Index.js

[ 2016-09-23T10:48:59+08:00 ] ::1 /knowledge_base/Public/bootstrap/css/bootstrap-theme.css.map
INFO: [ app_init ] --START--
INFO: Run Behavior\BuildLiteBehavior [ RunTime:0.000056s ]
INFO: [ app_init ] --END-- [ RunTime:0.000831s ]
ERR: 无法加载模块:Public

[ 2016-09-23T10:48:59+08:00 ] ::1 /knowledge_base/Public/bootstrap/css/bootstrap.css.map
INFO: [ app_init ] --START--
INFO: Run Behavior\BuildLiteBehavior [ RunTime:0.000041s ]
INFO: [ app_init ] --END-- [ RunTime:0.001029s ]
ERR: 无法加载模块:Public

[ 2016-09-23T10:48:59+08:00 ] ::1 /knowledge_base/index.js.map
INFO: [ app_init ] --START--
INFO: Run Behavior\BuildLiteBehavior [ RunTime:0.000043s ]
INFO: [ app_init ] --END-- [ RunTime:0.000928s ]
ERR: 无法加载模块:Index.js

[ 2016-09-23T10:50:05+08:00 ] ::1 /knowledge_base/Public/bootstrap/css/bootstrap-theme.css.map
INFO: [ app_init ] --START--
INFO: Run Behavior\BuildLiteBehavior [ RunTime:0.000043s ]
INFO: [ app_init ] --END-- [ RunTime:0.000938s ]
ERR: 无法加载模块:Public

[ 2016-09-23T10:50:05+08:00 ] ::1 /knowledge_base/Public/bootstrap/css/bootstrap.css.map
INFO: [ app_init ] --START--
INFO: Run Behavior\BuildLiteBehavior [ RunTime:0.000046s ]
INFO: [ app_init ] --END-- [ RunTime:0.000899s ]
ERR: 无法加载模块:Public

[ 2016-09-23T10:50:05+08:00 ] ::1 /knowledge_base/index.js.map
INFO: [ app_init ] --START--
INFO: Run Behavior\BuildLiteBehavior [ RunTime:0.000053s ]
INFO: [ app_init ] --END-- [ RunTime:0.001286s ]
ERR: 无法加载模块:Index.js

[ 2016-09-23T10:52:13+08:00 ] ::1 /knowledge_base/Public/bootstrap/css/bootstrap-theme.css.map
INFO: [ app_init ] --START--
INFO: Run Behavior\BuildLiteBehavior [ RunTime:0.000042s ]
INFO: [ app_init ] --END-- [ RunTime:0.000764s ]
ERR: 无法加载模块:Public

[ 2016-09-23T10:52:13+08:00 ] ::1 /knowledge_base/Public/bootstrap/css/bootstrap.css.map
INFO: [ app_init ] --START--
INFO: Run Behavior\BuildLiteBehavior [ RunTime:0.000027s ]
INFO: [ app_init ] --END-- [ RunTime:0.000597s ]
ERR: 无法加载模块:Public

[ 2016-09-23T10:52:13+08:00 ] ::1 /knowledge_base/index.js.map
INFO: [ app_init ] --START--
INFO: Run Behavior\BuildLiteBehavior [ RunTime:0.000084s ]
INFO: [ app_init ] --END-- [ RunTime:0.001424s ]
ERR: 无法加载模块:Index.js

[ 2016-09-23T10:54:15+08:00 ] ::1 /knowledge_base/Public/bootstrap/css/bootstrap-theme.css.map
INFO: [ app_init ] --START--
INFO: Run Behavior\BuildLiteBehavior [ RunTime:0.000048s ]
INFO: [ app_init ] --END-- [ RunTime:0.000811s ]
ERR: 无法加载模块:Public

[ 2016-09-23T10:54:15+08:00 ] ::1 /knowledge_base/Public/bootstrap/css/bootstrap.css.map
INFO: [ app_init ] --START--
INFO: Run Behavior\BuildLiteBehavior [ RunTime:0.000040s ]
INFO: [ app_init ] --END-- [ RunTime:0.000975s ]
ERR: 无法加载模块:Public

[ 2016-09-23T10:54:16+08:00 ] ::1 /knowledge_base/index.js.map
INFO: [ app_init ] --START--
INFO: Run Behavior\BuildLiteBehavior [ RunTime:0.000047s ]
INFO: [ app_init ] --END-- [ RunTime:0.001084s ]
ERR: 无法加载模块:Index.js

[ 2016-09-23T10:55:27+08:00 ] ::1 /knowledge_base/Public/bootstrap/css/bootstrap.css.map
INFO: [ app_init ] --START--
INFO: Run Behavior\BuildLiteBehavior [ RunTime:0.000045s ]
INFO: [ app_init ] --END-- [ RunTime:0.000747s ]
ERR: 无法加载模块:Public

[ 2016-09-23T10:55:27+08:00 ] ::1 /knowledge_base/Public/bootstrap/css/bootstrap-theme.css.map
INFO: [ app_init ] --START--
INFO: Run Behavior\BuildLiteBehavior [ RunTime:0.000043s ]
INFO: [ app_init ] --END-- [ RunTime:0.000763s ]
ERR: 无法加载模块:Public

[ 2016-09-23T10:55:27+08:00 ] ::1 /knowledge_base/index.js.map
INFO: [ app_init ] --START--
INFO: Run Behavior\BuildLiteBehavior [ RunTime:0.000056s ]
INFO: [ app_init ] --END-- [ RunTime:0.001336s ]
ERR: 无法加载模块:Index.js

[ 2016-09-23T10:55:38+08:00 ] ::1 /knowledge_base/Public/bootstrap/css/bootstrap-theme.css.map
INFO: [ app_init ] --START--
INFO: Run Behavior\BuildLiteBehavior [ RunTime:0.000040s ]
INFO: [ app_init ] --END-- [ RunTime:0.000738s ]
ERR: 无法加载模块:Public

[ 2016-09-23T10:55:38+08:00 ] ::1 /knowledge_base/Public/bootstrap/css/bootstrap.css.map
INFO: [ app_init ] --START--
INFO: Run Behavior\BuildLiteBehavior [ RunTime:0.000044s ]
INFO: [ app_init ] --END-- [ RunTime:0.000797s ]
ERR: 无法加载模块:Public

[ 2016-09-23T10:55:38+08:00 ] ::1 /knowledge_base/index.js.map
INFO: [ app_init ] --START--
INFO: Run Behavior\BuildLiteBehavior [ RunTime:0.000027s ]
INFO: [ app_init ] --END-- [ RunTime:0.000803s ]
ERR: 无法加载模块:Index.js

[ 2016-09-23T10:56:11+08:00 ] ::1 /knowledge_base/Public/bootstrap/css/bootstrap-theme.css.map
INFO: [ app_init ] --START--
INFO: Run Behavior\BuildLiteBehavior [ RunTime:0.000025s ]
INFO: [ app_init ] --END-- [ RunTime:0.000487s ]
ERR: 无法加载模块:Public

[ 2016-09-23T10:56:11+08:00 ] ::1 /knowledge_base/Public/bootstrap/css/bootstrap.css.map
INFO: [ app_init ] --START--
INFO: Run Behavior\BuildLiteBehavior [ RunTime:0.000026s ]
INFO: [ app_init ] --END-- [ RunTime:0.000529s ]
ERR: 无法加载模块:Public

[ 2016-09-23T10:56:11+08:00 ] ::1 /knowledge_base/index.js.map
INFO: [ app_init ] --START--
INFO: Run Behavior\BuildLiteBehavior [ RunTime:0.000069s ]
INFO: [ app_init ] --END-- [ RunTime:0.001553s ]
ERR: 无法加载模块:Index.js

[ 2016-09-23T10:56:32+08:00 ] ::1 /knowledge_base/Public/bootstrap/css/bootstrap.css.map
INFO: [ app_init ] --START--
INFO: Run Behavior\BuildLiteBehavior [ RunTime:0.000038s ]
INFO: [ app_init ] --END-- [ RunTime:0.000835s ]
ERR: 无法加载模块:Public

[ 2016-09-23T10:56:32+08:00 ] ::1 /knowledge_base/Public/bootstrap/css/bootstrap-theme.css.map
INFO: [ app_init ] --START--
INFO: Run Behavior\BuildLiteBehavior [ RunTime:0.000060s ]
INFO: [ app_init ] --END-- [ RunTime:0.000913s ]
ERR: 无法加载模块:Public

[ 2016-09-23T10:56:32+08:00 ] ::1 /knowledge_base/index.js.map
INFO: [ app_init ] --START--
INFO: Run Behavior\BuildLiteBehavior [ RunTime:0.000035s ]
INFO: [ app_init ] --END-- [ RunTime:0.002929s ]
ERR: 无法加载模块:Index.js

[ 2016-09-23T10:56:39+08:00 ] ::1 /knowledge_base/Public/bootstrap/css/bootstrap.css.map
INFO: [ app_init ] --START--
INFO: Run Behavior\BuildLiteBehavior [ RunTime:0.000041s ]
INFO: [ app_init ] --END-- [ RunTime:0.000772s ]
ERR: 无法加载模块:Public

[ 2016-09-23T10:56:39+08:00 ] ::1 /knowledge_base/Public/bootstrap/css/bootstrap-theme.css.map
INFO: [ app_init ] --START--
INFO: Run Behavior\BuildLiteBehavior [ RunTime:0.000042s ]
INFO: [ app_init ] --END-- [ RunTime:0.000741s ]
ERR: 无法加载模块:Public

[ 2016-09-23T10:56:39+08:00 ] ::1 /knowledge_base/index.js.map
INFO: [ app_init ] --START--
INFO: Run Behavior\BuildLiteBehavior [ RunTime:0.000046s ]
INFO: [ app_init ] --END-- [ RunTime:0.001187s ]
ERR: 无法加载模块:Index.js

[ 2016-09-23T10:56:57+08:00 ] ::1 /knowledge_base/Public/bootstrap/css/bootstrap.css.map
INFO: [ app_init ] --START--
INFO: Run Behavior\BuildLiteBehavior [ RunTime:0.000057s ]
INFO: [ app_init ] --END-- [ RunTime:0.001533s ]
ERR: 无法加载模块:Public

[ 2016-09-23T10:56:57+08:00 ] ::1 /knowledge_base/Public/bootstrap/css/bootstrap-theme.css.map
INFO: [ app_init ] --START--
INFO: Run Behavior\BuildLiteBehavior [ RunTime:0.000047s ]
INFO: [ app_init ] --END-- [ RunTime:0.001004s ]
ERR: 无法加载模块:Public

[ 2016-09-23T10:56:57+08:00 ] ::1 /knowledge_base/index.js.map
INFO: [ app_init ] --START--
INFO: Run Behavior\BuildLiteBehavior [ RunTime:0.000023s ]
INFO: [ app_init ] --END-- [ RunTime:0.000520s ]
ERR: 无法加载模块:Index.js

[ 2016-09-23T10:58:54+08:00 ] ::1 /knowledge_base/Public/bootstrap/css/bootstrap.css.map
INFO: [ app_init ] --START--
INFO: Run Behavior\BuildLiteBehavior [ RunTime:0.000094s ]
INFO: [ app_init ] --END-- [ RunTime:0.001599s ]
ERR: 无法加载模块:Public

[ 2016-09-23T10:58:55+08:00 ] ::1 /knowledge_base/Public/bootstrap/css/bootstrap-theme.css.map
INFO: [ app_init ] --START--
INFO: Run Behavior\BuildLiteBehavior [ RunTime:0.000044s ]
INFO: [ app_init ] --END-- [ RunTime:0.000876s ]
ERR: 无法加载模块:Public

[ 2016-09-23T10:58:55+08:00 ] ::1 /knowledge_base/index.js.map
INFO: [ app_init ] --START--
INFO: Run Behavior\BuildLiteBehavior [ RunTime:0.000027s ]
INFO: [ app_init ] --END-- [ RunTime:0.000552s ]
ERR: 无法加载模块:Index.js

[ 2016-09-23T10:59:04+08:00 ] ::1 /knowledge_base/Public/bootstrap/css/bootstrap-theme.css.map
INFO: [ app_init ] --START--
INFO: Run Behavior\BuildLiteBehavior [ RunTime:0.000044s ]
INFO: [ app_init ] --END-- [ RunTime:0.000839s ]
ERR: 无法加载模块:Public

[ 2016-09-23T10:59:04+08:00 ] ::1 /knowledge_base/Public/bootstrap/css/bootstrap.css.map
INFO: [ app_init ] --START--
INFO: Run Behavior\BuildLiteBehavior [ RunTime:0.000047s ]
INFO: [ app_init ] --END-- [ RunTime:0.001167s ]
ERR: 无法加载模块:Public

[ 2016-09-23T10:59:04+08:00 ] ::1 /knowledge_base/index.js.map
INFO: [ app_init ] --START--
INFO: Run Behavior\BuildLiteBehavior [ RunTime:0.000047s ]
INFO: [ app_init ] --END-- [ RunTime:0.000977s ]
ERR: 无法加载模块:Index.js

[ 2016-09-23T10:59:48+08:00 ] ::1 /knowledge_base/Public/bootstrap/css/bootstrap-theme.css.map
INFO: [ app_init ] --START--
INFO: Run Behavior\BuildLiteBehavior [ RunTime:0.000045s ]
INFO: [ app_init ] --END-- [ RunTime:0.000748s ]
ERR: 无法加载模块:Public

[ 2016-09-23T10:59:48+08:00 ] ::1 /knowledge_base/Public/bootstrap/css/bootstrap.css.map
INFO: [ app_init ] --START--
INFO: Run Behavior\BuildLiteBehavior [ RunTime:0.000040s ]
INFO: [ app_init ] --END-- [ RunTime:0.000890s ]
ERR: 无法加载模块:Public

[ 2016-09-23T10:59:48+08:00 ] ::1 /knowledge_base/index.js.map
INFO: [ app_init ] --START--
INFO: Run Behavior\BuildLiteBehavior [ RunTime:0.000054s ]
INFO: [ app_init ] --END-- [ RunTime:0.001012s ]
ERR: 无法加载模块:Index.js

[ 2016-09-23T11:00:56+08:00 ] ::1 /knowledge_base/Public/bootstrap/css/bootstrap-theme.css.map
INFO: [ app_init ] --START--
INFO: Run Behavior\BuildLiteBehavior [ RunTime:0.000042s ]
INFO: [ app_init ] --END-- [ RunTime:0.000819s ]
ERR: 无法加载模块:Public

[ 2016-09-23T11:00:56+08:00 ] ::1 /knowledge_base/Public/bootstrap/css/bootstrap.css.map
INFO: [ app_init ] --START--
INFO: Run Behavior\BuildLiteBehavior [ RunTime:0.000043s ]
INFO: [ app_init ] --END-- [ RunTime:0.000861s ]
ERR: 无法加载模块:Public

[ 2016-09-23T11:00:56+08:00 ] ::1 /knowledge_base/index.js.map
INFO: [ app_init ] --START--
INFO: Run Behavior\BuildLiteBehavior [ RunTime:0.000733s ]
INFO: [ app_init ] --END-- [ RunTime:0.003689s ]
ERR: 无法加载模块:Index.js

[ 2016-09-23T11:02:25+08:00 ] ::1 /knowledge_base/Public/bootstrap/css/bootstrap-theme.css.map
INFO: [ app_init ] --START--
INFO: Run Behavior\BuildLiteBehavior [ RunTime:0.000042s ]
INFO: [ app_init ] --END-- [ RunTime:0.000776s ]
ERR: 无法加载模块:Public

[ 2016-09-23T11:02:25+08:00 ] ::1 /knowledge_base/Public/bootstrap/css/bootstrap.css.map
INFO: [ app_init ] --START--
INFO: Run Behavior\BuildLiteBehavior [ RunTime:0.000054s ]
INFO: [ app_init ] --END-- [ RunTime:0.000906s ]
ERR: 无法加载模块:Public

[ 2016-09-23T11:02:25+08:00 ] ::1 /knowledge_base/index.js.map
INFO: [ app_init ] --START--
INFO: Run Behavior\BuildLiteBehavior [ RunTime:0.000144s ]
INFO: [ app_init ] --END-- [ RunTime:0.001610s ]
ERR: 无法加载模块:Index.js

[ 2016-09-23T11:03:44+08:00 ] ::1 /knowledge_base/Public/bootstrap/css/bootstrap-theme.css.map
INFO: [ app_init ] --START--
INFO: Run Behavior\BuildLiteBehavior [ RunTime:0.000025s ]
INFO: [ app_init ] --END-- [ RunTime:0.000559s ]
ERR: 无法加载模块:Public

[ 2016-09-23T11:03:44+08:00 ] ::1 /knowledge_base/Public/bootstrap/css/bootstrap.css.map
INFO: [ app_init ] --START--
INFO: Run Behavior\BuildLiteBehavior [ RunTime:0.000027s ]
INFO: [ app_init ] --END-- [ RunTime:0.000576s ]
ERR: 无法加载模块:Public

[ 2016-09-23T11:03:44+08:00 ] ::1 /knowledge_base/index.js.map
INFO: [ app_init ] --START--
INFO: Run Behavior\BuildLiteBehavior [ RunTime:0.000135s ]
INFO: [ app_init ] --END-- [ RunTime:0.001991s ]
ERR: 无法加载模块:Index.js

[ 2016-09-23T11:04:23+08:00 ] ::1 /knowledge_base/Public/bootstrap/css/bootstrap-theme.css.map
INFO: [ app_init ] --START--
INFO: Run Behavior\BuildLiteBehavior [ RunTime:0.000074s ]
INFO: [ app_init ] --END-- [ RunTime:0.001253s ]
ERR: 无法加载模块:Public

[ 2016-09-23T11:04:23+08:00 ] ::1 /knowledge_base/Public/bootstrap/css/bootstrap.css.map
INFO: [ app_init ] --START--
INFO: Run Behavior\BuildLiteBehavior [ RunTime:0.000043s ]
INFO: [ app_init ] --END-- [ RunTime:0.001368s ]
ERR: 无法加载模块:Public

[ 2016-09-23T11:04:23+08:00 ] ::1 /knowledge_base/index.js.map
INFO: [ app_init ] --START--
INFO: Run Behavior\BuildLiteBehavior [ RunTime:0.000109s ]
INFO: [ app_init ] --END-- [ RunTime:0.001408s ]
ERR: 无法加载模块:Index.js

[ 2016-09-23T11:04:38+08:00 ] ::1 /knowledge_base/Public/bootstrap/css/bootstrap.css.map
INFO: [ app_init ] --START--
INFO: Run Behavior\BuildLiteBehavior [ RunTime:0.000040s ]
INFO: [ app_init ] --END-- [ RunTime:0.000737s ]
ERR: 无法加载模块:Public

[ 2016-09-23T11:04:38+08:00 ] ::1 /knowledge_base/Public/bootstrap/css/bootstrap-theme.css.map
INFO: [ app_init ] --START--
INFO: Run Behavior\BuildLiteBehavior [ RunTime:0.000047s ]
INFO: [ app_init ] --END-- [ RunTime:0.001127s ]
ERR: 无法加载模块:Public

[ 2016-09-23T11:04:38+08:00 ] ::1 /knowledge_base/index.js.map
INFO: [ app_init ] --START--
INFO: Run Behavior\BuildLiteBehavior [ RunTime:0.000048s ]
INFO: [ app_init ] --END-- [ RunTime:0.001160s ]
ERR: 无法加载模块:Index.js

[ 2016-09-23T11:04:57+08:00 ] ::1 /knowledge_base/Public/bootstrap/css/bootstrap-theme.css.map
INFO: [ app_init ] --START--
INFO: Run Behavior\BuildLiteBehavior [ RunTime:0.000137s ]
INFO: [ app_init ] --END-- [ RunTime:0.001316s ]
ERR: 无法加载模块:Public

[ 2016-09-23T11:04:57+08:00 ] ::1 /knowledge_base/Public/bootstrap/css/bootstrap.css.map
INFO: [ app_init ] --START--
INFO: Run Behavior\BuildLiteBehavior [ RunTime:0.000046s ]
INFO: [ app_init ] --END-- [ RunTime:0.001847s ]
ERR: 无法加载模块:Public

[ 2016-09-23T11:04:57+08:00 ] ::1 /knowledge_base/index.js.map
INFO: [ app_init ] --START--
INFO: Run Behavior\BuildLiteBehavior [ RunTime:0.000042s ]
INFO: [ app_init ] --END-- [ RunTime:0.001106s ]
ERR: 无法加载模块:Index.js

[ 2016-09-23T11:05:07+08:00 ] ::1 /knowledge_base/Public/bootstrap/css/bootstrap-theme.css.map
INFO: [ app_init ] --START--
INFO: Run Behavior\BuildLiteBehavior [ RunTime:0.000092s ]
INFO: [ app_init ] --END-- [ RunTime:0.001020s ]
ERR: 无法加载模块:Public

[ 2016-09-23T11:05:07+08:00 ] ::1 /knowledge_base/Public/bootstrap/css/bootstrap.css.map
INFO: [ app_init ] --START--
INFO: Run Behavior\BuildLiteBehavior [ RunTime:0.000045s ]
INFO: [ app_init ] --END-- [ RunTime:0.001100s ]
ERR: 无法加载模块:Public

[ 2016-09-23T11:05:08+08:00 ] ::1 /knowledge_base/index.js.map
INFO: [ app_init ] --START--
INFO: Run Behavior\BuildLiteBehavior [ RunTime:0.000032s ]
INFO: [ app_init ] --END-- [ RunTime:0.001047s ]
ERR: 无法加载模块:Index.js

[ 2016-09-23T11:05:42+08:00 ] ::1 /knowledge_base/Public/bootstrap/css/bootstrap-theme.css.map
INFO: [ app_init ] --START--
INFO: Run Behavior\BuildLiteBehavior [ RunTime:0.000140s ]
INFO: [ app_init ] --END-- [ RunTime:0.001222s ]
ERR: 无法加载模块:Public

[ 2016-09-23T11:05:42+08:00 ] ::1 /knowledge_base/Public/bootstrap/css/bootstrap.css.map
INFO: [ app_init ] --START--
INFO: Run Behavior\BuildLiteBehavior [ RunTime:0.000043s ]
INFO: [ app_init ] --END-- [ RunTime:0.000775s ]
ERR: 无法加载模块:Public

[ 2016-09-23T11:05:42+08:00 ] ::1 /knowledge_base/index.js.map
INFO: [ app_init ] --START--
INFO: Run Behavior\BuildLiteBehavior [ RunTime:0.000084s ]
INFO: [ app_init ] --END-- [ RunTime:0.001468s ]
ERR: 无法加载模块:Index.js

[ 2016-09-23T11:06:44+08:00 ] ::1 /knowledge_base/Public/bootstrap/css/bootstrap-theme.css.map
INFO: [ app_init ] --START--
INFO: Run Behavior\BuildLiteBehavior [ RunTime:0.000042s ]
INFO: [ app_init ] --END-- [ RunTime:0.000810s ]
ERR: 无法加载模块:Public

[ 2016-09-23T11:06:44+08:00 ] ::1 /knowledge_base/Public/bootstrap/css/bootstrap.css.map
INFO: [ app_init ] --START--
INFO: Run Behavior\BuildLiteBehavior [ RunTime:0.000043s ]
INFO: [ app_init ] --END-- [ RunTime:0.000858s ]
ERR: 无法加载模块:Public

[ 2016-09-23T11:06:44+08:00 ] ::1 /knowledge_base/index.js.map
INFO: [ app_init ] --START--
INFO: Run Behavior\BuildLiteBehavior [ RunTime:0.000068s ]
INFO: [ app_init ] --END-- [ RunTime:0.001825s ]
ERR: 无法加载模块:Index.js

[ 2016-09-23T11:10:28+08:00 ] ::1 /knowledge_base/Public/bootstrap/css/bootstrap.css.map
INFO: [ app_init ] --START--
INFO: Run Behavior\BuildLiteBehavior [ RunTime:0.000046s ]
INFO: [ app_init ] --END-- [ RunTime:0.001563s ]
ERR: 无法加载模块:Public

[ 2016-09-23T11:10:28+08:00 ] ::1 /knowledge_base/Public/bootstrap/css/bootstrap-theme.css.map
INFO: [ app_init ] --START--
INFO: Run Behavior\BuildLiteBehavior [ RunTime:0.000046s ]
INFO: [ app_init ] --END-- [ RunTime:0.006510s ]
ERR: 无法加载模块:Public

[ 2016-09-23T11:10:28+08:00 ] ::1 /knowledge_base/index.js.map
INFO: [ app_init ] --START--
INFO: Run Behavior\BuildLiteBehavior [ RunTime:0.000404s ]
INFO: [ app_init ] --END-- [ RunTime:0.005932s ]
ERR: 无法加载模块:Index.js

[ 2016-09-23T11:18:31+08:00 ] ::1 /knowledge_base/Public/bootstrap/css/bootstrap-theme.css.map
INFO: [ app_init ] --START--
INFO: Run Behavior\BuildLiteBehavior [ RunTime:0.000047s ]
INFO: [ app_init ] --END-- [ RunTime:0.000889s ]
ERR: 无法加载模块:Public

[ 2016-09-23T11:18:31+08:00 ] ::1 /knowledge_base/Public/bootstrap/css/bootstrap.css.map
INFO: [ app_init ] --START--
INFO: Run Behavior\BuildLiteBehavior [ RunTime:0.000054s ]
INFO: [ app_init ] --END-- [ RunTime:0.001004s ]
ERR: 无法加载模块:Public

[ 2016-09-23T11:18:32+08:00 ] ::1 /knowledge_base/index.js.map
INFO: [ app_init ] --START--
INFO: Run Behavior\BuildLiteBehavior [ RunTime:0.000047s ]
INFO: [ app_init ] --END-- [ RunTime:0.001243s ]
ERR: 无法加载模块:Index.js

[ 2016-09-23T11:19:45+08:00 ] ::1 /knowledge_base/Public/bootstrap/css/bootstrap.css.map
INFO: [ app_init ] --START--
INFO: Run Behavior\BuildLiteBehavior [ RunTime:0.000042s ]
INFO: [ app_init ] --END-- [ RunTime:0.000847s ]
ERR: 无法加载模块:Public

[ 2016-09-23T11:19:45+08:00 ] ::1 /knowledge_base/Public/bootstrap/css/bootstrap-theme.css.map
INFO: [ app_init ] --START--
INFO: Run Behavior\BuildLiteBehavior [ RunTime:0.000121s ]
INFO: [ app_init ] --END-- [ RunTime:0.002898s ]
ERR: 无法加载模块:Public

[ 2016-09-23T11:19:46+08:00 ] ::1 /knowledge_base/index.js.map
INFO: [ app_init ] --START--
INFO: Run Behavior\BuildLiteBehavior [ RunTime:0.000040s ]
INFO: [ app_init ] --END-- [ RunTime:0.000785s ]
ERR: 无法加载模块:Index.js

