[ 2016-09-29T19:50:46+08:00 ] ::1 /knowledge_base/Public/bootstrap/css/bootstrap.css.map
INFO: [ app_init ] --START--
INFO: Run Behavior\BuildLiteBehavior [ RunTime:0.000161s ]
INFO: [ app_init ] --END-- [ RunTime:0.019456s ]
ERR: 无法加载模块:Public

ic

[ 2016-09-29T19:51:38+08:00 ] ::1 /knowledge_base/Public/bootstrap/css/bootstrap.css.map
INFO: [ app_init ] --START--
INFO: Run Behavior\BuildLiteBehavior [ RunTime:0.000031s ]
INFO: [ app_init ] --END-- [ RunTime:0.001000s ]
ERR: 无法加载模块:Public

[ 2016-09-29T19:51:39+08:00 ] ::1 /knowledge_base/Public/bootstrap/css/bootstrap.css.map
INFO: [ app_init ] --START--
INFO: Run Behavior\BuildLiteBehavior [ RunTime:0.000051s ]
INFO: [ app_init ] --END-- [ RunTime:0.001114s ]
ERR: 无法加载模块:Public

[ 2016-09-29T19:52:13+08:00 ] ::1 /knowledge_base/Public/bootstrap/css/bootstrap-theme.css.map
INFO: [ app_init ] --START--
INFO: Run Behavior\BuildLiteBehavior [ RunTime:0.000059s ]
INFO: [ app_init ] --END-- [ RunTime:0.000824s ]
ERR: 无法加载模块:Public

[ 2016-09-29T19:52:13+08:00 ] ::1 /knowledge_base/Public/bootstrap/css/bootstrap.css.map
INFO: [ app_init ] --START--
INFO: Run Behavior\BuildLiteBehavior [ RunTime:0.000245s ]
INFO: [ app_init ] --END-- [ RunTime:0.002658s ]
ERR: 无法加载模块:Public

[ 2016-09-29T19:52:17+08:00 ] ::1 /knowledge_base/Public/bootstrap/css/bootstrap.css.map
INFO: [ app_init ] --START--
INFO: Run Behavior\BuildLiteBehavior [ RunTime:0.000059s ]
INFO: [ app_init ] --END-- [ RunTime:0.002381s ]
ERR: 无法加载模块:Public

[ 2016-09-29T19:52:17+08:00 ] ::1 /knowledge_base/Public/bootstrap/css/bootstrap-theme.css.map
INFO: [ app_init ] --START--
INFO: Run Behavior\BuildLiteBehavior [ RunTime:0.000051s ]
INFO: [ app_init ] --END-- [ RunTime:0.001172s ]
ERR: 无法加载模块:Public

[ 2016-09-29T19:52:41+08:00 ] ::1 /knowledge_base/Public/bootstrap/css/bootstrap.css.map
INFO: [ app_init ] --START--
INFO: Run Behavior\BuildLiteBehavior [ RunTime:0.000024s ]
INFO: [ app_init ] --END-- [ RunTime:0.000536s ]
ERR: 无法加载模块:Public

[ 2016-09-29T19:52:42+08:00 ] ::1 /knowledge_base/Public/bootstrap/css/bootstrap.css.map
INFO: [ app_init ] --START--
INFO: Run Behavior\BuildLiteBehavior [ RunTime:0.000063s ]
INFO: [ app_init ] --END-- [ RunTime:0.001406s ]
ERR: 无法加载模块:Public

[ 2016-09-29T19:52:42+08:00 ] ::1 /knowledge_base/Public/bootstrap/css/bootstrap.css.map
INFO: [ app_init ] --START--
INFO: Run Behavior\BuildLiteBehavior [ RunTime:0.000069s ]
INFO: [ app_init ] --END-- [ RunTime:0.002472s ]
ERR: 无法加载模块:Public

[ 2016-09-29T19:52:43+08:00 ] ::1 /knowledge_base/Public/bootstrap/css/bootstrap.css.map
INFO: [ app_init ] --START--
INFO: Run Behavior\BuildLiteBehavior [ RunTime:0.000091s ]
INFO: [ app_init ] --END-- [ RunTime:0.001754s ]
ERR: 无法加载模块:Public

[ 2016-09-29T19:52:44+08:00 ] ::1 /knowledge_base/Public/bootstrap/css/bootstrap.css.map
INFO: [ app_init ] --START--
INFO: Run Behavior\BuildLiteBehavior [ RunTime:0.000047s ]
INFO: [ app_init ] --END-- [ RunTime:0.001050s ]
ERR: 无法加载模块:Public

[ 2016-09-29T19:52:44+08:00 ] ::1 /knowledge_base/Public/bootstrap/css/bootstrap.css.map
INFO: [ app_init ] --START--
INFO: Run Behavior\BuildLiteBehavior [ RunTime:0.000026s ]
INFO: [ app_init ] --END-- [ RunTime:0.000558s ]
ERR: 无法加载模块:Public

[ 2016-09-29T19:52:45+08:00 ] ::1 /knowledge_base/Public/bootstrap/css/bootstrap.css.map
INFO: [ app_init ] --START--
INFO: Run Behavior\BuildLiteBehavior [ RunTime:0.000044s ]
INFO: [ app_init ] --END-- [ RunTime:0.000858s ]
ERR: 无法加载模块:Public

[ 2016-09-29T19:52:45+08:00 ] ::1 /knowledge_base/Public/bootstrap/css/bootstrap.css.map
INFO: [ app_init ] --START--
INFO: Run Behavior\BuildLiteBehavior [ RunTime:0.000048s ]
INFO: [ app_init ] --END-- [ RunTime:0.000653s ]
ERR: 无法加载模块:Public

[ 2016-09-29T19:52:46+08:00 ] ::1 /knowledge_base/Public/bootstrap/css/bootstrap.css.map
INFO: [ app_init ] --START--
INFO: Run Behavior\BuildLiteBehavior [ RunTime:0.000042s ]
INFO: [ app_init ] --END-- [ RunTime:0.000849s ]
ERR: 无法加载模块:Public

[ 2016-09-29T19:52:46+08:00 ] ::1 /knowledge_base/Public/bootstrap/css/bootstrap.css.map
INFO: [ app_init ] --START--
INFO: Run Behavior\BuildLiteBehavior [ RunTime:0.000055s ]
INFO: [ app_init ] --END-- [ RunTime:0.001997s ]
ERR: 无法加载模块:Public

[ 2016-09-29T19:54:03+08:00 ] ::1 /knowledge_base/Public/bootstrap/css/bootstrap.css.map
INFO: [ app_init ] --START--
INFO: Run Behavior\BuildLiteBehavior [ RunTime:0.000046s ]
INFO: [ app_init ] --END-- [ RunTime:0.001338s ]
ERR: 无法加载模块:Public

[ 2016-09-29T19:54:05+08:00 ] ::1 /knowledge_base/Public/bootstrap/css/bootstrap.css.map
INFO: [ app_init ] --START--
INFO: Run Behavior\BuildLiteBehavior [ RunTime:0.000055s ]
INFO: [ app_init ] --END-- [ RunTime:0.001278s ]
ERR: 无法加载模块:Public

[ 2016-09-29T19:54:06+08:00 ] ::1 /knowledge_base/Public/bootstrap/css/bootstrap.css.map
INFO: [ app_init ] --START--
INFO: Run Behavior\BuildLiteBehavior [ RunTime:0.000048s ]
INFO: [ app_init ] --END-- [ RunTime:0.000887s ]
ERR: 无法加载模块:Public

[ 2016-09-29T19:54:07+08:00 ] ::1 /knowledge_base/Public/bootstrap/css/bootstrap.css.map
INFO: [ app_init ] --START--
INFO: Run Behavior\BuildLiteBehavior [ RunTime:0.000044s ]
INFO: [ app_init ] --END-- [ RunTime:0.001118s ]
ERR: 无法加载模块:Public

[ 2016-09-29T19:54:08+08:00 ] ::1 /knowledge_base/Public/bootstrap/css/bootstrap.css.map
INFO: [ app_init ] --START--
INFO: Run Behavior\BuildLiteBehavior [ RunTime:0.000042s ]
INFO: [ app_init ] --END-- [ RunTime:0.000818s ]
ERR: 无法加载模块:Public

[ 2016-09-29T19:54:09+08:00 ] ::1 /knowledge_base/Public/bootstrap/css/bootstrap.css.map
INFO: [ app_init ] --START--
INFO: Run Behavior\BuildLiteBehavior [ RunTime:0.000062s ]
INFO: [ app_init ] --END-- [ RunTime:0.000878s ]
ERR: 无法加载模块:Public

[ 2016-09-29T19:54:10+08:00 ] ::1 /knowledge_base/Public/bootstrap/css/bootstrap.css.map
INFO: [ app_init ] --START--
INFO: Run Behavior\BuildLiteBehavior [ RunTime:0.000054s ]
INFO: [ app_init ] --END-- [ RunTime:0.001214s ]
ERR: 无法加载模块:Public

[ 2016-09-29T19:55:44+08:00 ] ::1 /knowledge_base/Public/bootstrap/css/bootstrap.css.map
INFO: [ app_init ] --START--
INFO: Run Behavior\BuildLiteBehavior [ RunTime:0.000047s ]
INFO: [ app_init ] --END-- [ RunTime:0.000681s ]
ERR: 无法加载模块:Public

[ 2016-09-29T19:55:44+08:00 ] ::1 /knowledge_base/Public/bootstrap/css/bootstrap-theme.css.map
INFO: [ app_init ] --START--
INFO: Run Behavior\BuildLiteBehavior [ RunTime:0.000043s ]
INFO: [ app_init ] --END-- [ RunTime:0.000870s ]
ERR: 无法加载模块:Public

[ 2016-09-29T19:55:56+08:00 ] ::1 /knowledge_base/Public/bootstrap/css/bootstrap.css.map
INFO: [ app_init ] --START--
INFO: Run Behavior\BuildLiteBehavior [ RunTime:0.000215s ]
INFO: [ app_init ] --END-- [ RunTime:0.007437s ]
ERR: 无法加载模块:Public

[ 2016-09-29T19:55:57+08:00 ] ::1 /knowledge_base/Public/bootstrap/css/bootstrap.css.map
INFO: [ app_init ] --START--
INFO: Run Behavior\BuildLiteBehavior [ RunTime:0.000055s ]
INFO: [ app_init ] --END-- [ RunTime:0.001088s ]
ERR: 无法加载模块:Public

[ 2016-09-29T19:56:06+08:00 ] ::1 /knowledge_base/Public/bootstrap/css/bootstrap.css.map
INFO: [ app_init ] --START--
INFO: Run Behavior\BuildLiteBehavior [ RunTime:0.000043s ]
INFO: [ app_init ] --END-- [ RunTime:0.000898s ]
ERR: 无法加载模块:Public

[ 2016-09-29T19:56:07+08:00 ] ::1 /knowledge_base/Public/bootstrap/css/bootstrap.css.map
INFO: [ app_init ] --START--
INFO: Run Behavior\BuildLiteBehavior [ RunTime:0.000049s ]
INFO: [ app_init ] --END-- [ RunTime:0.001355s ]
ERR: 无法加载模块:Public

[ 2016-09-29T19:56:11+08:00 ] ::1 /knowledge_base/Public/bootstrap/css/bootstrap.css.map
INFO: [ app_init ] --START--
INFO: Run Behavior\BuildLiteBehavior [ RunTime:0.000040s ]
INFO: [ app_init ] --END-- [ RunTime:0.000806s ]
ERR: 无法加载模块:Public

[ 2016-09-29T19:56:11+08:00 ] ::1 /knowledge_base/Public/bootstrap/css/bootstrap.css.map
INFO: [ app_init ] --START--
INFO: Run Behavior\BuildLiteBehavior [ RunTime:0.000090s ]
INFO: [ app_init ] --END-- [ RunTime:0.001616s ]
ERR: 无法加载模块:Public

[ 2016-09-29T19:56:12+08:00 ] ::1 /knowledge_base/Public/bootstrap/css/bootstrap.css.map
INFO: [ app_init ] --START--
INFO: Run Behavior\BuildLiteBehavior [ RunTime:0.000027s ]
INFO: [ app_init ] --END-- [ RunTime:0.000591s ]
ERR: 无法加载模块:Public

[ 2016-09-29T19:56:13+08:00 ] ::1 /knowledge_base/Public/bootstrap/css/bootstrap.css.map
INFO: [ app_init ] --START--
INFO: Run Behavior\BuildLiteBehavior [ RunTime:0.000074s ]
INFO: [ app_init ] --END-- [ RunTime:0.001580s ]
ERR: 无法加载模块:Public

[ 2016-09-29T19:56:24+08:00 ] ::1 /knowledge_base/Public/bootstrap/css/bootstrap.css.map
INFO: [ app_init ] --START--
INFO: Run Behavior\BuildLiteBehavior [ RunTime:0.000047s ]
INFO: [ app_init ] --END-- [ RunTime:0.002189s ]
ERR: 无法加载模块:Public

[ 2016-09-29T19:56:24+08:00 ] ::1 /knowledge_base/Public/bootstrap/css/bootstrap.css.map
INFO: [ app_init ] --START--
INFO: Run Behavior\BuildLiteBehavior [ RunTime:0.000027s ]
INFO: [ app_init ] --END-- [ RunTime:0.000576s ]
ERR: 无法加载模块:Public

[ 2016-09-29T19:57:04+08:00 ] ::1 /knowledge_base/Public/bootstrap/css/bootstrap.css.map
INFO: [ app_init ] --START--
INFO: Run Behavior\BuildLiteBehavior [ RunTime:0.000042s ]
INFO: [ app_init ] --END-- [ RunTime:0.000880s ]
ERR: 无法加载模块:Public

[ 2016-09-29T19:57:04+08:00 ] ::1 /knowledge_base/Public/bootstrap/css/bootstrap-theme.css.map
INFO: [ app_init ] --START--
INFO: Run Behavior\BuildLiteBehavior [ RunTime:0.000046s ]
INFO: [ app_init ] --END-- [ RunTime:0.000946s ]
ERR: 无法加载模块:Public

[ 2016-09-29T20:00:08+08:00 ] ::1 /knowledge_base/Public/bootstrap/css/bootstrap-theme.css.map
INFO: [ app_init ] --START--
INFO: Run Behavior\BuildLiteBehavior [ RunTime:0.000026s ]
INFO: [ app_init ] --END-- [ RunTime:0.000554s ]
ERR: 无法加载模块:Public

[ 2016-09-29T20:00:08+08:00 ] ::1 /knowledge_base/Public/bootstrap/css/bootstrap.css.map
INFO: [ app_init ] --START--
INFO: Run Behavior\BuildLiteBehavior [ RunTime:0.000040s ]
INFO: [ app_init ] --END-- [ RunTime:0.000775s ]
ERR: 无法加载模块:Public

[ 2016-09-29T20:00:10+08:00 ] ::1 /knowledge_base/Public/bootstrap/css/bootstrap.css.map
INFO: [ app_init ] --START--
INFO: Run Behavior\BuildLiteBehavior [ RunTime:0.000050s ]
INFO: [ app_init ] --END-- [ RunTime:0.001280s ]
ERR: 无法加载模块:Public

[ 2016-09-29T20:00:10+08:00 ] ::1 /knowledge_base/Public/bootstrap/css/bootstrap-theme.css.map
INFO: [ app_init ] --START--
INFO: Run Behavior\BuildLiteBehavior [ RunTime:0.000047s ]
INFO: [ app_init ] --END-- [ RunTime:0.001077s ]
ERR: 无法加载模块:Public

[ 2016-09-29T20:00:11+08:00 ] ::1 /knowledge_base/Public/bootstrap/css/bootstrap-theme.css.map
INFO: [ app_init ] --START--
INFO: Run Behavior\BuildLiteBehavior [ RunTime:0.000062s ]
INFO: [ app_init ] --END-- [ RunTime:0.001362s ]
ERR: 无法加载模块:Public

[ 2016-09-29T20:00:11+08:00 ] ::1 /knowledge_base/Public/bootstrap/css/bootstrap.css.map
INFO: [ app_init ] --START--
INFO: Run Behavior\BuildLiteBehavior [ RunTime:0.000045s ]
INFO: [ app_init ] --END-- [ RunTime:0.000927s ]
ERR: 无法加载模块:Public

[ 2016-09-29T20:00:12+08:00 ] ::1 /knowledge_base/Public/bootstrap/css/bootstrap.css.map
INFO: [ app_init ] --START--
INFO: Run Behavior\BuildLiteBehavior [ RunTime:0.000114s ]
INFO: [ app_init ] --END-- [ RunTime:0.003058s ]
ERR: 无法加载模块:Public

[ 2016-09-29T20:00:12+08:00 ] ::1 /knowledge_base/Public/bootstrap/css/bootstrap-theme.css.map
INFO: [ app_init ] --START--
INFO: Run Behavior\BuildLiteBehavior [ RunTime:0.000253s ]
INFO: [ app_init ] --END-- [ RunTime:0.003988s ]
ERR: 无法加载模块:Public

[ 2016-09-29T20:00:13+08:00 ] ::1 /knowledge_base/Public/bootstrap/css/bootstrap-theme.css.map
INFO: [ app_init ] --START--
INFO: Run Behavior\BuildLiteBehavior [ RunTime:0.000046s ]
INFO: [ app_init ] --END-- [ RunTime:0.001643s ]
ERR: 无法加载模块:Public

[ 2016-09-29T20:00:13+08:00 ] ::1 /knowledge_base/Public/bootstrap/css/bootstrap.css.map
INFO: [ app_init ] --START--
INFO: Run Behavior\BuildLiteBehavior [ RunTime:0.000047s ]
INFO: [ app_init ] --END-- [ RunTime:0.001002s ]
ERR: 无法加载模块:Public

