[ 2016-09-19T17:03:32+08:00 ] ::1 /knowledge_base//hottest
INFO: [ app_init ] --START--
INFO: Run Behavior\BuildLiteBehavior [ RunTime:0.000037s ]
INFO: [ app_init ] --END-- [ RunTime:0.000728s ]
ERR: æ— æ³•åŠ è½½æ¨¡å—:Hottest

[ 2016-09-19T17:04:00+08:00 ] ::1 /knowledge_base/hottest
INFO: [ app_init ] --START--
INFO: Run Behavior\BuildLiteBehavior [ RunTime:0.000024s ]
INFO: [ app_init ] --END-- [ RunTime:0.000491s ]
ERR: æ— æ³•åŠ è½½æ¨¡å—:Hottest

[ 2016-09-19T17:10:46+08:00 ] ::1 /knowledge_base/localhostknowledge_base/hottest
INFO: [ app_init ] --START--
INFO: Run Behavior\BuildLiteBehavior [ RunTime:0.000028s ]
INFO: [ app_init ] --END-- [ RunTime:0.000630s ]
ERR: æ— æ³•åŠ è½½æ¨¡å—:Localhostknowledge_base

[ 2016-09-19T17:24:01+08:00 ] ::1 /knowledge_base/Public/bootstrap/css/bootstrap-theme.css.map
INFO: [ app_init ] --START--
INFO: Run Behavior\BuildLiteBehavior [ RunTime:0.000026s ]
INFO: [ app_init ] --END-- [ RunTime:0.000522s ]
ERR: æ— æ³•åŠ è½½æ¨¡å—:Public

[ 2016-09-19T17:24:01+08:00 ] ::1 /knowledge_base/Public/bootstrap/css/bootstrap.css.map
INFO: [ app_init ] --START--
INFO: Run Behavior\BuildLiteBehavior [ RunTime:0.000029s ]
INFO: [ app_init ] --END-- [ RunTime:0.000841s ]
ERR: æ— æ³•åŠ è½½æ¨¡å—:Public

[ 2016-09-19T17:24:38+08:00 ] ::1 /knowledge_base/Public/bootstrap/css/bootstrap.css.map
INFO: [ app_init ] --START--
INFO: Run Behavior\BuildLiteBehavior [ RunTime:0.000051s ]
INFO: [ app_init ] --END-- [ RunTime:0.000848s ]
ERR: æ— æ³•åŠ è½½æ¨¡å—:Public

[ 2016-09-19T17:24:38+08:00 ] ::1 /knowledge_base/Public/bootstrap/css/bootstrap-theme.css.map
INFO: [ app_init ] --START--
INFO: Run Behavior\BuildLiteBehavior [ RunTime:0.000056s ]
INFO: [ app_init ] --END-- [ RunTime:0.001562s ]
ERR: æ— æ³•åŠ è½½æ¨¡å—:Public

[ 2016-09-19T17:24:38+08:00 ] ::1 /knowledge_base/index.js.map
INFO: [ app_init ] --START--
INFO: Run Behavior\BuildLiteBehavior [ RunTime:0.000079s ]
INFO: [ app_init ] --END-- [ RunTime:0.001843s ]
ERR: æ— æ³•åŠ è½½æ¨¡å—:Index.js

[ 2016-09-19T17:25:46+08:00 ] ::1 /knowledge_base/Public/bootstrap/css/bootstrap-theme.css.map
INFO: [ app_init ] --START--
INFO: Run Behavior\BuildLiteBehavior [ RunTime:0.000044s ]
INFO: [ app_init ] --END-- [ RunTime:0.000913s ]
ERR: æ— æ³•åŠ è½½æ¨¡å—:Public

[ 2016-09-19T17:25:46+08:00 ] ::1 /knowledge_base/Public/bootstrap/css/bootstrap.css.map
INFO: [ app_init ] --START--
INFO: Run Behavior\BuildLiteBehavior [ RunTime:0.000040s ]
INFO: [ app_init ] --END-- [ RunTime:0.000871s ]
ERR: æ— æ³•åŠ è½½æ¨¡å—:Public

[ 2016-09-19T17:25:46+08:00 ] ::1 /knowledge_base/index.js.map
INFO: [ app_init ] --START--
INFO: Run Behavior\BuildLiteBehavior [ RunTime:0.000046s ]
INFO: [ app_init ] --END-- [ RunTime:0.001003s ]
ERR: æ— æ³•åŠ è½½æ¨¡å—:Index.js

[ 2016-09-19T17:26:16+08:00 ] ::1 /knowledge_base/Public/bootstrap/css/bootstrap.css.map
INFO: [ app_init ] --START--
INFO: Run Behavior\BuildLiteBehavior [ RunTime:0.000041s ]
INFO: [ app_init ] --END-- [ RunTime:0.000561s ]
ERR: æ— æ³•åŠ è½½æ¨¡å—:Public

[ 2016-09-19T17:26:16+08:00 ] ::1 /knowledge_base/Public/bootstrap/css/bootstrap-theme.css.map
INFO: [ app_init ] --START--
INFO: Run Behavior\BuildLiteBehavior [ RunTime:0.000025s ]
INFO: [ app_init ] --END-- [ RunTime:0.000688s ]
ERR: æ— æ³•åŠ è½½æ¨¡å—:Public

[ 2016-09-19T17:26:16+08:00 ] ::1 /knowledge_base/index.js.map
INFO: [ app_init ] --START--
INFO: Run Behavior\BuildLiteBehavior [ RunTime:0.000025s ]
INFO: [ app_init ] --END-- [ RunTime:0.000582s ]
ERR: æ— æ³•åŠ è½½æ¨¡å—:Index.js

[ 2016-09-19T17:27:12+08:00 ] ::1 /knowledge_base/Public/bootstrap/css/bootstrap.css.map
INFO: [ app_init ] --START--
INFO: Run Behavior\BuildLiteBehavior [ RunTime:0.000044s ]
INFO: [ app_init ] --END-- [ RunTime:0.000918s ]
ERR: æ— æ³•åŠ è½½æ¨¡å—:Public

[ 2016-09-19T17:27:12+08:00 ] ::1 /knowledge_base/Public/bootstrap/css/bootstrap-theme.css.map
INFO: [ app_init ] --START--
INFO: Run Behavior\BuildLiteBehavior [ RunTime:0.000044s ]
INFO: [ app_init ] --END-- [ RunTime:0.000834s ]
ERR: æ— æ³•åŠ è½½æ¨¡å—:Public

[ 2016-09-19T17:27:12+08:00 ] ::1 /knowledge_base/index.js.map
INFO: [ app_init ] --START--
INFO: Run Behavior\BuildLiteBehavior [ RunTime:0.000024s ]
INFO: [ app_init ] --END-- [ RunTime:0.000482s ]
ERR: æ— æ³•åŠ è½½æ¨¡å—:Index.js

[ 2016-09-19T17:30:38+08:00 ] ::1 /knowledge_base/Public/bootstrap/css/bootstrap.css.map
INFO: [ app_init ] --START--
INFO: Run Behavior\BuildLiteBehavior [ RunTime:0.000050s ]
INFO: [ app_init ] --END-- [ RunTime:0.000942s ]
ERR: æ— æ³•åŠ è½½æ¨¡å—:Public

[ 2016-09-19T17:30:38+08:00 ] ::1 /knowledge_base/Public/bootstrap/css/bootstrap-theme.css.map
INFO: [ app_init ] --START--
INFO: Run Behavior\BuildLiteBehavior [ RunTime:0.000040s ]
INFO: [ app_init ] --END-- [ RunTime:0.000780s ]
ERR: æ— æ³•åŠ è½½æ¨¡å—:Public

[ 2016-09-19T17:30:38+08:00 ] ::1 /knowledge_base/index.js.map
INFO: [ app_init ] --START--
INFO: Run Behavior\BuildLiteBehavior [ RunTime:0.000025s ]
INFO: [ app_init ] --END-- [ RunTime:0.000494s ]
ERR: æ— æ³•åŠ è½½æ¨¡å—:Index.js

[ 2016-09-19T17:32:08+08:00 ] ::1 /knowledge_base/Public/bootstrap/css/bootstrap-theme.css.map
INFO: [ app_init ] --START--
INFO: Run Behavior\BuildLiteBehavior [ RunTime:0.000052s ]
INFO: [ app_init ] --END-- [ RunTime:0.000934s ]
ERR: æ— æ³•åŠ è½½æ¨¡å—:Public

[ 2016-09-19T17:32:08+08:00 ] ::1 /knowledge_base/Public/bootstrap/css/bootstrap.css.map
INFO: [ app_init ] --START--
INFO: Run Behavior\BuildLiteBehavior [ RunTime:0.000085s ]
INFO: [ app_init ] --END-- [ RunTime:0.001103s ]
ERR: æ— æ³•åŠ è½½æ¨¡å—:Public

[ 2016-09-19T17:32:08+08:00 ] ::1 /knowledge_base/index.js.map
INFO: [ app_init ] --START--
INFO: Run Behavior\BuildLiteBehavior [ RunTime:0.000025s ]
INFO: [ app_init ] --END-- [ RunTime:0.000667s ]
ERR: æ— æ³•åŠ è½½æ¨¡å—:Index.js

[ 2016-09-19T17:32:42+08:00 ] ::1 /knowledge_base/Public/bootstrap/css/bootstrap-theme.css.map
INFO: [ app_init ] --START--
INFO: Run Behavior\BuildLiteBehavior [ RunTime:0.000045s ]
INFO: [ app_init ] --END-- [ RunTime:0.001107s ]
ERR: æ— æ³•åŠ è½½æ¨¡å—:Public

[ 2016-09-19T17:32:42+08:00 ] ::1 /knowledge_base/Public/bootstrap/css/bootstrap.css.map
INFO: [ app_init ] --START--
INFO: Run Behavior\BuildLiteBehavior [ RunTime:0.000070s ]
INFO: [ app_init ] --END-- [ RunTime:0.001802s ]
ERR: æ— æ³•åŠ è½½æ¨¡å—:Public

[ 2016-09-19T17:32:42+08:00 ] ::1 /knowledge_base/index.js.map
INFO: [ app_init ] --START--
INFO: Run Behavior\BuildLiteBehavior [ RunTime:0.000022s ]
INFO: [ app_init ] --END-- [ RunTime:0.000446s ]
ERR: æ— æ³•åŠ è½½æ¨¡å—:Index.js

[ 2016-09-19T17:33:17+08:00 ] ::1 /knowledge_base/Public/bootstrap/css/bootstrap-theme.css.map
INFO: [ app_init ] --START--
INFO: Run Behavior\BuildLiteBehavior [ RunTime:0.000046s ]
INFO: [ app_init ] --END-- [ RunTime:0.000799s ]
ERR: æ— æ³•åŠ è½½æ¨¡å—:Public

[ 2016-09-19T17:33:17+08:00 ] ::1 /knowledge_base/Public/bootstrap/css/bootstrap.css.map
INFO: [ app_init ] --START--
INFO: Run Behavior\BuildLiteBehavior [ RunTime:0.000062s ]
INFO: [ app_init ] --END-- [ RunTime:0.001189s ]
ERR: æ— æ³•åŠ è½½æ¨¡å—:Public

[ 2016-09-19T17:33:17+08:00 ] ::1 /knowledge_base/index.js.map
INFO: [ app_init ] --START--
INFO: Run Behavior\BuildLiteBehavior [ RunTime:0.000024s ]
INFO: [ app_init ] --END-- [ RunTime:0.000465s ]
ERR: æ— æ³•åŠ è½½æ¨¡å—:Index.js

[ 2016-09-19T17:33:55+08:00 ] ::1 /knowledge_base/Public/bootstrap/css/bootstrap-theme.css.map
INFO: [ app_init ] --START--
INFO: Run Behavior\BuildLiteBehavior [ RunTime:0.000045s ]
INFO: [ app_init ] --END-- [ RunTime:0.000818s ]
ERR: æ— æ³•åŠ è½½æ¨¡å—:Public

[ 2016-09-19T17:33:55+08:00 ] ::1 /knowledge_base/Public/bootstrap/css/bootstrap.css.map
INFO: [ app_init ] --START--
INFO: Run Behavior\BuildLiteBehavior [ RunTime:0.000047s ]
INFO: [ app_init ] --END-- [ RunTime:0.000858s ]
ERR: æ— æ³•åŠ è½½æ¨¡å—:Public

[ 2016-09-19T17:33:55+08:00 ] ::1 /knowledge_base/index.js.map
INFO: [ app_init ] --START--
INFO: Run Behavior\BuildLiteBehavior [ RunTime:0.000030s ]
INFO: [ app_init ] --END-- [ RunTime:0.002064s ]
ERR: æ— æ³•åŠ è½½æ¨¡å—:Index.js

[ 2016-09-19T17:35:00+08:00 ] ::1 /knowledge_base/hosted
INFO: [ app_init ] --START--
INFO: Run Behavior\BuildLiteBehavior [ RunTime:0.000027s ]
INFO: [ app_init ] --END-- [ RunTime:0.000604s ]
ERR: æ— æ³•åŠ è½½æ¨¡å—:Hosted

[ 2016-09-19T17:35:00+08:00 ] ::1 /knowledge_base/index.js.map
INFO: [ app_init ] --START--
INFO: Run Behavior\BuildLiteBehavior [ RunTime:0.000053s ]
INFO: [ app_init ] --END-- [ RunTime:0.001057s ]
ERR: æ— æ³•åŠ è½½æ¨¡å—:Index.js

[ 2016-09-19T17:35:02+08:00 ] ::1 /knowledge_base/Public/bootstrap/css/bootstrap-theme.css.map
INFO: [ app_init ] --START--
INFO: Run Behavior\BuildLiteBehavior [ RunTime:0.000041s ]
INFO: [ app_init ] --END-- [ RunTime:0.000721s ]
ERR: æ— æ³•åŠ è½½æ¨¡å—:Public

[ 2016-09-19T17:35:02+08:00 ] ::1 /knowledge_base/Public/bootstrap/css/bootstrap.css.map
INFO: [ app_init ] --START--
INFO: Run Behavior\BuildLiteBehavior [ RunTime:0.000045s ]
INFO: [ app_init ] --END-- [ RunTime:0.001474s ]
ERR: æ— æ³•åŠ è½½æ¨¡å—:Public

[ 2016-09-19T17:35:02+08:00 ] ::1 /knowledge_base/index.js.map
INFO: [ app_init ] --START--
INFO: Run Behavior\BuildLiteBehavior [ RunTime:0.000049s ]
INFO: [ app_init ] --END-- [ RunTime:0.001114s ]
ERR: æ— æ³•åŠ è½½æ¨¡å—:Index.js

[ 2016-09-19T17:35:36+08:00 ] ::1 /knowledge_base/Public/bootstrap/css/bootstrap.css.map
INFO: [ app_init ] --START--
INFO: Run Behavior\BuildLiteBehavior [ RunTime:0.000076s ]
INFO: [ app_init ] --END-- [ RunTime:0.001355s ]
ERR: æ— æ³•åŠ è½½æ¨¡å—:Public

[ 2016-09-19T17:35:36+08:00 ] ::1 /knowledge_base/Public/bootstrap/css/bootstrap-theme.css.map
INFO: [ app_init ] --START--
INFO: Run Behavior\BuildLiteBehavior [ RunTime:0.000050s ]
INFO: [ app_init ] --END-- [ RunTime:0.001237s ]
ERR: æ— æ³•åŠ è½½æ¨¡å—:Public

[ 2016-09-19T17:35:36+08:00 ] ::1 /knowledge_base/index.js.map
INFO: [ app_init ] --START--
INFO: Run Behavior\BuildLiteBehavior [ RunTime:0.000024s ]
INFO: [ app_init ] --END-- [ RunTime:0.000525s ]
ERR: æ— æ³•åŠ è½½æ¨¡å—:Index.js

[ 2016-09-19T17:36:00+08:00 ] ::1 /knowledge_base/hosted
INFO: [ app_init ] --START--
INFO: Run Behavior\BuildLiteBehavior [ RunTime:0.000029s ]
INFO: [ app_init ] --END-- [ RunTime:0.000624s ]
ERR: æ— æ³•åŠ è½½æ¨¡å—:Hosted

[ 2016-09-19T17:36:01+08:00 ] ::1 /knowledge_base/index.js.map
INFO: [ app_init ] --START--
INFO: Run Behavior\BuildLiteBehavior [ RunTime:0.000061s ]
INFO: [ app_init ] --END-- [ RunTime:0.001249s ]
ERR: æ— æ³•åŠ è½½æ¨¡å—:Index.js

[ 2016-09-19T17:36:03+08:00 ] ::1 /knowledge_base/Public/bootstrap/css/bootstrap-theme.css.map
INFO: [ app_init ] --START--
INFO: Run Behavior\BuildLiteBehavior [ RunTime:0.000034s ]
INFO: [ app_init ] --END-- [ RunTime:0.000615s ]
ERR: æ— æ³•åŠ è½½æ¨¡å—:Public

[ 2016-09-19T17:36:03+08:00 ] ::1 /knowledge_base/Public/bootstrap/css/bootstrap.css.map
INFO: [ app_init ] --START--
INFO: Run Behavior\BuildLiteBehavior [ RunTime:0.000045s ]
INFO: [ app_init ] --END-- [ RunTime:0.000840s ]
ERR: æ— æ³•åŠ è½½æ¨¡å—:Public

[ 2016-09-19T17:36:03+08:00 ] ::1 /knowledge_base/index.js.map
INFO: [ app_init ] --START--
INFO: Run Behavior\BuildLiteBehavior [ RunTime:0.000067s ]
INFO: [ app_init ] --END-- [ RunTime:0.001824s ]
ERR: æ— æ³•åŠ è½½æ¨¡å—:Index.js

[ 2016-09-19T17:36:18+08:00 ] ::1 /knowledge_base/Public/bootstrap/css/bootstrap-theme.css.map
INFO: [ app_init ] --START--
INFO: Run Behavior\BuildLiteBehavior [ RunTime:0.000045s ]
INFO: [ app_init ] --END-- [ RunTime:0.000778s ]
ERR: æ— æ³•åŠ è½½æ¨¡å—:Public

[ 2016-09-19T17:36:18+08:00 ] ::1 /knowledge_base/Public/bootstrap/css/bootstrap.css.map
INFO: [ app_init ] --START--
INFO: Run Behavior\BuildLiteBehavior [ RunTime:0.000090s ]
INFO: [ app_init ] --END-- [ RunTime:0.001498s ]
ERR: æ— æ³•åŠ è½½æ¨¡å—:Public

[ 2016-09-19T17:36:18+08:00 ] ::1 /knowledge_base/index.js.map
INFO: [ app_init ] --START--
INFO: Run Behavior\BuildLiteBehavior [ RunTime:0.000023s ]
INFO: [ app_init ] --END-- [ RunTime:0.000459s ]
ERR: æ— æ³•åŠ è½½æ¨¡å—:Index.js

[ 2016-09-19T17:37:44+08:00 ] ::1 /knowledge_base/hosted
INFO: [ app_init ] --START--
INFO: Run Behavior\BuildLiteBehavior [ RunTime:0.000029s ]
INFO: [ app_init ] --END-- [ RunTime:0.000677s ]
ERR: æ— æ³•åŠ è½½æ¨¡å—:Hosted

[ 2016-09-19T17:37:44+08:00 ] ::1 /knowledge_base/index.js.map
INFO: [ app_init ] --START--
INFO: Run Behavior\BuildLiteBehavior [ RunTime:0.000023s ]
INFO: [ app_init ] --END-- [ RunTime:0.000447s ]
ERR: æ— æ³•åŠ è½½æ¨¡å—:Index.js

[ 2016-09-19T17:38:56+08:00 ] ::1 /knowledge_base/Public/bootstrap/css/bootstrap-theme.css.map
INFO: [ app_init ] --START--
INFO: Run Behavior\BuildLiteBehavior [ RunTime:0.000044s ]
INFO: [ app_init ] --END-- [ RunTime:0.002351s ]
ERR: æ— æ³•åŠ è½½æ¨¡å—:Public

[ 2016-09-19T17:38:56+08:00 ] ::1 /knowledge_base/Public/bootstrap/css/bootstrap.css.map
INFO: [ app_init ] --START--
INFO: Run Behavior\BuildLiteBehavior [ RunTime:0.000052s ]
INFO: [ app_init ] --END-- [ RunTime:0.000962s ]
ERR: æ— æ³•åŠ è½½æ¨¡å—:Public

[ 2016-09-19T17:38:56+08:00 ] ::1 /knowledge_base/index.js.map
INFO: [ app_init ] --START--
INFO: Run Behavior\BuildLiteBehavior [ RunTime:0.000025s ]
INFO: [ app_init ] --END-- [ RunTime:0.000592s ]
ERR: æ— æ³•åŠ è½½æ¨¡å—:Index.js

[ 2016-09-19T17:39:16+08:00 ] ::1 /knowledge_base/Public/bootstrap/css/bootstrap-theme.css.map
INFO: [ app_init ] --START--
INFO: Run Behavior\BuildLiteBehavior [ RunTime:0.000039s ]
INFO: [ app_init ] --END-- [ RunTime:0.000886s ]
ERR: æ— æ³•åŠ è½½æ¨¡å—:Public

[ 2016-09-19T17:39:16+08:00 ] ::1 /knowledge_base/Public/bootstrap/css/bootstrap.css.map
INFO: [ app_init ] --START--
INFO: Run Behavior\BuildLiteBehavior [ RunTime:0.000055s ]
INFO: [ app_init ] --END-- [ RunTime:0.001050s ]
ERR: æ— æ³•åŠ è½½æ¨¡å—:Public

[ 2016-09-19T17:39:17+08:00 ] ::1 /knowledge_base/index.js.map
INFO: [ app_init ] --START--
INFO: Run Behavior\BuildLiteBehavior [ RunTime:0.000050s ]
INFO: [ app_init ] --END-- [ RunTime:0.000914s ]
ERR: æ— æ³•åŠ è½½æ¨¡å—:Index.js

[ 2016-09-19T17:39:50+08:00 ] ::1 /knowledge_base/Public/bootstrap/css/bootstrap.css.map
INFO: [ app_init ] --START--
INFO: Run Behavior\BuildLiteBehavior [ RunTime:0.000060s ]
INFO: [ app_init ] --END-- [ RunTime:0.001424s ]
ERR: æ— æ³•åŠ è½½æ¨¡å—:Public

[ 2016-09-19T17:39:50+08:00 ] ::1 /knowledge_base/Public/bootstrap/css/bootstrap-theme.css.map
INFO: [ app_init ] --START--
INFO: Run Behavior\BuildLiteBehavior [ RunTime:0.000145s ]
INFO: [ app_init ] --END-- [ RunTime:0.001786s ]
ERR: æ— æ³•åŠ è½½æ¨¡å—:Public

[ 2016-09-19T17:39:50+08:00 ] ::1 /knowledge_base/index.js.map
INFO: [ app_init ] --START--
INFO: Run Behavior\BuildLiteBehavior [ RunTime:0.000046s ]
INFO: [ app_init ] --END-- [ RunTime:0.001142s ]
ERR: æ— æ³•åŠ è½½æ¨¡å—:Index.js

[ 2016-09-19T17:40:10+08:00 ] ::1 /knowledge_base/Public/bootstrap/css/bootstrap-theme.css.map
INFO: [ app_init ] --START--
INFO: Run Behavior\BuildLiteBehavior [ RunTime:0.000062s ]
INFO: [ app_init ] --END-- [ RunTime:0.001691s ]
ERR: æ— æ³•åŠ è½½æ¨¡å—:Public

[ 2016-09-19T17:40:10+08:00 ] ::1 /knowledge_base/Public/bootstrap/css/bootstrap.css.map
INFO: [ app_init ] --START--
INFO: Run Behavior\BuildLiteBehavior [ RunTime:0.000064s ]
INFO: [ app_init ] --END-- [ RunTime:0.001555s ]
ERR: æ— æ³•åŠ è½½æ¨¡å—:Public

[ 2016-09-19T17:40:10+08:00 ] ::1 /knowledge_base/index.js.map
INFO: [ app_init ] --START--
INFO: Run Behavior\BuildLiteBehavior [ RunTime:0.000024s ]
INFO: [ app_init ] --END-- [ RunTime:0.000490s ]
ERR: æ— æ³•åŠ è½½æ¨¡å—:Index.js

[ 2016-09-19T17:40:32+08:00 ] ::1 /knowledge_base/Public/bootstrap/css/bootstrap-theme.css.map
INFO: [ app_init ] --START--
INFO: Run Behavior\BuildLiteBehavior [ RunTime:0.000057s ]
INFO: [ app_init ] --END-- [ RunTime:0.000960s ]
ERR: æ— æ³•åŠ è½½æ¨¡å—:Public

[ 2016-09-19T17:40:32+08:00 ] ::1 /knowledge_base/Public/bootstrap/css/bootstrap.css.map
INFO: [ app_init ] --START--
INFO: Run Behavior\BuildLiteBehavior [ RunTime:0.000065s ]
INFO: [ app_init ] --END-- [ RunTime:0.001234s ]
ERR: æ— æ³•åŠ è½½æ¨¡å—:Public

[ 2016-09-19T17:40:32+08:00 ] ::1 /knowledge_base/index.js.map
INFO: [ app_init ] --START--
INFO: Run Behavior\BuildLiteBehavior [ RunTime:0.000031s ]
INFO: [ app_init ] --END-- [ RunTime:0.000587s ]
ERR: æ— æ³•åŠ è½½æ¨¡å—:Index.js

[ 2016-09-19T17:40:58+08:00 ] ::1 /knowledge_base/Public/bootstrap/css/bootstrap-theme.css.map
INFO: [ app_init ] --START--
INFO: Run Behavior\BuildLiteBehavior [ RunTime:0.000047s ]
INFO: [ app_init ] --END-- [ RunTime:0.000903s ]
ERR: æ— æ³•åŠ è½½æ¨¡å—:Public

[ 2016-09-19T17:40:58+08:00 ] ::1 /knowledge_base/Public/bootstrap/css/bootstrap.css.map
INFO: [ app_init ] --START--
INFO: Run Behavior\BuildLiteBehavior [ RunTime:0.000041s ]
INFO: [ app_init ] --END-- [ RunTime:0.001132s ]
ERR: æ— æ³•åŠ è½½æ¨¡å—:Public

[ 2016-09-19T17:40:58+08:00 ] ::1 /knowledge_base/index.js.map
INFO: [ app_init ] --START--
INFO: Run Behavior\BuildLiteBehavior [ RunTime:0.000025s ]
INFO: [ app_init ] --END-- [ RunTime:0.000489s ]
ERR: æ— æ³•åŠ è½½æ¨¡å—:Index.js

[ 2016-09-19T17:41:34+08:00 ] ::1 /knowledge_base/Public/bootstrap/css/bootstrap-theme.css.map
INFO: [ app_init ] --START--
INFO: Run Behavior\BuildLiteBehavior [ RunTime:0.000109s ]
INFO: [ app_init ] --END-- [ RunTime:0.001375s ]
ERR: æ— æ³•åŠ è½½æ¨¡å—:Public

[ 2016-09-19T17:41:34+08:00 ] ::1 /knowledge_base/Public/bootstrap/css/bootstrap.css.map
INFO: [ app_init ] --START--
INFO: Run Behavior\BuildLiteBehavior [ RunTime:0.000072s ]
INFO: [ app_init ] --END-- [ RunTime:0.000902s ]
ERR: æ— æ³•åŠ è½½æ¨¡å—:Public

[ 2016-09-19T17:41:35+08:00 ] ::1 /knowledge_base/index.js.map
INFO: [ app_init ] --START--
INFO: Run Behavior\BuildLiteBehavior [ RunTime:0.000107s ]
INFO: [ app_init ] --END-- [ RunTime:0.001956s ]
ERR: æ— æ³•åŠ è½½æ¨¡å—:Index.js

[ 2016-09-19T19:58:21+08:00 ] ::1 /knowledge_base/Public/bootstrap/css/bootstrap-theme.css.map
INFO: [ app_init ] --START--
INFO: Run Behavior\BuildLiteBehavior [ RunTime:0.000041s ]
INFO: [ app_init ] --END-- [ RunTime:0.001025s ]
ERR: æ— æ³•åŠ è½½æ¨¡å—:Public

[ 2016-09-19T19:58:21+08:00 ] ::1 /knowledge_base/Public/bootstrap/css/bootstrap.css.map
INFO: [ app_init ] --START--
INFO: Run Behavior\BuildLiteBehavior [ RunTime:0.000026s ]
INFO: [ app_init ] --END-- [ RunTime:0.000591s ]
ERR: æ— æ³•åŠ è½½æ¨¡å—:Public

[ 2016-09-19T19:58:21+08:00 ] ::1 /knowledge_base/index.js.map
INFO: [ app_init ] --START--
INFO: Run Behavior\BuildLiteBehavior [ RunTime:0.000052s ]
INFO: [ app_init ] --END-- [ RunTime:0.001084s ]
ERR: æ— æ³•åŠ è½½æ¨¡å—:Index.js

[ 2016-09-19T19:59:03+08:00 ] ::1 /knowledge_base/Public/bootstrap/css/bootstrap.css.map
INFO: [ app_init ] --START--
INFO: Run Behavior\BuildLiteBehavior [ RunTime:0.000042s ]
INFO: [ app_init ] --END-- [ RunTime:0.000814s ]
ERR: æ— æ³•åŠ è½½æ¨¡å—:Public

[ 2016-09-19T19:59:03+08:00 ] ::1 /knowledge_base/Public/bootstrap/css/bootstrap-theme.css.map
INFO: [ app_init ] --START--
INFO: Run Behavior\BuildLiteBehavior [ RunTime:0.000041s ]
INFO: [ app_init ] --END-- [ RunTime:0.000821s ]
ERR: æ— æ³•åŠ è½½æ¨¡å—:Public

[ 2016-09-19T19:59:03+08:00 ] ::1 /knowledge_base/index.js.map
INFO: [ app_init ] --START--
INFO: Run Behavior\BuildLiteBehavior [ RunTime:0.000025s ]
INFO: [ app_init ] --END-- [ RunTime:0.000534s ]
ERR: æ— æ³•åŠ è½½æ¨¡å—:Index.js

[ 2016-09-19T19:59:59+08:00 ] ::1 /knowledge_base/Public/bootstrap/css/bootstrap-theme.css.map
INFO: [ app_init ] --START--
INFO: Run Behavior\BuildLiteBehavior [ RunTime:0.000044s ]
INFO: [ app_init ] --END-- [ RunTime:0.000750s ]
ERR: æ— æ³•åŠ è½½æ¨¡å—:Public

[ 2016-09-19T19:59:59+08:00 ] ::1 /knowledge_base/Public/bootstrap/css/bootstrap.css.map
INFO: [ app_init ] --START--
INFO: Run Behavior\BuildLiteBehavior [ RunTime:0.000045s ]
INFO: [ app_init ] --END-- [ RunTime:0.000928s ]
ERR: æ— æ³•åŠ è½½æ¨¡å—:Public

[ 2016-09-19T19:59:59+08:00 ] ::1 /knowledge_base/index.js.map
INFO: [ app_init ] --START--
INFO: Run Behavior\BuildLiteBehavior [ RunTime:0.000041s ]
INFO: [ app_init ] --END-- [ RunTime:0.000854s ]
ERR: æ— æ³•åŠ è½½æ¨¡å—:Index.js

[ 2016-09-19T20:00:31+08:00 ] ::1 /knowledge_base/Public/bootstrap/css/bootstrap-theme.css.map
INFO: [ app_init ] --START--
INFO: Run Behavior\BuildLiteBehavior [ RunTime:0.000049s ]
INFO: [ app_init ] --END-- [ RunTime:0.000885s ]
ERR: æ— æ³•åŠ è½½æ¨¡å—:Public

[ 2016-09-19T20:00:31+08:00 ] ::1 /knowledge_base/Public/bootstrap/css/bootstrap.css.map
INFO: [ app_init ] --START--
INFO: Run Behavior\BuildLiteBehavior [ RunTime:0.000057s ]
INFO: [ app_init ] --END-- [ RunTime:0.001294s ]
ERR: æ— æ³•åŠ è½½æ¨¡å—:Public

[ 2016-09-19T20:00:31+08:00 ] ::1 /knowledge_base/index.js.map
INFO: [ app_init ] --START--
INFO: Run Behavior\BuildLiteBehavior [ RunTime:0.000025s ]
INFO: [ app_init ] --END-- [ RunTime:0.000457s ]
ERR: æ— æ³•åŠ è½½æ¨¡å—:Index.js

[ 2016-09-19T20:00:50+08:00 ] ::1 /knowledge_base/Public/bootstrap/css/bootstrap-theme.css.map
INFO: [ app_init ] --START--
INFO: Run Behavior\BuildLiteBehavior [ RunTime:0.000044s ]
INFO: [ app_init ] --END-- [ RunTime:0.000791s ]
ERR: æ— æ³•åŠ è½½æ¨¡å—:Public

[ 2016-09-19T20:00:50+08:00 ] ::1 /knowledge_base/Public/bootstrap/css/bootstrap.css.map
INFO: [ app_init ] --START--
INFO: Run Behavior\BuildLiteBehavior [ RunTime:0.000048s ]
INFO: [ app_init ] --END-- [ RunTime:0.001386s ]
ERR: æ— æ³•åŠ è½½æ¨¡å—:Public

[ 2016-09-19T20:00:50+08:00 ] ::1 /knowledge_base/index.js.map
INFO: [ app_init ] --START--
INFO: Run Behavior\BuildLiteBehavior [ RunTime:0.000027s ]
INFO: [ app_init ] --END-- [ RunTime:0.000536s ]
ERR: æ— æ³•åŠ è½½æ¨¡å—:Index.js

[ 2016-09-19T20:02:29+08:00 ] ::1 /knowledge_base/Public/bootstrap/css/bootstrap.css.map
INFO: [ app_init ] --START--
INFO: Run Behavior\BuildLiteBehavior [ RunTime:0.000051s ]
INFO: [ app_init ] --END-- [ RunTime:0.000798s ]
ERR: æ— æ³•åŠ è½½æ¨¡å—:Public

[ 2016-09-19T20:02:29+08:00 ] ::1 /knowledge_base/Public/bootstrap/css/bootstrap-theme.css.map
INFO: [ app_init ] --START--
INFO: Run Behavior\BuildLiteBehavior [ RunTime:0.000026s ]
INFO: [ app_init ] --END-- [ RunTime:0.000526s ]
ERR: æ— æ³•åŠ è½½æ¨¡å—:Public

[ 2016-09-19T20:02:29+08:00 ] ::1 /knowledge_base/index.js.map
INFO: [ app_init ] --START--
INFO: Run Behavior\BuildLiteBehavior [ RunTime:0.000056s ]
INFO: [ app_init ] --END-- [ RunTime:0.000897s ]
ERR: æ— æ³•åŠ è½½æ¨¡å—:Index.js

[ 2016-09-19T20:02:49+08:00 ] ::1 /knowledge_base/Public/bootstrap/css/bootstrap-theme.css.map
INFO: [ app_init ] --START--
INFO: Run Behavior\BuildLiteBehavior [ RunTime:0.000049s ]
INFO: [ app_init ] --END-- [ RunTime:0.000754s ]
ERR: æ— æ³•åŠ è½½æ¨¡å—:Public

[ 2016-09-19T20:02:49+08:00 ] ::1 /knowledge_base/Public/bootstrap/css/bootstrap.css.map
INFO: [ app_init ] --START--
INFO: Run Behavior\BuildLiteBehavior [ RunTime:0.000046s ]
INFO: [ app_init ] --END-- [ RunTime:0.000955s ]
ERR: æ— æ³•åŠ è½½æ¨¡å—:Public

[ 2016-09-19T20:02:49+08:00 ] ::1 /knowledge_base/index.js.map
INFO: [ app_init ] --START--
INFO: Run Behavior\BuildLiteBehavior [ RunTime:0.000024s ]
INFO: [ app_init ] --END-- [ RunTime:0.000514s ]
ERR: æ— æ³•åŠ è½½æ¨¡å—:Index.js

[ 2016-09-19T20:07:30+08:00 ] ::1 /knowledge_base/Public/bootstrap/css/bootstrap-theme.css.map
INFO: [ app_init ] --START--
INFO: Run Behavior\BuildLiteBehavior [ RunTime:0.000025s ]
INFO: [ app_init ] --END-- [ RunTime:0.000549s ]
ERR: æ— æ³•åŠ è½½æ¨¡å—:Public

[ 2016-09-19T20:07:30+08:00 ] ::1 /knowledge_base/Public/bootstrap/css/bootstrap.css.map
INFO: [ app_init ] --START--
INFO: Run Behavior\BuildLiteBehavior [ RunTime:0.000029s ]
INFO: [ app_init ] --END-- [ RunTime:0.001017s ]
ERR: æ— æ³•åŠ è½½æ¨¡å—:Public

[ 2016-09-19T20:07:30+08:00 ] ::1 /knowledge_base/index.js.map
INFO: [ app_init ] --START--
INFO: Run Behavior\BuildLiteBehavior [ RunTime:0.000024s ]
INFO: [ app_init ] --END-- [ RunTime:0.000543s ]
ERR: æ— æ³•åŠ è½½æ¨¡å—:Index.js

[ 2016-09-19T20:14:33+08:00 ] ::1 /knowledge_base/Public/bootstrap/css/bootstrap-theme.css.map
INFO: [ app_init ] --START--
INFO: Run Behavior\BuildLiteBehavior [ RunTime:0.000046s ]
INFO: [ app_init ] --END-- [ RunTime:0.000847s ]
ERR: æ— æ³•åŠ è½½æ¨¡å—:Public

[ 2016-09-19T20:14:33+08:00 ] ::1 /knowledge_base/Public/bootstrap/css/bootstrap.css.map
INFO: [ app_init ] --START--
INFO: Run Behavior\BuildLiteBehavior [ RunTime:0.000043s ]
INFO: [ app_init ] --END-- [ RunTime:0.000894s ]
ERR: æ— æ³•åŠ è½½æ¨¡å—:Public

[ 2016-09-19T20:14:33+08:00 ] ::1 /knowledge_base/index.js.map
INFO: [ app_init ] --START--
INFO: Run Behavior\BuildLiteBehavior [ RunTime:0.000039s ]
INFO: [ app_init ] --END-- [ RunTime:0.000795s ]
ERR: æ— æ³•åŠ è½½æ¨¡å—:Index.js

[ 2016-09-19T20:33:15+08:00 ] ::1 /knowledge_base/Public/bootstrap/css/bootstrap-theme.css.map
INFO: [ app_init ] --START--
INFO: Run Behavior\BuildLiteBehavior [ RunTime:0.000044s ]
INFO: [ app_init ] --END-- [ RunTime:0.001007s ]
ERR: æ— æ³•åŠ è½½æ¨¡å—:Public

[ 2016-09-19T20:33:15+08:00 ] ::1 /knowledge_base/Public/bootstrap/css/bootstrap.css.map
INFO: [ app_init ] --START--
INFO: Run Behavior\BuildLiteBehavior [ RunTime:0.000039s ]
INFO: [ app_init ] --END-- [ RunTime:0.000821s ]
ERR: æ— æ³•åŠ è½½æ¨¡å—:Public

[ 2016-09-19T20:33:15+08:00 ] ::1 /knowledge_base/index.js.map
INFO: [ app_init ] --START--
INFO: Run Behavior\BuildLiteBehavior [ RunTime:0.000083s ]
INFO: [ app_init ] --END-- [ RunTime:0.001028s ]
ERR: æ— æ³•åŠ è½½æ¨¡å—:Index.js

[ 2016-09-19T20:34:01+08:00 ] ::1 /knowledge_base/Public/bootstrap/css/bootstrap-theme.css.map
INFO: [ app_init ] --START--
INFO: Run Behavior\BuildLiteBehavior [ RunTime:0.000043s ]
INFO: [ app_init ] --END-- [ RunTime:0.000903s ]
ERR: æ— æ³•åŠ è½½æ¨¡å—:Public

[ 2016-09-19T20:34:01+08:00 ] ::1 /knowledge_base/Public/bootstrap/css/bootstrap.css.map
INFO: [ app_init ] --START--
INFO: Run Behavior\BuildLiteBehavior [ RunTime:0.000040s ]
INFO: [ app_init ] --END-- [ RunTime:0.000869s ]
ERR: æ— æ³•åŠ è½½æ¨¡å—:Public

[ 2016-09-19T20:34:01+08:00 ] ::1 /knowledge_base/index.js.map
INFO: [ app_init ] --START--
INFO: Run Behavior\BuildLiteBehavior [ RunTime:0.000026s ]
INFO: [ app_init ] --END-- [ RunTime:0.000492s ]
ERR: æ— æ³•åŠ è½½æ¨¡å—:Index.js

[ 2016-09-19T20:49:36+08:00 ] ::1 /knowledge_base/Public/bootstrap/css/bootstrap.css.map
INFO: [ app_init ] --START--
INFO: Run Behavior\BuildLiteBehavior [ RunTime:0.000040s ]
INFO: [ app_init ] --END-- [ RunTime:0.000926s ]
ERR: æ— æ³•åŠ è½½æ¨¡å—:Public

[ 2016-09-19T20:49:36+08:00 ] ::1 /knowledge_base/Public/bootstrap/css/bootstrap-theme.css.map
INFO: [ app_init ] --START--
INFO: Run Behavior\BuildLiteBehavior [ RunTime:0.000047s ]
INFO: [ app_init ] --END-- [ RunTime:0.001003s ]
ERR: æ— æ³•åŠ è½½æ¨¡å—:Public

[ 2016-09-19T20:53:27+08:00 ] ::1 /knowledge_base/Public/bootstrap/css/bootstrap-theme.css.map
INFO: [ app_init ] --START--
INFO: Run Behavior\BuildLiteBehavior [ RunTime:0.000043s ]
INFO: [ app_init ] --END-- [ RunTime:0.000889s ]
ERR: æ— æ³•åŠ è½½æ¨¡å—:Public

[ 2016-09-19T20:53:27+08:00 ] ::1 /knowledge_base/Public/bootstrap/css/bootstrap.css.map
INFO: [ app_init ] --START--
INFO: Run Behavior\BuildLiteBehavior [ RunTime:0.005576s ]
INFO: [ app_init ] --END-- [ RunTime:0.007909s ]
ERR: æ— æ³•åŠ è½½æ¨¡å—:Public

[ 2016-09-19T20:53:32+08:00 ] ::1 /knowledge_base/Public/bootstrap/css/bootstrap-theme.css.map
INFO: [ app_init ] --START--
INFO: Run Behavior\BuildLiteBehavior [ RunTime:0.000049s ]
INFO: [ app_init ] --END-- [ RunTime:0.000989s ]
ERR: æ— æ³•åŠ è½½æ¨¡å—:Public

[ 2016-09-19T20:53:32+08:00 ] ::1 /knowledge_base/Public/bootstrap/css/bootstrap.css.map
INFO: [ app_init ] --START--
INFO: Run Behavior\BuildLiteBehavior [ RunTime:0.000055s ]
INFO: [ app_init ] --END-- [ RunTime:0.001414s ]
ERR: æ— æ³•åŠ è½½æ¨¡å—:Public

[ 2016-09-19T20:53:52+08:00 ] ::1 /knowledge_base/Public/bootstrap/css/bootstrap-theme.css.map
INFO: [ app_init ] --START--
INFO: Run Behavior\BuildLiteBehavior [ RunTime:0.000047s ]
INFO: [ app_init ] --END-- [ RunTime:0.001116s ]
ERR: æ— æ³•åŠ è½½æ¨¡å—:Public

[ 2016-09-19T20:53:52+08:00 ] ::1 /knowledge_base/Public/bootstrap/css/bootstrap.css.map
INFO: [ app_init ] --START--
INFO: Run Behavior\BuildLiteBehavior [ RunTime:0.000052s ]
INFO: [ app_init ] --END-- [ RunTime:0.001035s ]
ERR: æ— æ³•åŠ è½½æ¨¡å—:Public

[ 2016-09-19T20:54:16+08:00 ] ::1 /knowledge_base/Public/bootstrap/css/bootstrap.css.map
INFO: [ app_init ] --START--
INFO: Run Behavior\BuildLiteBehavior [ RunTime:0.000054s ]
INFO: [ app_init ] --END-- [ RunTime:0.001640s ]
ERR: æ— æ³•åŠ è½½æ¨¡å—:Public

[ 2016-09-19T20:54:16+08:00 ] ::1 /knowledge_base/Public/bootstrap/css/bootstrap-theme.css.map
INFO: [ app_init ] --START--
INFO: Run Behavior\BuildLiteBehavior [ RunTime:0.000045s ]
INFO: [ app_init ] --END-- [ RunTime:0.001228s ]
ERR: æ— æ³•åŠ è½½æ¨¡å—:Public

[ 2016-09-19T20:54:16+08:00 ] ::1 /knowledge_base/index.js.map
INFO: [ app_init ] --START--
INFO: Run Behavior\BuildLiteBehavior [ RunTime:0.000026s ]
INFO: [ app_init ] --END-- [ RunTime:0.000520s ]
ERR: æ— æ³•åŠ è½½æ¨¡å—:Index.js

[ 2016-09-19T20:55:38+08:00 ] ::1 /knowledge_base/Public/bootstrap/css/bootstrap.css.map
INFO: [ app_init ] --START--
INFO: Run Behavior\BuildLiteBehavior [ RunTime:0.000047s ]
INFO: [ app_init ] --END-- [ RunTime:0.000899s ]
ERR: æ— æ³•åŠ è½½æ¨¡å—:Public

[ 2016-09-19T20:55:38+08:00 ] ::1 /knowledge_base/Public/bootstrap/css/bootstrap-theme.css.map
INFO: [ app_init ] --START--
INFO: Run Behavior\BuildLiteBehavior [ RunTime:0.000044s ]
INFO: [ app_init ] --END-- [ RunTime:0.002715s ]
ERR: æ— æ³•åŠ è½½æ¨¡å—:Public

[ 2016-09-19T20:55:38+08:00 ] ::1 /knowledge_base/index.js.map
INFO: [ app_init ] --START--
INFO: Run Behavior\BuildLiteBehavior [ RunTime:0.000137s ]
INFO: [ app_init ] --END-- [ RunTime:0.002102s ]
ERR: æ— æ³•åŠ è½½æ¨¡å—:Index.js

[ 2016-09-19T20:55:39+08:00 ] ::1 /knowledge_base/hottest
INFO: [ app_init ] --START--
INFO: Run Behavior\BuildLiteBehavior [ RunTime:0.000023s ]
INFO: [ app_init ] --END-- [ RunTime:0.000587s ]
ERR: æ— æ³•åŠ è½½æ¨¡å—:Hottest

[ 2016-09-19T20:56:23+08:00 ] ::1 /knowledge_base/Public/bootstrap/css/bootstrap.css.map
INFO: [ app_init ] --START--
INFO: Run Behavior\BuildLiteBehavior [ RunTime:0.000049s ]
INFO: [ app_init ] --END-- [ RunTime:0.000901s ]
ERR: æ— æ³•åŠ è½½æ¨¡å—:Public

[ 2016-09-19T20:56:23+08:00 ] ::1 /knowledge_base/Public/bootstrap/css/bootstrap-theme.css.map
INFO: [ app_init ] --START--
INFO: Run Behavior\BuildLiteBehavior [ RunTime:0.000047s ]
INFO: [ app_init ] --END-- [ RunTime:0.000827s ]
ERR: æ— æ³•åŠ è½½æ¨¡å—:Public

[ 2016-09-19T20:56:23+08:00 ] ::1 /knowledge_base/index.js.map
INFO: [ app_init ] --START--
INFO: Run Behavior\BuildLiteBehavior [ RunTime:0.000025s ]
INFO: [ app_init ] --END-- [ RunTime:0.000501s ]
ERR: æ— æ³•åŠ è½½æ¨¡å—:Index.js

[ 2016-09-19T20:56:25+08:00 ] ::1 /knowledge_base/hottest
INFO: [ app_init ] --START--
INFO: Run Behavior\BuildLiteBehavior [ RunTime:0.000044s ]
INFO: [ app_init ] --END-- [ RunTime:0.000927s ]
ERR: æ— æ³•åŠ è½½æ¨¡å—:Hottest

[ 2016-09-19T20:57:05+08:00 ] ::1 /knowledge_base/Public/bootstrap/css/bootstrap-theme.css.map
INFO: [ app_init ] --START--
INFO: Run Behavior\BuildLiteBehavior [ RunTime:0.000051s ]
INFO: [ app_init ] --END-- [ RunTime:0.000963s ]
ERR: æ— æ³•åŠ è½½æ¨¡å—:Public

[ 2016-09-19T20:57:05+08:00 ] ::1 /knowledge_base/Public/bootstrap/css/bootstrap.css.map
INFO: [ app_init ] --START--
INFO: Run Behavior\BuildLiteBehavior [ RunTime:0.000052s ]
INFO: [ app_init ] --END-- [ RunTime:0.001076s ]
ERR: æ— æ³•åŠ è½½æ¨¡å—:Public

[ 2016-09-19T20:57:05+08:00 ] ::1 /knowledge_base/index.js.map
INFO: [ app_init ] --START--
INFO: Run Behavior\BuildLiteBehavior [ RunTime:0.000025s ]
INFO: [ app_init ] --END-- [ RunTime:0.000551s ]
ERR: æ— æ³•åŠ è½½æ¨¡å—:Index.js

[ 2016-09-19T20:57:06+08:00 ] ::1 /knowledge_base/hottest
INFO: [ app_init ] --START--
INFO: Run Behavior\BuildLiteBehavior [ RunTime:0.000035s ]
INFO: [ app_init ] --END-- [ RunTime:0.000672s ]
ERR: æ— æ³•åŠ è½½æ¨¡å—:Hottest

[ 2016-09-19T20:57:34+08:00 ] ::1 /knowledge_base/newest
INFO: [ app_init ] --START--
INFO: Run Behavior\BuildLiteBehavior [ RunTime:0.000067s ]
INFO: [ app_init ] --END-- [ RunTime:0.001876s ]
ERR: æ— æ³•åŠ è½½æ¨¡å—:Newest

[ 2016-09-19T20:57:44+08:00 ] ::1 /knowledge_base/Public/bootstrap/css/bootstrap-theme.css.map
INFO: [ app_init ] --START--
INFO: Run Behavior\BuildLiteBehavior [ RunTime:0.000026s ]
INFO: [ app_init ] --END-- [ RunTime:0.000564s ]
ERR: æ— æ³•åŠ è½½æ¨¡å—:Public

[ 2016-09-19T20:57:44+08:00 ] ::1 /knowledge_base/Public/bootstrap/css/bootstrap.css.map
INFO: [ app_init ] --START--
INFO: Run Behavior\BuildLiteBehavior [ RunTime:0.000077s ]
INFO: [ app_init ] --END-- [ RunTime:0.000940s ]
ERR: æ— æ³•åŠ è½½æ¨¡å—:Public

[ 2016-09-19T20:57:52+08:00 ] ::1 /knowledge_base/hottest
INFO: [ app_init ] --START--
INFO: Run Behavior\BuildLiteBehavior [ RunTime:0.000023s ]
INFO: [ app_init ] --END-- [ RunTime:0.000629s ]
ERR: æ— æ³•åŠ è½½æ¨¡å—:Hottest

[ 2016-09-19T20:57:57+08:00 ] ::1 /knowledge_base/newest
INFO: [ app_init ] --START--
INFO: Run Behavior\BuildLiteBehavior [ RunTime:0.000023s ]
INFO: [ app_init ] --END-- [ RunTime:0.000588s ]
ERR: æ— æ³•åŠ è½½æ¨¡å—:Newest

[ 2016-09-19T20:58:07+08:00 ] ::1 /knowledge_base/Public/bootstrap/css/bootstrap-theme.css.map
INFO: [ app_init ] --START--
INFO: Run Behavior\BuildLiteBehavior [ RunTime:0.000042s ]
INFO: [ app_init ] --END-- [ RunTime:0.000993s ]
ERR: æ— æ³•åŠ è½½æ¨¡å—:Public

[ 2016-09-19T20:58:07+08:00 ] ::1 /knowledge_base/Public/bootstrap/css/bootstrap.css.map
INFO: [ app_init ] --START--
INFO: Run Behavior\BuildLiteBehavior [ RunTime:0.000042s ]
INFO: [ app_init ] --END-- [ RunTime:0.000735s ]
ERR: æ— æ³•åŠ è½½æ¨¡å—:Public

[ 2016-09-19T21:03:21+08:00 ] ::1 /knowledge_base/Public/bootstrap/css/bootstrap-theme.css.map
INFO: [ app_init ] --START--
INFO: Run Behavior\BuildLiteBehavior [ RunTime:0.000061s ]
INFO: [ app_init ] --END-- [ RunTime:0.001052s ]
ERR: æ— æ³•åŠ è½½æ¨¡å—:Public

[ 2016-09-19T21:03:21+08:00 ] ::1 /knowledge_base/Public/bootstrap/css/bootstrap.css.map
INFO: [ app_init ] --START--
INFO: Run Behavior\BuildLiteBehavior [ RunTime:0.000090s ]
INFO: [ app_init ] --END-- [ RunTime:0.003348s ]
ERR: æ— æ³•åŠ è½½æ¨¡å—:Public

[ 2016-09-19T21:03:21+08:00 ] ::1 /knowledge_base/index.js.map
INFO: [ app_init ] --START--
INFO: Run Behavior\BuildLiteBehavior [ RunTime:0.000025s ]
INFO: [ app_init ] --END-- [ RunTime:0.000551s ]
ERR: æ— æ³•åŠ è½½æ¨¡å—:Index.js

[ 2016-09-19T21:03:23+08:00 ] ::1 /knowledge_base/hottest
INFO: [ app_init ] --START--
INFO: Run Behavior\BuildLiteBehavior [ RunTime:0.000380s ]
INFO: [ app_init ] --END-- [ RunTime:0.002586s ]
ERR: æ— æ³•åŠ è½½æ¨¡å—:Hottest

[ 2016-09-19T21:03:26+08:00 ] ::1 /knowledge_base/Public/bootstrap/css/bootstrap-theme.css.map
INFO: [ app_init ] --START--
INFO: Run Behavior\BuildLiteBehavior [ RunTime:0.000095s ]
INFO: [ app_init ] --END-- [ RunTime:0.001385s ]
ERR: æ— æ³•åŠ è½½æ¨¡å—:Public

[ 2016-09-19T21:03:26+08:00 ] ::1 /knowledge_base/Public/bootstrap/css/bootstrap.css.map
INFO: [ app_init ] --START--
INFO: Run Behavior\BuildLiteBehavior [ RunTime:0.000043s ]
INFO: [ app_init ] --END-- [ RunTime:0.000826s ]
ERR: æ— æ³•åŠ è½½æ¨¡å—:Public

[ 2016-09-19T21:03:32+08:00 ] ::1 /knowledge_base/hottest
INFO: [ app_init ] --START--
INFO: Run Behavior\BuildLiteBehavior [ RunTime:0.000042s ]
INFO: [ app_init ] --END-- [ RunTime:0.000810s ]
ERR: æ— æ³•åŠ è½½æ¨¡å—:Hottest

[ 2016-09-19T21:03:35+08:00 ] ::1 /knowledge_base/Public/bootstrap/css/bootstrap-theme.css.map
INFO: [ app_init ] --START--
INFO: Run Behavior\BuildLiteBehavior [ RunTime:0.000045s ]
INFO: [ app_init ] --END-- [ RunTime:0.000749s ]
ERR: æ— æ³•åŠ è½½æ¨¡å—:Public

[ 2016-09-19T21:03:35+08:00 ] ::1 /knowledge_base/Public/bootstrap/css/bootstrap.css.map
INFO: [ app_init ] --START--
INFO: Run Behavior\BuildLiteBehavior [ RunTime:0.000052s ]
INFO: [ app_init ] --END-- [ RunTime:0.001760s ]
ERR: æ— æ³•åŠ è½½æ¨¡å—:Public

[ 2016-09-19T21:05:52+08:00 ] ::1 /knowledge_base/Public/bootstrap/css/bootstrap-theme.css.map
INFO: [ app_init ] --START--
INFO: Run Behavior\BuildLiteBehavior [ RunTime:0.000056s ]
INFO: [ app_init ] --END-- [ RunTime:0.001153s ]
ERR: æ— æ³•åŠ è½½æ¨¡å—:Public

[ 2016-09-19T21:05:53+08:00 ] ::1 /knowledge_base/Public/bootstrap/css/bootstrap.css.map
INFO: [ app_init ] --START--
INFO: Run Behavior\BuildLiteBehavior [ RunTime:0.000041s ]
INFO: [ app_init ] --END-- [ RunTime:0.002861s ]
ERR: æ— æ³•åŠ è½½æ¨¡å—:Public

[ 2016-09-19T21:05:53+08:00 ] ::1 /knowledge_base/index.js.map
INFO: [ app_init ] --START--
INFO: Run Behavior\BuildLiteBehavior [ RunTime:0.000025s ]
INFO: [ app_init ] --END-- [ RunTime:0.000478s ]
ERR: æ— æ³•åŠ è½½æ¨¡å—:Index.js

[ 2016-09-19T21:05:55+08:00 ] ::1 /knowledge_base/Public/bootstrap/css/bootstrap.css.map
INFO: [ app_init ] --START--
INFO: Run Behavior\BuildLiteBehavior [ RunTime:0.000077s ]
INFO: [ app_init ] --END-- [ RunTime:0.001456s ]
ERR: æ— æ³•åŠ è½½æ¨¡å—:Public

[ 2016-09-19T21:05:55+08:00 ] ::1 /knowledge_base/Public/bootstrap/css/bootstrap-theme.css.map
INFO: [ app_init ] --START--
INFO: Run Behavior\BuildLiteBehavior [ RunTime:0.000054s ]
INFO: [ app_init ] --END-- [ RunTime:0.000997s ]
ERR: æ— æ³•åŠ è½½æ¨¡å—:Public

[ 2016-09-19T21:05:57+08:00 ] ::1 /knowledge_base/Public/bootstrap/css/bootstrap-theme.css.map
INFO: [ app_init ] --START--
INFO: Run Behavior\BuildLiteBehavior [ RunTime:0.000118s ]
INFO: [ app_init ] --END-- [ RunTime:0.001583s ]
ERR: æ— æ³•åŠ è½½æ¨¡å—:Public

[ 2016-09-19T21:05:57+08:00 ] ::1 /knowledge_base/Public/bootstrap/css/bootstrap.css.map
INFO: [ app_init ] --START--
INFO: Run Behavior\BuildLiteBehavior [ RunTime:0.000053s ]
INFO: [ app_init ] --END-- [ RunTime:0.002533s ]
ERR: æ— æ³•åŠ è½½æ¨¡å—:Public

[ 2016-09-19T21:06:03+08:00 ] ::1 /knowledge_base/Public/bootstrap/css/bootstrap.css.map
INFO: [ app_init ] --START--
INFO: Run Behavior\BuildLiteBehavior [ RunTime:0.000025s ]
INFO: [ app_init ] --END-- [ RunTime:0.000516s ]
ERR: æ— æ³•åŠ è½½æ¨¡å—:Public

[ 2016-09-19T21:06:03+08:00 ] ::1 /knowledge_base/Public/bootstrap/css/bootstrap-theme.css.map
INFO: [ app_init ] --START--
INFO: Run Behavior\BuildLiteBehavior [ RunTime:0.000025s ]
INFO: [ app_init ] --END-- [ RunTime:0.000538s ]
ERR: æ— æ³•åŠ è½½æ¨¡å—:Public

[ 2016-09-19T21:06:04+08:00 ] ::1 /knowledge_base/Public/bootstrap/css/bootstrap.css.map
INFO: [ app_init ] --START--
INFO: Run Behavior\BuildLiteBehavior [ RunTime:0.000043s ]
INFO: [ app_init ] --END-- [ RunTime:0.000606s ]
ERR: æ— æ³•åŠ è½½æ¨¡å—:Public

[ 2016-09-19T21:06:04+08:00 ] ::1 /knowledge_base/Public/bootstrap/css/bootstrap-theme.css.map
INFO: [ app_init ] --START--
INFO: Run Behavior\BuildLiteBehavior [ RunTime:0.000025s ]
INFO: [ app_init ] --END-- [ RunTime:0.000590s ]
ERR: æ— æ³•åŠ è½½æ¨¡å—:Public

[ 2016-09-19T21:06:05+08:00 ] ::1 /knowledge_base/Public/bootstrap/css/bootstrap.css.map
INFO: [ app_init ] --START--
INFO: Run Behavior\BuildLiteBehavior [ RunTime:0.000044s ]
INFO: [ app_init ] --END-- [ RunTime:0.000686s ]
ERR: æ— æ³•åŠ è½½æ¨¡å—:Public

[ 2016-09-19T21:06:05+08:00 ] ::1 /knowledge_base/Public/bootstrap/css/bootstrap-theme.css.map
INFO: [ app_init ] --START--
INFO: Run Behavior\BuildLiteBehavior [ RunTime:0.000025s ]
INFO: [ app_init ] --END-- [ RunTime:0.000574s ]
ERR: æ— æ³•åŠ è½½æ¨¡å—:Public

[ 2016-09-19T21:06:06+08:00 ] ::1 /knowledge_base/Public/bootstrap/css/bootstrap.css.map
INFO: [ app_init ] --START--
INFO: Run Behavior\BuildLiteBehavior [ RunTime:0.000047s ]
INFO: [ app_init ] --END-- [ RunTime:0.000863s ]
ERR: æ— æ³•åŠ è½½æ¨¡å—:Public

[ 2016-09-19T21:06:06+08:00 ] ::1 /knowledge_base/Public/bootstrap/css/bootstrap-theme.css.map
INFO: [ app_init ] --START--
INFO: Run Behavior\BuildLiteBehavior [ RunTime:0.000178s ]
INFO: [ app_init ] --END-- [ RunTime:0.001127s ]
ERR: æ— æ³•åŠ è½½æ¨¡å—:Public

[ 2016-09-19T21:06:07+08:00 ] ::1 /knowledge_base/Public/bootstrap/css/bootstrap-theme.css.map
INFO: [ app_init ] --START--
INFO: Run Behavior\BuildLiteBehavior [ RunTime:0.000065s ]
INFO: [ app_init ] --END-- [ RunTime:0.002870s ]
ERR: æ— æ³•åŠ è½½æ¨¡å—:Public

[ 2016-09-19T21:06:07+08:00 ] ::1 /knowledge_base/Public/bootstrap/css/bootstrap.css.map
INFO: [ app_init ] --START--
INFO: Run Behavior\BuildLiteBehavior [ RunTime:0.000510s ]
INFO: [ app_init ] --END-- [ RunTime:0.002533s ]
ERR: æ— æ³•åŠ è½½æ¨¡å—:Public

[ 2016-09-19T21:06:08+08:00 ] ::1 /knowledge_base/Public/bootstrap/css/bootstrap-theme.css.map
INFO: [ app_init ] --START--
INFO: Run Behavior\BuildLiteBehavior [ RunTime:0.000046s ]
INFO: [ app_init ] --END-- [ RunTime:0.000784s ]
ERR: æ— æ³•åŠ è½½æ¨¡å—:Public

[ 2016-09-19T21:06:08+08:00 ] ::1 /knowledge_base/Public/bootstrap/css/bootstrap.css.map
INFO: [ app_init ] --START--
INFO: Run Behavior\BuildLiteBehavior [ RunTime:0.000096s ]
INFO: [ app_init ] --END-- [ RunTime:0.001772s ]
ERR: æ— æ³•åŠ è½½æ¨¡å—:Public

[ 2016-09-19T21:06:09+08:00 ] ::1 /knowledge_base/Public/bootstrap/css/bootstrap.css.map
INFO: [ app_init ] --START--
INFO: Run Behavior\BuildLiteBehavior [ RunTime:0.000043s ]
INFO: [ app_init ] --END-- [ RunTime:0.000781s ]
ERR: æ— æ³•åŠ è½½æ¨¡å—:Public

[ 2016-09-19T21:06:09+08:00 ] ::1 /knowledge_base/Public/bootstrap/css/bootstrap-theme.css.map
INFO: [ app_init ] --START--
INFO: Run Behavior\BuildLiteBehavior [ RunTime:0.000080s ]
INFO: [ app_init ] --END-- [ RunTime:0.001817s ]
ERR: æ— æ³•åŠ è½½æ¨¡å—:Public

[ 2016-09-19T21:06:10+08:00 ] ::1 /knowledge_base/Public/bootstrap/css/bootstrap.css.map
INFO: [ app_init ] --START--
INFO: Run Behavior\BuildLiteBehavior [ RunTime:0.000222s ]
INFO: [ app_init ] --END-- [ RunTime:0.002366s ]
ERR: æ— æ³•åŠ è½½æ¨¡å—:Public

[ 2016-09-19T21:06:10+08:00 ] ::1 /knowledge_base/Public/bootstrap/css/bootstrap-theme.css.map
INFO: [ app_init ] --START--
INFO: Run Behavior\BuildLiteBehavior [ RunTime:0.000056s ]
INFO: [ app_init ] --END-- [ RunTime:0.003967s ]
ERR: æ— æ³•åŠ è½½æ¨¡å—:Public

[ 2016-09-19T21:06:11+08:00 ] ::1 /knowledge_base/Public/bootstrap/css/bootstrap.css.map
INFO: [ app_init ] --START--
INFO: Run Behavior\BuildLiteBehavior [ RunTime:0.000024s ]
INFO: [ app_init ] --END-- [ RunTime:0.000504s ]
ERR: æ— æ³•åŠ è½½æ¨¡å—:Public

[ 2016-09-19T21:06:11+08:00 ] ::1 /knowledge_base/Public/bootstrap/css/bootstrap-theme.css.map
INFO: [ app_init ] --START--
INFO: Run Behavior\BuildLiteBehavior [ RunTime:0.000154s ]
INFO: [ app_init ] --END-- [ RunTime:0.002019s ]
ERR: æ— æ³•åŠ è½½æ¨¡å—:Public

[ 2016-09-19T21:06:13+08:00 ] ::1 /knowledge_base/Public/bootstrap/css/bootstrap.css.map
INFO: [ app_init ] --START--
INFO: Run Behavior\BuildLiteBehavior [ RunTime:0.000051s ]
INFO: [ app_init ] --END-- [ RunTime:0.000961s ]
ERR: æ— æ³•åŠ è½½æ¨¡å—:Public

[ 2016-09-19T21:06:13+08:00 ] ::1 /knowledge_base/Public/bootstrap/css/bootstrap-theme.css.map
INFO: [ app_init ] --START--
INFO: Run Behavior\BuildLiteBehavior [ RunTime:0.000039s ]
INFO: [ app_init ] --END-- [ RunTime:0.000816s ]
ERR: æ— æ³•åŠ è½½æ¨¡å—:Public

[ 2016-09-19T21:06:14+08:00 ] ::1 /knowledge_base/Public/bootstrap/css/bootstrap.css.map
INFO: [ app_init ] --START--
INFO: Run Behavior\BuildLiteBehavior [ RunTime:0.000055s ]
INFO: [ app_init ] --END-- [ RunTime:0.001363s ]
ERR: æ— æ³•åŠ è½½æ¨¡å—:Public

[ 2016-09-19T21:06:14+08:00 ] ::1 /knowledge_base/Public/bootstrap/css/bootstrap-theme.css.map
INFO: [ app_init ] --START--
INFO: Run Behavior\BuildLiteBehavior [ RunTime:0.000044s ]
INFO: [ app_init ] --END-- [ RunTime:0.000941s ]
ERR: æ— æ³•åŠ è½½æ¨¡å—:Public

[ 2016-09-19T21:06:16+08:00 ] ::1 /knowledge_base/Public/bootstrap/css/bootstrap-theme.css.map
INFO: [ app_init ] --START--
INFO: Run Behavior\BuildLiteBehavior [ RunTime:0.000034s ]
INFO: [ app_init ] --END-- [ RunTime:0.000558s ]
ERR: æ— æ³•åŠ è½½æ¨¡å—:Public

[ 2016-09-19T21:06:16+08:00 ] ::1 /knowledge_base/Public/bootstrap/css/bootstrap.css.map
INFO: [ app_init ] --START--
INFO: Run Behavior\BuildLiteBehavior [ RunTime:0.000040s ]
INFO: [ app_init ] --END-- [ RunTime:0.000737s ]
ERR: æ— æ³•åŠ è½½æ¨¡å—:Public

[ 2016-09-19T21:06:16+08:00 ] ::1 /knowledge_base/Public/bootstrap/css/bootstrap-theme.css.map
INFO: [ app_init ] --START--
INFO: Run Behavior\BuildLiteBehavior [ RunTime:0.000042s ]
INFO: [ app_init ] --END-- [ RunTime:0.000753s ]
ERR: æ— æ³•åŠ è½½æ¨¡å—:Public

[ 2016-09-19T21:06:16+08:00 ] ::1 /knowledge_base/Public/bootstrap/css/bootstrap.css.map
INFO: [ app_init ] --START--
INFO: Run Behavior\BuildLiteBehavior [ RunTime:0.000103s ]
INFO: [ app_init ] --END-- [ RunTime:0.002182s ]
ERR: æ— æ³•åŠ è½½æ¨¡å—:Public

[ 2016-09-19T21:07:14+08:00 ] ::1 /knowledge_base/Public/bootstrap/css/bootstrap.css.map
INFO: [ app_init ] --START--
INFO: Run Behavior\BuildLiteBehavior [ RunTime:0.000039s ]
INFO: [ app_init ] --END-- [ RunTime:0.000765s ]
ERR: æ— æ³•åŠ è½½æ¨¡å—:Public

[ 2016-09-19T21:07:14+08:00 ] ::1 /knowledge_base/Public/bootstrap/css/bootstrap-theme.css.map
INFO: [ app_init ] --START--
INFO: Run Behavior\BuildLiteBehavior [ RunTime:0.000042s ]
INFO: [ app_init ] --END-- [ RunTime:0.000798s ]
ERR: æ— æ³•åŠ è½½æ¨¡å—:Public

[ 2016-09-19T21:07:18+08:00 ] ::1 /knowledge_base/Public/bootstrap/css/bootstrap.css.map
INFO: [ app_init ] --START--
INFO: Run Behavior\BuildLiteBehavior [ RunTime:0.000040s ]
INFO: [ app_init ] --END-- [ RunTime:0.000767s ]
ERR: æ— æ³•åŠ è½½æ¨¡å—:Public

[ 2016-09-19T21:07:18+08:00 ] ::1 /knowledge_base/Public/bootstrap/css/bootstrap-theme.css.map
INFO: [ app_init ] --START--
INFO: Run Behavior\BuildLiteBehavior [ RunTime:0.000048s ]
INFO: [ app_init ] --END-- [ RunTime:0.000839s ]
ERR: æ— æ³•åŠ è½½æ¨¡å—:Public

[ 2016-09-19T21:07:18+08:00 ] ::1 /knowledge_base/index.js.map
INFO: [ app_init ] --START--
INFO: Run Behavior\BuildLiteBehavior [ RunTime:0.000029s ]
INFO: [ app_init ] --END-- [ RunTime:0.000545s ]
ERR: æ— æ³•åŠ è½½æ¨¡å—:Index.js

[ 2016-09-19T21:07:19+08:00 ] ::1 /knowledge_base/hottest
INFO: [ app_init ] --START--
INFO: Run Behavior\BuildLiteBehavior [ RunTime:0.000056s ]
INFO: [ app_init ] --END-- [ RunTime:0.001285s ]
ERR: æ— æ³•åŠ è½½æ¨¡å—:Hottest

[ 2016-09-19T21:07:39+08:00 ] ::1 /knowledge_base/Public/bootstrap/css/bootstrap-theme.css.map
INFO: [ app_init ] --START--
INFO: Run Behavior\BuildLiteBehavior [ RunTime:0.000051s ]
INFO: [ app_init ] --END-- [ RunTime:0.001487s ]
ERR: æ— æ³•åŠ è½½æ¨¡å—:Public

[ 2016-09-19T21:07:39+08:00 ] ::1 /knowledge_base/Public/bootstrap/css/bootstrap.css.map
INFO: [ app_init ] --START--
INFO: Run Behavior\BuildLiteBehavior [ RunTime:0.000060s ]
INFO: [ app_init ] --END-- [ RunTime:0.001165s ]
ERR: æ— æ³•åŠ è½½æ¨¡å—:Public

[ 2016-09-19T21:07:39+08:00 ] ::1 /knowledge_base/index.js.map
INFO: [ app_init ] --START--
INFO: Run Behavior\BuildLiteBehavior [ RunTime:0.000044s ]
INFO: [ app_init ] --END-- [ RunTime:0.002291s ]
ERR: æ— æ³•åŠ è½½æ¨¡å—:Index.js

[ 2016-09-19T22:19:21+08:00 ] ::1 /knowledge_base/Public/bootstrap/css/bootstrap-theme.css.map
INFO: [ app_init ] --START--
INFO: Run Behavior\BuildLiteBehavior [ RunTime:0.000026s ]
INFO: [ app_init ] --END-- [ RunTime:0.000546s ]
ERR: æ— æ³•åŠ è½½æ¨¡å—:Public

[ 2016-09-19T22:19:21+08:00 ] ::1 /knowledge_base/index.js.map
INFO: [ app_init ] --START--
INFO: Run Behavior\BuildLiteBehavior [ RunTime:0.000023s ]
INFO: [ app_init ] --END-- [ RunTime:0.000734s ]
ERR: æ— æ³•åŠ è½½æ¨¡å—:Index.js

•åŠ è½½æ¨¡å—:Public

[ 2016-09-19T22:22:49+08:00 ] ::1 /knowledge_base/Public/bootstrap/css/bootstrap-theme.css.map
INFO: [ app_init ] --START--
INFO: Run Behavior\BuildLiteBehavior [ RunTime:0.000042s ]
INFO: [ app_init ] --END-- [ RunTime:0.000778s ]
ERR: æ— æ³•åŠ è½½æ¨¡å—:Public

[ 2016-09-19T22:22:49+08:00 ] ::1 /knowledge_base/Public/bootstrap/css/bootstrap.css.map
INFO: [ app_init ] --START--
INFO: Run Behavior\BuildLiteBehavior [ RunTime:0.000048s ]
INFO: [ app_init ] --END-- [ RunTime:0.002445s ]
ERR: æ— æ³•åŠ è½½æ¨¡å—:Public

[ 2016-09-19T22:22:49+08:00 ] ::1 /knowledge_base/index.js.map
INFO: [ app_init ] --START--
INFO: Run Behavior\BuildLiteBehavior [ RunTime:0.000032s ]
INFO: [ app_init ] --END-- [ RunTime:0.000648s ]
ERR: æ— æ³•åŠ è½½æ¨¡å—:Index.js

[ 2016-09-19T22:23:00+08:00 ] ::1 /knowledge_base/Public/bootstrap/css/bootstrap-theme.css.map
INFO: [ app_init ] --START--
INFO: Run Behavior\BuildLiteBehavior [ RunTime:0.000154s ]
INFO: [ app_init ] --END-- [ RunTime:0.002303s ]
ERR: æ— æ³•åŠ è½½æ¨¡å—:Public

[ 2016-09-19T22:23:00+08:00 ] ::1 /knowledge_base/Public/bootstrap/css/bootstrap.css.map
INFO: [ app_init ] --START--
INFO: Run Behavior\BuildLiteBehavior [ RunTime:0.000177s ]
INFO: [ app_init ] --END-- [ RunTime:0.001582s ]
ERR: æ— æ³•åŠ è½½æ¨¡å—:Public

[ 2016-09-19T22:35:49+08:00 ] ::1 /knowledge_base/Public/bootstrap/css/bootstrap-theme.css.map
INFO: [ app_init ] --START--
INFO: Run Behavior\BuildLiteBehavior [ RunTime:0.000025s ]
INFO: [ app_init ] --END-- [ RunTime:0.000598s ]
ERR: æ— æ³•åŠ è½½æ¨¡å—:Public

[ 2016-09-19T22:35:49+08:00 ] ::1 /knowledge_base/Public/bootstrap/css/bootstrap.css.map
INFO: [ app_init ] --START--
INFO: Run Behavior\BuildLiteBehavior [ RunTime:0.000062s ]
INFO: [ app_init ] --END-- [ RunTime:0.002417s ]
ERR: æ— æ³•åŠ è½½æ¨¡å—:Public

[ 2016-09-19T22:35:49+08:00 ] ::1 /knowledge_base/index.js.map
INFO: [ app_init ] --START--
INFO: Run Behavior\BuildLiteBehavior [ RunTime:0.000025s ]
INFO: [ app_init ] --END-- [ RunTime:0.000489s ]
ERR: æ— æ³•åŠ è½½æ¨¡å—:Index.js

[ 2016-09-19T22:35:52+08:00 ] ::1 /knowledge_base/Public/bootstrap/css/bootstrap-theme.css.map
INFO: [ app_init ] --START--
INFO: Run Behavior\BuildLiteBehavior [ RunTime:0.000051s ]
INFO: [ app_init ] --END-- [ RunTime:0.001094s ]
ERR: æ— æ³•åŠ è½½æ¨¡å—:Public

[ 2016-09-19T22:35:52+08:00 ] ::1 /knowledge_base/Public/bootstrap/css/bootstrap.css.map
INFO: [ app_init ] --START--
INFO: Run Behavior\BuildLiteBehavior [ RunTime:0.000050s ]
INFO: [ app_init ] --END-- [ RunTime:0.001044s ]
ERR: æ— æ³•åŠ è½½æ¨¡å—:Public

[ 2016-09-19T22:35:59+08:00 ] ::1 /knowledge_base/Public/bootstrap/css/bootstrap.css.map
INFO: [ app_init ] --START--
INFO: Run Behavior\BuildLiteBehavior [ RunTime:0.000049s ]
INFO: [ app_init ] --END-- [ RunTime:0.001020s ]
ERR: æ— æ³•åŠ è½½æ¨¡å—:Public

[ 2016-09-19T22:35:59+08:00 ] ::1 /knowledge_base/Public/bootstrap/css/bootstrap-theme.css.map
INFO: [ app_init ] --START--
INFO: Run Behavior\BuildLiteBehavior [ RunTime:0.000053s ]
INFO: [ app_init ] --END-- [ RunTime:0.002524s ]
ERR: æ— æ³•åŠ è½½æ¨¡å—:Public

[ 2016-09-19T22:35:59+08:00 ] ::1 /knowledge_base/index.js.map
INFO: [ app_init ] --START--
INFO: Run Behavior\BuildLiteBehavior [ RunTime:0.000023s ]
INFO: [ app_init ] --END-- [ RunTime:0.000524s ]
ERR: æ— æ³•åŠ è½½æ¨¡å—:Index.js

[ 2016-09-19T22:57:25+08:00 ] ::1 /knowledge_base/Public/bootstrap/css/bootstrap-theme.css.map
INFO: [ app_init ] --START--
INFO: Run Behavior\BuildLiteBehavior [ RunTime:0.000048s ]
INFO: [ app_init ] --END-- [ RunTime:0.001022s ]
ERR: æ— æ³•åŠ è½½æ¨¡å—:Public

[ 2016-09-19T22:57:25+08:00 ] ::1 /knowledge_base/Public/bootstrap/css/bootstrap.css.map
INFO: [ app_init ] --START--
INFO: Run Behavior\BuildLiteBehavior [ RunTime:0.000052s ]
INFO: [ app_init ] --END-- [ RunTime:0.001077s ]
ERR: æ— æ³•åŠ è½½æ¨¡å—:Public

[ 2016-09-19T22:57:25+08:00 ] ::1 /knowledge_base/index.js.map
INFO: [ app_init ] --START--
INFO: Run Behavior\BuildLiteBehavior [ RunTime:0.000024s ]
INFO: [ app_init ] --END-- [ RunTime:0.000486s ]
ERR: æ— æ³•åŠ è½½æ¨¡å—:Index.js

