[ 2016-08-27T03:54:55+08:00 ] ::1 /dcode/knowledge_base/index.php/Application/Home/common/css/main.css
INFO: [ app_init ] --START--
INFO: Run Behavior\BuildLiteBehavior [ RunTime:0.000044s ]
INFO: [ app_init ] --END-- [ RunTime:0.000955s ]
ERR: 无法加载模块:Application

[ 2016-08-27T03:54:55+08:00 ] ::1 /dcode/knowledge_base/index.php/Application/Home/common/js/function.js
INFO: [ app_init ] --START--
INFO: Run Behavior\BuildLiteBehavior [ RunTime:0.000044s ]
INFO: [ app_init ] --END-- [ RunTime:0.000833s ]
ERR: 无法加载模块:Application

[ 2016-08-27T03:59:30+08:00 ] ::1 /dcode/knowledge_base/index.php/Application/Home/common/css/main.css
INFO: [ app_init ] --START--
INFO: Run Behavior\BuildLiteBehavior [ RunTime:0.000042s ]
INFO: [ app_init ] --END-- [ RunTime:0.000807s ]
ERR: 无法加载模块:Application

[ 2016-08-27T03:59:30+08:00 ] ::1 /dcode/knowledge_base/index.php/Application/Home/common/js/function.js
INFO: [ app_init ] --START--
INFO: Run Behavior\BuildLiteBehavior [ RunTime:0.000043s ]
INFO: [ app_init ] --END-- [ RunTime:0.000800s ]
ERR: 无法加载模块:Application

[ 2016-08-27T04:00:47+08:00 ] ::1 /dcode/knowledge_base/index.php/Application/Home/common/css/main.css
INFO: [ app_init ] --START--
INFO: Run Behavior\BuildLiteBehavior [ RunTime:0.000027s ]
INFO: [ app_init ] --END-- [ RunTime:0.000562s ]
ERR: 无法加载模块:Application

[ 2016-08-27T04:00:47+08:00 ] ::1 /dcode/knowledge_base/index.php/Application/Home/common/js/function.js
INFO: [ app_init ] --START--
INFO: Run Behavior\BuildLiteBehavior [ RunTime:0.000060s ]
INFO: [ app_init ] --END-- [ RunTime:0.001136s ]
ERR: 无法加载模块:Application

[ 2016-08-27T04:00:57+08:00 ] ::1 /dcode/knowledge_base/index.php/Application/Home/common/css/main.css
INFO: [ app_init ] --START--
INFO: Run Behavior\BuildLiteBehavior [ RunTime:0.000039s ]
INFO: [ app_init ] --END-- [ RunTime:0.000939s ]
ERR: 无法加载模块:Application

[ 2016-08-27T04:00:57+08:00 ] ::1 /dcode/knowledge_base/index.php/Application/Home/common/js/function.js
INFO: [ app_init ] --START--
INFO: Run Behavior\BuildLiteBehavior [ RunTime:0.000042s ]
INFO: [ app_init ] --END-- [ RunTime:0.000766s ]
ERR: 无法加载模块:Application

[ 2016-08-27T04:01:25+08:00 ] ::1 /dcode/knowledge_base/index.php/Application/Home/common/css/main.css
INFO: [ app_init ] --START--
INFO: Run Behavior\BuildLiteBehavior [ RunTime:0.000035s ]
INFO: [ app_init ] --END-- [ RunTime:0.000821s ]
ERR: 无法加载模块:Application

[ 2016-08-27T04:01:25+08:00 ] ::1 /dcode/knowledge_base/index.php/Application/Home/common/js/function.js
INFO: [ app_init ] --START--
INFO: Run Behavior\BuildLiteBehavior [ RunTime:0.000038s ]
INFO: [ app_init ] --END-- [ RunTime:0.000683s ]
ERR: 无法加载模块:Application

[ 2016-08-27T04:01:37+08:00 ] ::1 /dcode/knowledge_base/index.php/Application/Home/common/css/main.css
INFO: [ app_init ] --START--
INFO: Run Behavior\BuildLiteBehavior [ RunTime:0.000026s ]
INFO: [ app_init ] --END-- [ RunTime:0.000524s ]
ERR: 无法加载模块:Application

[ 2016-08-27T04:01:37+08:00 ] ::1 /dcode/knowledge_base/index.php/Application/Home/common/js/function.js
INFO: [ app_init ] --START--
INFO: Run Behavior\BuildLiteBehavior [ RunTime:0.000024s ]
INFO: [ app_init ] --END-- [ RunTime:0.000432s ]
ERR: 无法加载模块:Application

